09-Mar-2019 12:59:28.190 信息 [main] org.apache.catalina.startup.VersionLoggerListener.log Server version:        Apache Tomcat/8.5.34
09-Mar-2019 12:59:28.194 信息 [main] org.apache.catalina.startup.VersionLoggerListener.log Server built:          Sep 4 2018 22:28:22 UTC
09-Mar-2019 12:59:28.196 信息 [main] org.apache.catalina.startup.VersionLoggerListener.log Server number:         8.5.34.0
09-Mar-2019 12:59:28.196 信息 [main] org.apache.catalina.startup.VersionLoggerListener.log OS Name:               Windows 10
09-Mar-2019 12:59:28.196 信息 [main] org.apache.catalina.startup.VersionLoggerListener.log OS Version:            10.0
09-Mar-2019 12:59:28.196 信息 [main] org.apache.catalina.startup.VersionLoggerListener.log Architecture:          amd64
09-Mar-2019 12:59:28.196 信息 [main] org.apache.catalina.startup.VersionLoggerListener.log Java Home:             C:\Program Files\Java\jdk1.8.0_191\jre
09-Mar-2019 12:59:28.197 信息 [main] org.apache.catalina.startup.VersionLoggerListener.log JVM Version:           1.8.0_191-b12
09-Mar-2019 12:59:28.200 信息 [main] org.apache.catalina.startup.VersionLoggerListener.log JVM Vendor:            Oracle Corporation
09-Mar-2019 12:59:28.200 信息 [main] org.apache.catalina.startup.VersionLoggerListener.log CATALINA_BASE:         C:\zwy\environment\Tomcat\apache-tomcat-8.5.34
09-Mar-2019 12:59:28.200 信息 [main] org.apache.catalina.startup.VersionLoggerListener.log CATALINA_HOME:         C:\zwy\environment\Tomcat\apache-tomcat-8.5.34
09-Mar-2019 12:59:28.200 信息 [main] org.apache.catalina.startup.VersionLoggerListener.log Command line argument: -Djava.util.logging.config.file=C:\zwy\environment\Tomcat\apache-tomcat-8.5.34\conf\logging.properties
09-Mar-2019 12:59:28.201 信息 [main] org.apache.catalina.startup.VersionLoggerListener.log Command line argument: -Djava.util.logging.manager=org.apache.juli.ClassLoaderLogManager
09-Mar-2019 12:59:28.201 信息 [main] org.apache.catalina.startup.VersionLoggerListener.log Command line argument: -Djdk.tls.ephemeralDHKeySize=2048
09-Mar-2019 12:59:28.201 信息 [main] org.apache.catalina.startup.VersionLoggerListener.log Command line argument: -Djava.protocol.handler.pkgs=org.apache.catalina.webresources
09-Mar-2019 12:59:28.201 信息 [main] org.apache.catalina.startup.VersionLoggerListener.log Command line argument: -Dignore.endorsed.dirs=
09-Mar-2019 12:59:28.201 信息 [main] org.apache.catalina.startup.VersionLoggerListener.log Command line argument: -Dcatalina.base=C:\zwy\environment\Tomcat\apache-tomcat-8.5.34
09-Mar-2019 12:59:28.202 信息 [main] org.apache.catalina.startup.VersionLoggerListener.log Command line argument: -Dcatalina.home=C:\zwy\environment\Tomcat\apache-tomcat-8.5.34
09-Mar-2019 12:59:28.202 信息 [main] org.apache.catalina.startup.VersionLoggerListener.log Command line argument: -Djava.io.tmpdir=C:\zwy\environment\Tomcat\apache-tomcat-8.5.34\temp
09-Mar-2019 12:59:28.202 信息 [main] org.apache.catalina.core.AprLifecycleListener.lifecycleEvent The APR based Apache Tomcat Native library which allows optimal performance in production environments was not found on the java.library.path: [C:\Program Files\Java\jdk1.8.0_191\bin;C:\WINDOWS\Sun\Java\bin;C:\WINDOWS\system32;C:\WINDOWS;C:\Program Files (x86)\NetSarang\Xshell 6\;C:\Program Files (x86)\Intel\iCLS Client\;C:\Program Files\Intel\iCLS Client\;C:\WINDOWS\system32;C:\WINDOWS;C:\WINDOWS\System32\Wbem;C:\WINDOWS\System32\WindowsPowerShell\v1.0\;C:\Program Files (x86)\Intel\Intel(R) Management Engine Components\DAL;C:\Program Files\Intel\Intel(R) Management Engine Components\DAL;C:\Program Files (x86)\Intel\Intel(R) Management Engine Components\IPT;C:\Program Files\Intel\Intel(R) Management Engine Components\IPT;C:\Program Files\Java\jdk1.8.0_191\bin;C:\zwy\environment\maven\apache-maven-3.5.4\bin;C:\zwy\environment\mysql\mysql-8.0.13-winx64\bin;C:\Program Files\TortoiseSVN\bin;C:\Program Files\Git\cmd;C:\Program Files\nodejs\;C:\WINDOWS\System32\OpenSSH\;C:\zwy\project\svn\zr\card_read\src\main\resources\termb.dll;C:\Program Files (x86)\sbt\bin;C:\Users\admin\AppData\Local\Microsoft\WindowsApps;C:\Users\admin\AppData\Roaming\npm;C:\Users\admin\.lein\bin;C:\zwy\project\svn\zr\card_read\src\main\resources\termb.dll;;.]
09-Mar-2019 12:59:28.365 信息 [main] org.apache.coyote.AbstractProtocol.init Initializing ProtocolHandler ["http-nio-8088"]
09-Mar-2019 12:59:28.786 信息 [main] org.apache.tomcat.util.net.NioSelectorPool.getSharedSelector Using a shared selector for servlet write/read
09-Mar-2019 12:59:28.795 信息 [main] org.apache.coyote.AbstractProtocol.init Initializing ProtocolHandler ["ajp-nio-8009"]
09-Mar-2019 12:59:28.798 信息 [main] org.apache.tomcat.util.net.NioSelectorPool.getSharedSelector Using a shared selector for servlet write/read
09-Mar-2019 12:59:28.799 信息 [main] org.apache.catalina.startup.Catalina.load Initialization processed in 1013 ms
09-Mar-2019 12:59:28.833 信息 [main] org.apache.catalina.core.StandardService.startInternal Starting service [Catalina]
09-Mar-2019 12:59:28.834 信息 [main] org.apache.catalina.core.StandardEngine.startInternal Starting Servlet Engine: Apache Tomcat/8.5.34
09-Mar-2019 12:59:29.137 信息 [localhost-startStop-1] org.apache.catalina.startup.HostConfig.deployWAR Deploying web application archive [C:\zwy\environment\Tomcat\apache-tomcat-8.5.34\webapps\zrtjoa.war]
09-Mar-2019 12:59:35.229 信息 [localhost-startStop-1] org.apache.jasper.servlet.TldScanner.scanJars At least one JAR was scanned for TLDs yet contained no TLDs. Enable debug logging for this logger for a complete list of JARs that were scanned but no TLDs were found in them. Skipping unneeded JARs during scanning can improve startup time and JSP compilation time.
09-Mar-2019 12:59:45.404 信息 [localhost-startStop-1] org.apache.catalina.startup.HostConfig.deployWAR Deployment of web application archive [C:\zwy\environment\Tomcat\apache-tomcat-8.5.34\webapps\zrtjoa.war] has finished in [16,263] ms
09-Mar-2019 12:59:45.407 信息 [localhost-startStop-1] org.apache.catalina.startup.HostConfig.deployDirectory Deploying web application directory [C:\zwy\environment\Tomcat\apache-tomcat-8.5.34\webapps\docs]
09-Mar-2019 12:59:45.506 信息 [localhost-startStop-1] org.apache.catalina.startup.HostConfig.deployDirectory Deployment of web application directory [C:\zwy\environment\Tomcat\apache-tomcat-8.5.34\webapps\docs] has finished in [99] ms
09-Mar-2019 12:59:45.507 信息 [localhost-startStop-1] org.apache.catalina.startup.HostConfig.deployDirectory Deploying web application directory [C:\zwy\environment\Tomcat\apache-tomcat-8.5.34\webapps\examples]
09-Mar-2019 12:59:46.274 信息 [localhost-startStop-1] org.apache.catalina.startup.HostConfig.deployDirectory Deployment of web application directory [C:\zwy\environment\Tomcat\apache-tomcat-8.5.34\webapps\examples] has finished in [766] ms
09-Mar-2019 12:59:46.274 信息 [localhost-startStop-1] org.apache.catalina.startup.HostConfig.deployDirectory Deploying web application directory [C:\zwy\environment\Tomcat\apache-tomcat-8.5.34\webapps\host-manager]
09-Mar-2019 12:59:46.326 信息 [localhost-startStop-1] org.apache.catalina.startup.HostConfig.deployDirectory Deployment of web application directory [C:\zwy\environment\Tomcat\apache-tomcat-8.5.34\webapps\host-manager] has finished in [52] ms
09-Mar-2019 12:59:46.327 信息 [localhost-startStop-1] org.apache.catalina.startup.HostConfig.deployDirectory Deploying web application directory [C:\zwy\environment\Tomcat\apache-tomcat-8.5.34\webapps\manager]
09-Mar-2019 12:59:46.378 信息 [localhost-startStop-1] org.apache.catalina.startup.HostConfig.deployDirectory Deployment of web application directory [C:\zwy\environment\Tomcat\apache-tomcat-8.5.34\webapps\manager] has finished in [52] ms
09-Mar-2019 12:59:46.444 信息 [main] org.apache.coyote.AbstractProtocol.start Starting ProtocolHandler ["http-nio-8088"]
09-Mar-2019 12:59:46.462 信息 [main] org.apache.coyote.AbstractProtocol.start Starting ProtocolHandler ["ajp-nio-8009"]
09-Mar-2019 12:59:46.467 信息 [main] org.apache.catalina.startup.Catalina.start Server startup in 17668 ms
09-Mar-2019 13:00:23.765 信息 [main] org.apache.catalina.core.StandardServer.await A valid shutdown command was received via the shutdown port. Stopping the Server instance.
09-Mar-2019 13:00:30.689 信息 [main] org.apache.coyote.AbstractProtocol.pause Pausing ProtocolHandler ["http-nio-8088"]
09-Mar-2019 13:00:31.131 信息 [main] org.apache.coyote.AbstractProtocol.pause Pausing ProtocolHandler ["ajp-nio-8009"]
09-Mar-2019 13:00:31.552 信息 [main] org.apache.catalina.core.StandardService.stopInternal Stopping service [Catalina]
09-Mar-2019 13:00:31.628 警告 [localhost-startStop-2] org.apache.catalina.loader.WebappClassLoaderBase.clearReferencesJdbc The web application [zrtjoa] registered the JDBC driver [com.mysql.cj.jdbc.Driver] but failed to unregister it when the web application was stopped. To prevent a memory leak, the JDBC Driver has been forcibly unregistered.
09-Mar-2019 13:00:31.629 警告 [localhost-startStop-2] org.apache.catalina.loader.WebappClassLoaderBase.clearReferencesThreads The web application [zrtjoa] appears to have started a thread named [Abandoned connection cleanup thread] but has failed to stop it. This is very likely to create a memory leak. Stack trace of thread:
 java.lang.Object.wait(Native Method)
 java.lang.ref.ReferenceQueue.remove(ReferenceQueue.java:144)
 com.mysql.cj.jdbc.AbandonedConnectionCleanupThread.run(AbandonedConnectionCleanupThread.java:70)
 java.util.concurrent.ThreadPoolExecutor.runWorker(ThreadPoolExecutor.java:1149)
 java.util.concurrent.ThreadPoolExecutor$Worker.run(ThreadPoolExecutor.java:624)
 java.lang.Thread.run(Thread.java:748)
09-Mar-2019 13:00:31.631 警告 [localhost-startStop-2] org.apache.catalina.loader.WebappClassLoaderBase.clearReferencesThreads The web application [zrtjoa] appears to have started a thread named [Timer-0] but has failed to stop it. This is very likely to create a memory leak. Stack trace of thread:
 java.lang.Object.wait(Native Method)
 java.lang.Object.wait(Object.java:502)
 java.util.TimerThread.mainLoop(Timer.java:526)
 java.util.TimerThread.run(Timer.java:505)
09-Mar-2019 13:00:31.639 信息 [main] org.apache.coyote.AbstractProtocol.stop Stopping ProtocolHandler ["http-nio-8088"]
09-Mar-2019 13:00:31.644 信息 [main] org.apache.coyote.AbstractProtocol.stop Stopping ProtocolHandler ["ajp-nio-8009"]
09-Mar-2019 13:00:31.647 信息 [main] org.apache.coyote.AbstractProtocol.destroy Destroying ProtocolHandler ["http-nio-8088"]
09-Mar-2019 13:00:31.648 信息 [main] org.apache.coyote.AbstractProtocol.destroy Destroying ProtocolHandler ["ajp-nio-8009"]
09-Mar-2019 13:00:35.628 信息 [main] org.apache.catalina.startup.VersionLoggerListener.log Server version:        Apache Tomcat/8.5.34
09-Mar-2019 13:00:35.632 信息 [main] org.apache.catalina.startup.VersionLoggerListener.log Server built:          Sep 4 2018 22:28:22 UTC
09-Mar-2019 13:00:35.632 信息 [main] org.apache.catalina.startup.VersionLoggerListener.log Server number:         8.5.34.0
09-Mar-2019 13:00:35.632 信息 [main] org.apache.catalina.startup.VersionLoggerListener.log OS Name:               Windows 10
09-Mar-2019 13:00:35.633 信息 [main] org.apache.catalina.startup.VersionLoggerListener.log OS Version:            10.0
09-Mar-2019 13:00:35.633 信息 [main] org.apache.catalina.startup.VersionLoggerListener.log Architecture:          amd64
09-Mar-2019 13:00:35.633 信息 [main] org.apache.catalina.startup.VersionLoggerListener.log Java Home:             C:\Program Files\Java\jdk1.8.0_191\jre
09-Mar-2019 13:00:35.633 信息 [main] org.apache.catalina.startup.VersionLoggerListener.log JVM Version:           1.8.0_191-b12
09-Mar-2019 13:00:35.636 信息 [main] org.apache.catalina.startup.VersionLoggerListener.log JVM Vendor:            Oracle Corporation
09-Mar-2019 13:00:35.636 信息 [main] org.apache.catalina.startup.VersionLoggerListener.log CATALINA_BASE:         C:\zwy\environment\Tomcat\apache-tomcat-8.5.34
09-Mar-2019 13:00:35.636 信息 [main] org.apache.catalina.startup.VersionLoggerListener.log CATALINA_HOME:         C:\zwy\environment\Tomcat\apache-tomcat-8.5.34
09-Mar-2019 13:00:35.637 信息 [main] org.apache.catalina.startup.VersionLoggerListener.log Command line argument: -Djava.util.logging.config.file=C:\zwy\environment\Tomcat\apache-tomcat-8.5.34\conf\logging.properties
09-Mar-2019 13:00:35.637 信息 [main] org.apache.catalina.startup.VersionLoggerListener.log Command line argument: -Djava.util.logging.manager=org.apache.juli.ClassLoaderLogManager
09-Mar-2019 13:00:35.637 信息 [main] org.apache.catalina.startup.VersionLoggerListener.log Command line argument: -Djdk.tls.ephemeralDHKeySize=2048
09-Mar-2019 13:00:35.637 信息 [main] org.apache.catalina.startup.VersionLoggerListener.log Command line argument: -Djava.protocol.handler.pkgs=org.apache.catalina.webresources
09-Mar-2019 13:00:35.637 信息 [main] org.apache.catalina.startup.VersionLoggerListener.log Command line argument: -Dignore.endorsed.dirs=
09-Mar-2019 13:00:35.638 信息 [main] org.apache.catalina.startup.VersionLoggerListener.log Command line argument: -Dcatalina.base=C:\zwy\environment\Tomcat\apache-tomcat-8.5.34
09-Mar-2019 13:00:35.638 信息 [main] org.apache.catalina.startup.VersionLoggerListener.log Command line argument: -Dcatalina.home=C:\zwy\environment\Tomcat\apache-tomcat-8.5.34
09-Mar-2019 13:00:35.638 信息 [main] org.apache.catalina.startup.VersionLoggerListener.log Command line argument: -Djava.io.tmpdir=C:\zwy\environment\Tomcat\apache-tomcat-8.5.34\temp
09-Mar-2019 13:00:35.638 信息 [main] org.apache.catalina.core.AprLifecycleListener.lifecycleEvent The APR based Apache Tomcat Native library which allows optimal performance in production environments was not found on the java.library.path: [C:\Program Files\Java\jdk1.8.0_191\bin;C:\WINDOWS\Sun\Java\bin;C:\WINDOWS\system32;C:\WINDOWS;C:\Program Files (x86)\NetSarang\Xshell 6\;C:\Program Files (x86)\Intel\iCLS Client\;C:\Program Files\Intel\iCLS Client\;C:\WINDOWS\system32;C:\WINDOWS;C:\WINDOWS\System32\Wbem;C:\WINDOWS\System32\WindowsPowerShell\v1.0\;C:\Program Files (x86)\Intel\Intel(R) Management Engine Components\DAL;C:\Program Files\Intel\Intel(R) Management Engine Components\DAL;C:\Program Files (x86)\Intel\Intel(R) Management Engine Components\IPT;C:\Program Files\Intel\Intel(R) Management Engine Components\IPT;C:\Program Files\Java\jdk1.8.0_191\bin;C:\zwy\environment\maven\apache-maven-3.5.4\bin;C:\zwy\environment\mysql\mysql-8.0.13-winx64\bin;C:\Program Files\TortoiseSVN\bin;C:\Program Files\Git\cmd;C:\Program Files\nodejs\;C:\WINDOWS\System32\OpenSSH\;C:\zwy\project\svn\zr\card_read\src\main\resources\termb.dll;C:\Program Files (x86)\sbt\bin;C:\Users\admin\AppData\Local\Microsoft\WindowsApps;C:\Users\admin\AppData\Roaming\npm;C:\Users\admin\.lein\bin;C:\zwy\project\svn\zr\card_read\src\main\resources\termb.dll;;.]
09-Mar-2019 13:00:35.794 信息 [main] org.apache.coyote.AbstractProtocol.init Initializing ProtocolHandler ["http-nio-8088"]
09-Mar-2019 13:00:36.218 信息 [main] org.apache.tomcat.util.net.NioSelectorPool.getSharedSelector Using a shared selector for servlet write/read
09-Mar-2019 13:00:36.226 信息 [main] org.apache.coyote.AbstractProtocol.init Initializing ProtocolHandler ["ajp-nio-8009"]
09-Mar-2019 13:00:36.228 信息 [main] org.apache.tomcat.util.net.NioSelectorPool.getSharedSelector Using a shared selector for servlet write/read
09-Mar-2019 13:00:36.228 信息 [main] org.apache.catalina.startup.Catalina.load Initialization processed in 986 ms
09-Mar-2019 13:00:36.258 信息 [main] org.apache.catalina.core.StandardService.startInternal Starting service [Catalina]
09-Mar-2019 13:00:36.259 信息 [main] org.apache.catalina.core.StandardEngine.startInternal Starting Servlet Engine: Apache Tomcat/8.5.34
09-Mar-2019 13:00:41.103 信息 [localhost-startStop-1] org.apache.jasper.servlet.TldScanner.scanJars At least one JAR was scanned for TLDs yet contained no TLDs. Enable debug logging for this logger for a complete list of JARs that were scanned but no TLDs were found in them. Skipping unneeded JARs during scanning can improve startup time and JSP compilation time.
09-Mar-2019 13:00:49.452 信息 [localhost-startStop-1] org.apache.catalina.startup.HostConfig.deployWAR Deploying web application archive [C:\zwy\environment\Tomcat\apache-tomcat-8.5.34\webapps\zrtjoa.war]
09-Mar-2019 13:00:55.504 信息 [localhost-startStop-1] org.apache.jasper.servlet.TldScanner.scanJars At least one JAR was scanned for TLDs yet contained no TLDs. Enable debug logging for this logger for a complete list of JARs that were scanned but no TLDs were found in them. Skipping unneeded JARs during scanning can improve startup time and JSP compilation time.
09-Mar-2019 13:01:03.698 信息 [localhost-startStop-1] org.apache.catalina.startup.HostConfig.deployWAR Deployment of web application archive [C:\zwy\environment\Tomcat\apache-tomcat-8.5.34\webapps\zrtjoa.war] has finished in [14,244] ms
09-Mar-2019 13:01:03.701 信息 [localhost-startStop-1] org.apache.catalina.startup.HostConfig.deployDirectory Deploying web application directory [C:\zwy\environment\Tomcat\apache-tomcat-8.5.34\webapps\docs]
09-Mar-2019 13:01:03.738 信息 [localhost-startStop-1] org.apache.catalina.startup.HostConfig.deployDirectory Deployment of web application directory [C:\zwy\environment\Tomcat\apache-tomcat-8.5.34\webapps\docs] has finished in [38] ms
09-Mar-2019 13:01:03.739 信息 [localhost-startStop-1] org.apache.catalina.startup.HostConfig.deployDirectory Deploying web application directory [C:\zwy\environment\Tomcat\apache-tomcat-8.5.34\webapps\examples]
09-Mar-2019 13:01:04.096 信息 [localhost-startStop-1] org.apache.catalina.startup.HostConfig.deployDirectory Deployment of web application directory [C:\zwy\environment\Tomcat\apache-tomcat-8.5.34\webapps\examples] has finished in [356] ms
09-Mar-2019 13:01:04.096 信息 [localhost-startStop-1] org.apache.catalina.startup.HostConfig.deployDirectory Deploying web application directory [C:\zwy\environment\Tomcat\apache-tomcat-8.5.34\webapps\host-manager]
09-Mar-2019 13:01:04.137 信息 [localhost-startStop-1] org.apache.catalina.startup.HostConfig.deployDirectory Deployment of web application directory [C:\zwy\environment\Tomcat\apache-tomcat-8.5.34\webapps\host-manager] has finished in [41] ms
09-Mar-2019 13:01:04.137 信息 [localhost-startStop-1] org.apache.catalina.startup.HostConfig.deployDirectory Deploying web application directory [C:\zwy\environment\Tomcat\apache-tomcat-8.5.34\webapps\manager]
09-Mar-2019 13:01:04.170 信息 [localhost-startStop-1] org.apache.catalina.startup.HostConfig.deployDirectory Deployment of web application directory [C:\zwy\environment\Tomcat\apache-tomcat-8.5.34\webapps\manager] has finished in [33] ms
09-Mar-2019 13:01:04.175 信息 [main] org.apache.coyote.AbstractProtocol.start Starting ProtocolHandler ["http-nio-8088"]
09-Mar-2019 13:01:04.186 信息 [main] org.apache.coyote.AbstractProtocol.start Starting ProtocolHandler ["ajp-nio-8009"]
09-Mar-2019 13:01:04.188 信息 [main] org.apache.catalina.startup.Catalina.start Server startup in 27959 ms
09-Mar-2019 13:27:09.604 警告 [main] org.apache.catalina.core.StandardServer.await StandardServer.await: Invalid command '' received
09-Mar-2019 13:27:25.095 警告 [main] org.apache.catalina.core.StandardServer.await StandardServer.await: Invalid command '' received
09-Mar-2019 13:48:03.487 警告 [main] org.apache.catalina.core.StandardServer.await StandardServer.await: Invalid command '' received
09-Mar-2019 13:52:36.416 警告 [main] org.apache.catalina.core.StandardServer.await StandardServer.await: Invalid command '' received
09-Mar-2019 13:53:37.428 警告 [main] org.apache.catalina.core.StandardServer.await StandardServer.await: Invalid command '' received
09-Mar-2019 14:12:41.397 警告 [main] org.apache.catalina.core.StandardServer.await StandardServer.await: Invalid command '' received
09-Mar-2019 14:19:59.232 警告 [main] org.apache.catalina.core.StandardServer.await StandardServer.await: Invalid command '' received
09-Mar-2019 14:32:37.365 警告 [main] org.apache.catalina.core.StandardServer.await StandardServer.await: Invalid command '' received
09-Mar-2019 14:34:33.777 警告 [main] org.apache.catalina.core.StandardServer.await StandardServer.await: Invalid command '' received
09-Mar-2019 14:38:07.182 警告 [main] org.apache.catalina.core.StandardServer.await StandardServer.await: Invalid command '' received
09-Mar-2019 14:39:13.842 警告 [main] org.apache.catalina.core.StandardServer.await StandardServer.await: Invalid command '' received
09-Mar-2019 14:42:39.073 警告 [main] org.apache.catalina.core.StandardServer.await StandardServer.await: Invalid command '' received
09-Mar-2019 14:45:37.688 警告 [main] org.apache.catalina.core.StandardServer.await StandardServer.await: Invalid command '' received
09-Mar-2019 14:45:55.417 警告 [main] org.apache.catalina.core.StandardServer.await StandardServer.await: Invalid command '' received
09-Mar-2019 14:48:30.279 警告 [main] org.apache.catalina.core.StandardServer.await StandardServer.await: Invalid command '' received
09-Mar-2019 14:52:37.735 警告 [main] org.apache.catalina.core.StandardServer.await StandardServer.await: Invalid command '' received
09-Mar-2019 14:56:57.669 警告 [main] org.apache.catalina.core.StandardServer.await StandardServer.await: Invalid command '' received
09-Mar-2019 16:39:33.688 警告 [main] org.apache.catalina.core.StandardServer.await StandardServer.await: Invalid command '' received
09-Mar-2019 16:53:27.061 警告 [main] org.apache.catalina.core.StandardServer.await StandardServer.await: Invalid command '' received
09-Mar-2019 16:56:01.781 警告 [main] org.apache.catalina.core.StandardServer.await StandardServer.await: Invalid command '' received
