11-Mar-2019 09:06:10.367 信息 [main] org.apache.catalina.startup.VersionLoggerListener.log Server version:        Apache Tomcat/8.5.34
11-Mar-2019 09:06:10.367 信息 [main] org.apache.catalina.startup.VersionLoggerListener.log Server built:          Sep 4 2018 22:28:22 UTC
11-Mar-2019 09:06:10.382 信息 [main] org.apache.catalina.startup.VersionLoggerListener.log Server number:         8.5.34.0
11-Mar-2019 09:06:10.382 信息 [main] org.apache.catalina.startup.VersionLoggerListener.log OS Name:               Windows 10
11-Mar-2019 09:06:10.382 信息 [main] org.apache.catalina.startup.VersionLoggerListener.log OS Version:            10.0
11-Mar-2019 09:06:10.382 信息 [main] org.apache.catalina.startup.VersionLoggerListener.log Architecture:          amd64
11-Mar-2019 09:06:10.382 信息 [main] org.apache.catalina.startup.VersionLoggerListener.log Java Home:             C:\Program Files\Java\jdk1.8.0_191\jre
11-Mar-2019 09:06:10.382 信息 [main] org.apache.catalina.startup.VersionLoggerListener.log JVM Version:           1.8.0_191-b12
11-Mar-2019 09:06:10.382 信息 [main] org.apache.catalina.startup.VersionLoggerListener.log JVM Vendor:            Oracle Corporation
11-Mar-2019 09:06:10.382 信息 [main] org.apache.catalina.startup.VersionLoggerListener.log CATALINA_BASE:         C:\zwy\environment\Tomcat\apache-tomcat-8.5.34
11-Mar-2019 09:06:10.382 信息 [main] org.apache.catalina.startup.VersionLoggerListener.log CATALINA_HOME:         C:\zwy\environment\Tomcat\apache-tomcat-8.5.34
11-Mar-2019 09:06:10.382 信息 [main] org.apache.catalina.startup.VersionLoggerListener.log Command line argument: -Djava.util.logging.config.file=C:\zwy\environment\Tomcat\apache-tomcat-8.5.34\conf\logging.properties
11-Mar-2019 09:06:10.382 信息 [main] org.apache.catalina.startup.VersionLoggerListener.log Command line argument: -Djava.util.logging.manager=org.apache.juli.ClassLoaderLogManager
11-Mar-2019 09:06:10.382 信息 [main] org.apache.catalina.startup.VersionLoggerListener.log Command line argument: -Djdk.tls.ephemeralDHKeySize=2048
11-Mar-2019 09:06:10.382 信息 [main] org.apache.catalina.startup.VersionLoggerListener.log Command line argument: -Djava.protocol.handler.pkgs=org.apache.catalina.webresources
11-Mar-2019 09:06:10.382 信息 [main] org.apache.catalina.startup.VersionLoggerListener.log Command line argument: -Dignore.endorsed.dirs=
11-Mar-2019 09:06:10.382 信息 [main] org.apache.catalina.startup.VersionLoggerListener.log Command line argument: -Dcatalina.base=C:\zwy\environment\Tomcat\apache-tomcat-8.5.34
11-Mar-2019 09:06:10.382 信息 [main] org.apache.catalina.startup.VersionLoggerListener.log Command line argument: -Dcatalina.home=C:\zwy\environment\Tomcat\apache-tomcat-8.5.34
11-Mar-2019 09:06:10.382 信息 [main] org.apache.catalina.startup.VersionLoggerListener.log Command line argument: -Djava.io.tmpdir=C:\zwy\environment\Tomcat\apache-tomcat-8.5.34\temp
11-Mar-2019 09:06:10.382 信息 [main] org.apache.catalina.core.AprLifecycleListener.lifecycleEvent The APR based Apache Tomcat Native library which allows optimal performance in production environments was not found on the java.library.path: [C:\Program Files\Java\jdk1.8.0_191\bin;C:\WINDOWS\Sun\Java\bin;C:\WINDOWS\system32;C:\WINDOWS;C:\Program Files (x86)\NetSarang\Xshell 6\;C:\Program Files (x86)\Intel\iCLS Client\;C:\Program Files\Intel\iCLS Client\;C:\WINDOWS\system32;C:\WINDOWS;C:\WINDOWS\System32\Wbem;C:\WINDOWS\System32\WindowsPowerShell\v1.0\;C:\Program Files (x86)\Intel\Intel(R) Management Engine Components\DAL;C:\Program Files\Intel\Intel(R) Management Engine Components\DAL;C:\Program Files (x86)\Intel\Intel(R) Management Engine Components\IPT;C:\Program Files\Intel\Intel(R) Management Engine Components\IPT;C:\Program Files\Java\jdk1.8.0_191\bin;C:\zwy\environment\maven\apache-maven-3.5.4\bin;C:\zwy\environment\mysql\mysql-8.0.13-winx64\bin;C:\Program Files\TortoiseSVN\bin;C:\Program Files\Git\cmd;C:\Program Files\nodejs\;C:\WINDOWS\System32\OpenSSH\;C:\zwy\project\svn\zr\card_read\src\main\resources\termb.dll;C:\Program Files (x86)\sbt\bin;C:\Users\admin\AppData\Local\Microsoft\WindowsApps;C:\Users\admin\AppData\Roaming\npm;C:\Users\admin\.lein\bin;C:\zwy\project\svn\zr\card_read\src\main\resources\termb.dll;;.]
11-Mar-2019 09:06:10.652 信息 [main] org.apache.coyote.AbstractProtocol.init Initializing ProtocolHandler ["http-nio-8088"]
11-Mar-2019 09:06:11.312 信息 [main] org.apache.tomcat.util.net.NioSelectorPool.getSharedSelector Using a shared selector for servlet write/read
11-Mar-2019 09:06:11.327 信息 [main] org.apache.coyote.AbstractProtocol.init Initializing ProtocolHandler ["ajp-nio-8009"]
11-Mar-2019 09:06:11.327 信息 [main] org.apache.tomcat.util.net.NioSelectorPool.getSharedSelector Using a shared selector for servlet write/read
11-Mar-2019 09:06:11.327 信息 [main] org.apache.catalina.startup.Catalina.load Initialization processed in 1498 ms
11-Mar-2019 09:06:11.359 信息 [main] org.apache.catalina.core.StandardService.startInternal Starting service [Catalina]
11-Mar-2019 09:06:11.359 信息 [main] org.apache.catalina.core.StandardEngine.startInternal Starting Servlet Engine: Apache Tomcat/8.5.34
11-Mar-2019 09:06:13.265 严重 [main] org.apache.catalina.startup.Catalina.stopServer Could not contact [localhost:[8005]]. Tomcat may not be running.
11-Mar-2019 09:06:17.537 信息 [localhost-startStop-1] org.apache.jasper.servlet.TldScanner.scanJars At least one JAR was scanned for TLDs yet contained no TLDs. Enable debug logging for this logger for a complete list of JARs that were scanned but no TLDs were found in them. Skipping unneeded JARs during scanning can improve startup time and JSP compilation time.
11-Mar-2019 09:06:29.073 信息 [localhost-startStop-1] org.apache.catalina.startup.HostConfig.deployWAR Deploying web application archive [C:\zwy\environment\Tomcat\apache-tomcat-8.5.34\webapps\zrtjoa.war]
11-Mar-2019 09:06:35.348 信息 [localhost-startStop-1] org.apache.jasper.servlet.TldScanner.scanJars At least one JAR was scanned for TLDs yet contained no TLDs. Enable debug logging for this logger for a complete list of JARs that were scanned but no TLDs were found in them. Skipping unneeded JARs during scanning can improve startup time and JSP compilation time.
11-Mar-2019 09:06:46.321 信息 [localhost-startStop-1] org.apache.catalina.startup.HostConfig.deployWAR Deployment of web application archive [C:\zwy\environment\Tomcat\apache-tomcat-8.5.34\webapps\zrtjoa.war] has finished in [17,248] ms
11-Mar-2019 09:06:46.321 信息 [localhost-startStop-1] org.apache.catalina.startup.HostConfig.deployDirectory Deploying web application directory [C:\zwy\environment\Tomcat\apache-tomcat-8.5.34\webapps\docs]
11-Mar-2019 09:06:46.382 信息 [localhost-startStop-1] org.apache.catalina.startup.HostConfig.deployDirectory Deployment of web application directory [C:\zwy\environment\Tomcat\apache-tomcat-8.5.34\webapps\docs] has finished in [61] ms
11-Mar-2019 09:06:46.382 信息 [localhost-startStop-1] org.apache.catalina.startup.HostConfig.deployDirectory Deploying web application directory [C:\zwy\environment\Tomcat\apache-tomcat-8.5.34\webapps\examples]
11-Mar-2019 09:06:46.919 信息 [localhost-startStop-1] org.apache.catalina.startup.HostConfig.deployDirectory Deployment of web application directory [C:\zwy\environment\Tomcat\apache-tomcat-8.5.34\webapps\examples] has finished in [535] ms
11-Mar-2019 09:06:46.919 信息 [localhost-startStop-1] org.apache.catalina.startup.HostConfig.deployDirectory Deploying web application directory [C:\zwy\environment\Tomcat\apache-tomcat-8.5.34\webapps\host-manager]
11-Mar-2019 09:06:46.968 信息 [localhost-startStop-1] org.apache.catalina.startup.HostConfig.deployDirectory Deployment of web application directory [C:\zwy\environment\Tomcat\apache-tomcat-8.5.34\webapps\host-manager] has finished in [49] ms
11-Mar-2019 09:06:46.978 信息 [localhost-startStop-1] org.apache.catalina.startup.HostConfig.deployDirectory Deploying web application directory [C:\zwy\environment\Tomcat\apache-tomcat-8.5.34\webapps\manager]
11-Mar-2019 09:06:47.029 信息 [localhost-startStop-1] org.apache.catalina.startup.HostConfig.deployDirectory Deployment of web application directory [C:\zwy\environment\Tomcat\apache-tomcat-8.5.34\webapps\manager] has finished in [51] ms
11-Mar-2019 09:06:47.031 信息 [main] org.apache.coyote.AbstractProtocol.start Starting ProtocolHandler ["http-nio-8088"]
11-Mar-2019 09:06:47.051 信息 [main] org.apache.coyote.AbstractProtocol.start Starting ProtocolHandler ["ajp-nio-8009"]
11-Mar-2019 09:06:47.051 信息 [main] org.apache.catalina.startup.Catalina.start Server startup in 35724 ms
11-Mar-2019 09:06:52.300 信息 [main] org.apache.catalina.core.StandardServer.await A valid shutdown command was received via the shutdown port. Stopping the Server instance.
11-Mar-2019 09:06:52.300 信息 [main] org.apache.coyote.AbstractProtocol.pause Pausing ProtocolHandler ["http-nio-8088"]
11-Mar-2019 09:06:52.740 信息 [main] org.apache.coyote.AbstractProtocol.pause Pausing ProtocolHandler ["ajp-nio-8009"]
11-Mar-2019 09:06:53.188 信息 [main] org.apache.catalina.core.StandardService.stopInternal Stopping service [Catalina]
11-Mar-2019 09:06:53.226 警告 [localhost-startStop-1] org.apache.catalina.loader.WebappClassLoaderBase.clearReferencesJdbc The web application [ROOT] registered the JDBC driver [com.mysql.cj.jdbc.Driver] but failed to unregister it when the web application was stopped. To prevent a memory leak, the JDBC Driver has been forcibly unregistered.
11-Mar-2019 09:06:53.226 警告 [localhost-startStop-1] org.apache.catalina.loader.WebappClassLoaderBase.clearReferencesThreads The web application [ROOT] appears to have started a thread named [Abandoned connection cleanup thread] but has failed to stop it. This is very likely to create a memory leak. Stack trace of thread:
 java.lang.Object.wait(Native Method)
 java.lang.ref.ReferenceQueue.remove(ReferenceQueue.java:144)
 com.mysql.cj.jdbc.AbandonedConnectionCleanupThread.run(AbandonedConnectionCleanupThread.java:70)
 java.util.concurrent.ThreadPoolExecutor.runWorker(ThreadPoolExecutor.java:1149)
 java.util.concurrent.ThreadPoolExecutor$Worker.run(ThreadPoolExecutor.java:624)
 java.lang.Thread.run(Thread.java:748)
11-Mar-2019 09:06:53.226 警告 [localhost-startStop-1] org.apache.catalina.loader.WebappClassLoaderBase.clearReferencesThreads The web application [ROOT] appears to have started a thread named [Timer-0] but has failed to stop it. This is very likely to create a memory leak. Stack trace of thread:
 java.lang.Object.wait(Native Method)
 java.lang.Object.wait(Object.java:502)
 java.util.TimerThread.mainLoop(Timer.java:526)
 java.util.TimerThread.run(Timer.java:505)
11-Mar-2019 09:06:53.299 警告 [localhost-startStop-1] org.apache.catalina.loader.WebappClassLoaderBase.clearReferencesJdbc The web application [zrtjoa] registered the JDBC driver [com.mysql.cj.jdbc.Driver] but failed to unregister it when the web application was stopped. To prevent a memory leak, the JDBC Driver has been forcibly unregistered.
11-Mar-2019 09:06:53.299 警告 [localhost-startStop-1] org.apache.catalina.loader.WebappClassLoaderBase.clearReferencesThreads The web application [zrtjoa] appears to have started a thread named [Abandoned connection cleanup thread] but has failed to stop it. This is very likely to create a memory leak. Stack trace of thread:
 java.lang.Object.wait(Native Method)
 java.lang.ref.ReferenceQueue.remove(ReferenceQueue.java:144)
 com.mysql.cj.jdbc.AbandonedConnectionCleanupThread.run(AbandonedConnectionCleanupThread.java:70)
 java.util.concurrent.ThreadPoolExecutor.runWorker(ThreadPoolExecutor.java:1149)
 java.util.concurrent.ThreadPoolExecutor$Worker.run(ThreadPoolExecutor.java:624)
 java.lang.Thread.run(Thread.java:748)
11-Mar-2019 09:06:53.299 警告 [localhost-startStop-1] org.apache.catalina.loader.WebappClassLoaderBase.clearReferencesThreads The web application [zrtjoa] appears to have started a thread named [Timer-1] but has failed to stop it. This is very likely to create a memory leak. Stack trace of thread:
 java.lang.Object.wait(Native Method)
 java.lang.Object.wait(Object.java:502)
 java.util.TimerThread.mainLoop(Timer.java:526)
 java.util.TimerThread.run(Timer.java:505)
11-Mar-2019 09:06:53.315 信息 [main] org.apache.coyote.AbstractProtocol.stop Stopping ProtocolHandler ["http-nio-8088"]
11-Mar-2019 09:06:53.315 信息 [main] org.apache.coyote.AbstractProtocol.stop Stopping ProtocolHandler ["ajp-nio-8009"]
11-Mar-2019 09:06:53.315 信息 [main] org.apache.coyote.AbstractProtocol.destroy Destroying ProtocolHandler ["http-nio-8088"]
11-Mar-2019 09:06:53.326 信息 [main] org.apache.coyote.AbstractProtocol.destroy Destroying ProtocolHandler ["ajp-nio-8009"]
11-Mar-2019 09:06:56.385 信息 [main] org.apache.catalina.startup.VersionLoggerListener.log Server version:        Apache Tomcat/8.5.34
11-Mar-2019 09:06:56.385 信息 [main] org.apache.catalina.startup.VersionLoggerListener.log Server built:          Sep 4 2018 22:28:22 UTC
11-Mar-2019 09:06:56.385 信息 [main] org.apache.catalina.startup.VersionLoggerListener.log Server number:         8.5.34.0
11-Mar-2019 09:06:56.385 信息 [main] org.apache.catalina.startup.VersionLoggerListener.log OS Name:               Windows 10
11-Mar-2019 09:06:56.385 信息 [main] org.apache.catalina.startup.VersionLoggerListener.log OS Version:            10.0
11-Mar-2019 09:06:56.385 信息 [main] org.apache.catalina.startup.VersionLoggerListener.log Architecture:          amd64
11-Mar-2019 09:06:56.385 信息 [main] org.apache.catalina.startup.VersionLoggerListener.log Java Home:             C:\Program Files\Java\jdk1.8.0_191\jre
11-Mar-2019 09:06:56.385 信息 [main] org.apache.catalina.startup.VersionLoggerListener.log JVM Version:           1.8.0_191-b12
11-Mar-2019 09:06:56.385 信息 [main] org.apache.catalina.startup.VersionLoggerListener.log JVM Vendor:            Oracle Corporation
11-Mar-2019 09:06:56.385 信息 [main] org.apache.catalina.startup.VersionLoggerListener.log CATALINA_BASE:         C:\zwy\environment\Tomcat\apache-tomcat-8.5.34
11-Mar-2019 09:06:56.385 信息 [main] org.apache.catalina.startup.VersionLoggerListener.log CATALINA_HOME:         C:\zwy\environment\Tomcat\apache-tomcat-8.5.34
11-Mar-2019 09:06:56.385 信息 [main] org.apache.catalina.startup.VersionLoggerListener.log Command line argument: -Djava.util.logging.config.file=C:\zwy\environment\Tomcat\apache-tomcat-8.5.34\conf\logging.properties
11-Mar-2019 09:06:56.385 信息 [main] org.apache.catalina.startup.VersionLoggerListener.log Command line argument: -Djava.util.logging.manager=org.apache.juli.ClassLoaderLogManager
11-Mar-2019 09:06:56.385 信息 [main] org.apache.catalina.startup.VersionLoggerListener.log Command line argument: -Djdk.tls.ephemeralDHKeySize=2048
11-Mar-2019 09:06:56.385 信息 [main] org.apache.catalina.startup.VersionLoggerListener.log Command line argument: -Djava.protocol.handler.pkgs=org.apache.catalina.webresources
11-Mar-2019 09:06:56.385 信息 [main] org.apache.catalina.startup.VersionLoggerListener.log Command line argument: -Dignore.endorsed.dirs=
11-Mar-2019 09:06:56.385 信息 [main] org.apache.catalina.startup.VersionLoggerListener.log Command line argument: -Dcatalina.base=C:\zwy\environment\Tomcat\apache-tomcat-8.5.34
11-Mar-2019 09:06:56.385 信息 [main] org.apache.catalina.startup.VersionLoggerListener.log Command line argument: -Dcatalina.home=C:\zwy\environment\Tomcat\apache-tomcat-8.5.34
11-Mar-2019 09:06:56.385 信息 [main] org.apache.catalina.startup.VersionLoggerListener.log Command line argument: -Djava.io.tmpdir=C:\zwy\environment\Tomcat\apache-tomcat-8.5.34\temp
11-Mar-2019 09:06:56.385 信息 [main] org.apache.catalina.core.AprLifecycleListener.lifecycleEvent The APR based Apache Tomcat Native library which allows optimal performance in production environments was not found on the java.library.path: [C:\Program Files\Java\jdk1.8.0_191\bin;C:\WINDOWS\Sun\Java\bin;C:\WINDOWS\system32;C:\WINDOWS;C:\Program Files (x86)\NetSarang\Xshell 6\;C:\Program Files (x86)\Intel\iCLS Client\;C:\Program Files\Intel\iCLS Client\;C:\WINDOWS\system32;C:\WINDOWS;C:\WINDOWS\System32\Wbem;C:\WINDOWS\System32\WindowsPowerShell\v1.0\;C:\Program Files (x86)\Intel\Intel(R) Management Engine Components\DAL;C:\Program Files\Intel\Intel(R) Management Engine Components\DAL;C:\Program Files (x86)\Intel\Intel(R) Management Engine Components\IPT;C:\Program Files\Intel\Intel(R) Management Engine Components\IPT;C:\Program Files\Java\jdk1.8.0_191\bin;C:\zwy\environment\maven\apache-maven-3.5.4\bin;C:\zwy\environment\mysql\mysql-8.0.13-winx64\bin;C:\Program Files\TortoiseSVN\bin;C:\Program Files\Git\cmd;C:\Program Files\nodejs\;C:\WINDOWS\System32\OpenSSH\;C:\zwy\project\svn\zr\card_read\src\main\resources\termb.dll;C:\Program Files (x86)\sbt\bin;C:\Users\admin\AppData\Local\Microsoft\WindowsApps;C:\Users\admin\AppData\Roaming\npm;C:\Users\admin\.lein\bin;C:\zwy\project\svn\zr\card_read\src\main\resources\termb.dll;;.]
11-Mar-2019 09:06:56.548 信息 [main] org.apache.coyote.AbstractProtocol.init Initializing ProtocolHandler ["http-nio-8088"]
11-Mar-2019 09:06:57.156 信息 [main] org.apache.tomcat.util.net.NioSelectorPool.getSharedSelector Using a shared selector for servlet write/read
11-Mar-2019 09:06:57.171 信息 [main] org.apache.coyote.AbstractProtocol.init Initializing ProtocolHandler ["ajp-nio-8009"]
11-Mar-2019 09:06:57.171 信息 [main] org.apache.tomcat.util.net.NioSelectorPool.getSharedSelector Using a shared selector for servlet write/read
11-Mar-2019 09:06:57.171 信息 [main] org.apache.catalina.startup.Catalina.load Initialization processed in 1216 ms
11-Mar-2019 09:06:57.203 信息 [main] org.apache.catalina.core.StandardService.startInternal Starting service [Catalina]
11-Mar-2019 09:06:57.203 信息 [main] org.apache.catalina.core.StandardEngine.startInternal Starting Servlet Engine: Apache Tomcat/8.5.34
11-Mar-2019 09:07:03.702 信息 [localhost-startStop-1] org.apache.jasper.servlet.TldScanner.scanJars At least one JAR was scanned for TLDs yet contained no TLDs. Enable debug logging for this logger for a complete list of JARs that were scanned but no TLDs were found in them. Skipping unneeded JARs during scanning can improve startup time and JSP compilation time.
11-Mar-2019 09:07:14.868 信息 [localhost-startStop-1] org.apache.catalina.startup.HostConfig.deployWAR Deploying web application archive [C:\zwy\environment\Tomcat\apache-tomcat-8.5.34\webapps\zrtjoa.war]
11-Mar-2019 09:07:20.628 信息 [localhost-startStop-1] org.apache.jasper.servlet.TldScanner.scanJars At least one JAR was scanned for TLDs yet contained no TLDs. Enable debug logging for this logger for a complete list of JARs that were scanned but no TLDs were found in them. Skipping unneeded JARs during scanning can improve startup time and JSP compilation time.
11-Mar-2019 09:07:29.982 信息 [localhost-startStop-1] org.apache.catalina.startup.HostConfig.deployWAR Deployment of web application archive [C:\zwy\environment\Tomcat\apache-tomcat-8.5.34\webapps\zrtjoa.war] has finished in [15,116] ms
11-Mar-2019 09:07:29.982 信息 [localhost-startStop-1] org.apache.catalina.startup.HostConfig.deployDirectory Deploying web application directory [C:\zwy\environment\Tomcat\apache-tomcat-8.5.34\webapps\docs]
11-Mar-2019 09:07:30.023 信息 [localhost-startStop-1] org.apache.catalina.startup.HostConfig.deployDirectory Deployment of web application directory [C:\zwy\environment\Tomcat\apache-tomcat-8.5.34\webapps\docs] has finished in [41] ms
11-Mar-2019 09:07:30.023 信息 [localhost-startStop-1] org.apache.catalina.startup.HostConfig.deployDirectory Deploying web application directory [C:\zwy\environment\Tomcat\apache-tomcat-8.5.34\webapps\examples]
11-Mar-2019 09:07:30.437 信息 [localhost-startStop-1] org.apache.catalina.startup.HostConfig.deployDirectory Deployment of web application directory [C:\zwy\environment\Tomcat\apache-tomcat-8.5.34\webapps\examples] has finished in [414] ms
11-Mar-2019 09:07:30.445 信息 [localhost-startStop-1] org.apache.catalina.startup.HostConfig.deployDirectory Deploying web application directory [C:\zwy\environment\Tomcat\apache-tomcat-8.5.34\webapps\host-manager]
11-Mar-2019 09:07:30.488 信息 [localhost-startStop-1] org.apache.catalina.startup.HostConfig.deployDirectory Deployment of web application directory [C:\zwy\environment\Tomcat\apache-tomcat-8.5.34\webapps\host-manager] has finished in [43] ms
11-Mar-2019 09:07:30.488 信息 [localhost-startStop-1] org.apache.catalina.startup.HostConfig.deployDirectory Deploying web application directory [C:\zwy\environment\Tomcat\apache-tomcat-8.5.34\webapps\manager]
11-Mar-2019 09:07:30.536 信息 [localhost-startStop-1] org.apache.catalina.startup.HostConfig.deployDirectory Deployment of web application directory [C:\zwy\environment\Tomcat\apache-tomcat-8.5.34\webapps\manager] has finished in [48] ms
11-Mar-2019 09:07:30.538 信息 [main] org.apache.coyote.AbstractProtocol.start Starting ProtocolHandler ["http-nio-8088"]
11-Mar-2019 09:07:30.546 信息 [main] org.apache.coyote.AbstractProtocol.start Starting ProtocolHandler ["ajp-nio-8009"]
11-Mar-2019 09:07:30.556 信息 [main] org.apache.catalina.startup.Catalina.start Server startup in 33380 ms
11-Mar-2019 09:47:31.020 警告 [main] org.apache.catalina.core.StandardServer.await StandardServer.await: Invalid command '' received
11-Mar-2019 09:50:43.638 警告 [main] org.apache.catalina.core.StandardServer.await StandardServer.await: Invalid command '' received
11-Mar-2019 10:07:47.989 警告 [main] org.apache.catalina.core.StandardServer.await StandardServer.await: Invalid command '' received
11-Mar-2019 10:11:02.986 警告 [main] org.apache.catalina.core.StandardServer.await StandardServer.await: Invalid command '' received
11-Mar-2019 11:38:46.257 警告 [main] org.apache.catalina.core.StandardServer.await StandardServer.await: Invalid command '' received
11-Mar-2019 13:04:14.532 警告 [main] org.apache.catalina.core.StandardServer.await StandardServer.await: Invalid command '' received
11-Mar-2019 13:06:39.954 警告 [main] org.apache.catalina.core.StandardServer.await StandardServer.await: Invalid command '' received
11-Mar-2019 13:11:22.093 警告 [main] org.apache.catalina.core.StandardServer.await StandardServer.await: Invalid command '' received
11-Mar-2019 13:41:25.766 警告 [main] org.apache.catalina.core.StandardServer.await StandardServer.await: Invalid command '' received
11-Mar-2019 13:42:21.932 警告 [main] org.apache.catalina.core.StandardServer.await StandardServer.await: Invalid command '' received
11-Mar-2019 13:43:45.233 警告 [main] org.apache.catalina.core.StandardServer.await StandardServer.await: Invalid command '' received
11-Mar-2019 13:46:14.709 警告 [main] org.apache.catalina.core.StandardServer.await StandardServer.await: Invalid command '' received
11-Mar-2019 13:47:19.883 警告 [main] org.apache.catalina.core.StandardServer.await StandardServer.await: Invalid command '' received
11-Mar-2019 13:48:38.250 警告 [main] org.apache.catalina.core.StandardServer.await StandardServer.await: Invalid command '' received
11-Mar-2019 13:53:29.410 警告 [main] org.apache.catalina.core.StandardServer.await StandardServer.await: Invalid command '' received
11-Mar-2019 14:31:19.550 警告 [main] org.apache.catalina.core.StandardServer.await StandardServer.await: Invalid command '' received
11-Mar-2019 14:33:51.685 警告 [main] org.apache.catalina.core.StandardServer.await StandardServer.await: Invalid command '' received
11-Mar-2019 16:21:04.570 警告 [main] org.apache.catalina.core.StandardServer.await StandardServer.await: Invalid command '' received
11-Mar-2019 16:25:40.566 警告 [main] org.apache.catalina.core.StandardServer.await StandardServer.await: Invalid command '' received
11-Mar-2019 16:30:21.277 警告 [main] org.apache.catalina.core.StandardServer.await StandardServer.await: Invalid command '' received
11-Mar-2019 16:55:01.661 警告 [main] org.apache.catalina.core.StandardServer.await StandardServer.await: Invalid command '' received
11-Mar-2019 17:05:43.000 警告 [main] org.apache.catalina.core.StandardServer.await StandardServer.await: Invalid command '' received
11-Mar-2019 17:24:35.861 信息 [ContainerBackgroundProcessor[StandardEngine[Catalina]]] org.apache.catalina.startup.HostConfig.undeploy Undeploying context [/zrtjoa]
11-Mar-2019 17:24:36.243 警告 [ContainerBackgroundProcessor[StandardEngine[Catalina]]] org.apache.catalina.loader.WebappClassLoaderBase.clearReferencesJdbc The web application [zrtjoa] registered the JDBC driver [com.mysql.cj.jdbc.Driver] but failed to unregister it when the web application was stopped. To prevent a memory leak, the JDBC Driver has been forcibly unregistered.
11-Mar-2019 17:24:36.248 警告 [ContainerBackgroundProcessor[StandardEngine[Catalina]]] org.apache.catalina.loader.WebappClassLoaderBase.clearReferencesThreads The web application [zrtjoa] appears to have started a thread named [Abandoned connection cleanup thread] but has failed to stop it. This is very likely to create a memory leak. Stack trace of thread:
 java.lang.Object.wait(Native Method)
 java.lang.ref.ReferenceQueue.remove(ReferenceQueue.java:144)
 com.mysql.cj.jdbc.AbandonedConnectionCleanupThread.run(AbandonedConnectionCleanupThread.java:70)
 java.util.concurrent.ThreadPoolExecutor.runWorker(ThreadPoolExecutor.java:1149)
 java.util.concurrent.ThreadPoolExecutor$Worker.run(ThreadPoolExecutor.java:624)
 java.lang.Thread.run(Thread.java:748)
11-Mar-2019 17:24:36.249 警告 [ContainerBackgroundProcessor[StandardEngine[Catalina]]] org.apache.catalina.loader.WebappClassLoaderBase.clearReferencesThreads The web application [zrtjoa] appears to have started a thread named [Timer-1] but has failed to stop it. This is very likely to create a memory leak. Stack trace of thread:
 java.lang.Object.wait(Native Method)
 java.lang.Object.wait(Object.java:502)
 java.util.TimerThread.mainLoop(Timer.java:526)
 java.util.TimerThread.run(Timer.java:505)
11-Mar-2019 17:24:36.355 信息 [localhost-startStop-2] org.apache.catalina.startup.HostConfig.deployWAR Deploying web application archive [C:\zwy\environment\Tomcat\apache-tomcat-8.5.34\webapps\zrtjoa.war]
11-Mar-2019 17:24:37.226 信息 [Abandoned connection cleanup thread] org.apache.catalina.loader.WebappClassLoaderBase.checkStateForResourceLoading Illegal access: this web application instance has been stopped already. Could not load []. The following stack trace is thrown for debugging purposes as well as to attempt to terminate the thread which caused the illegal access.
 java.lang.IllegalStateException: Illegal access: this web application instance has been stopped already. Could not load []. The following stack trace is thrown for debugging purposes as well as to attempt to terminate the thread which caused the illegal access.
	at org.apache.catalina.loader.WebappClassLoaderBase.checkStateForResourceLoading(WebappClassLoaderBase.java:1329)
	at org.apache.catalina.loader.WebappClassLoaderBase.getResource(WebappClassLoaderBase.java:1004)
	at com.mysql.cj.jdbc.AbandonedConnectionCleanupThread.checkContextClassLoaders(AbandonedConnectionCleanupThread.java:96)
	at com.mysql.cj.jdbc.AbandonedConnectionCleanupThread.run(AbandonedConnectionCleanupThread.java:69)
	at java.util.concurrent.ThreadPoolExecutor.runWorker(ThreadPoolExecutor.java:1149)
	at java.util.concurrent.ThreadPoolExecutor$Worker.run(ThreadPoolExecutor.java:624)
	at java.lang.Thread.run(Thread.java:748)

11-Mar-2019 17:24:44.464 信息 [main] org.apache.catalina.core.StandardServer.await A valid shutdown command was received via the shutdown port. Stopping the Server instance.
11-Mar-2019 17:24:44.475 信息 [main] org.apache.coyote.AbstractProtocol.pause Pausing ProtocolHandler ["http-nio-8088"]
11-Mar-2019 17:24:46.843 信息 [main] org.apache.coyote.AbstractProtocol.pause Pausing ProtocolHandler ["ajp-nio-8009"]
11-Mar-2019 17:24:47.513 信息 [main] org.apache.catalina.core.StandardService.stopInternal Stopping service [Catalina]
11-Mar-2019 17:24:47.519 严重 [ContainerBackgroundProcessor[StandardEngine[Catalina]]] org.apache.catalina.startup.HostConfig.deployWARs Error waiting for multi-thread deployment of WAR files to complete
 java.lang.InterruptedException
	at java.util.concurrent.FutureTask.awaitDone(FutureTask.java:404)
	at java.util.concurrent.FutureTask.get(FutureTask.java:191)
	at org.apache.catalina.startup.HostConfig.deployWARs(HostConfig.java:777)
	at org.apache.catalina.startup.HostConfig.deployApps(HostConfig.java:441)
	at org.apache.catalina.startup.HostConfig.check(HostConfig.java:1628)
	at org.apache.catalina.startup.HostConfig.lifecycleEvent(HostConfig.java:314)
	at org.apache.catalina.util.LifecycleBase.fireLifecycleEvent(LifecycleBase.java:94)
	at org.apache.catalina.core.ContainerBase.backgroundProcess(ContainerBase.java:1167)
	at org.apache.catalina.core.ContainerBase$ContainerBackgroundProcessor.processChildren(ContainerBase.java:1389)
	at org.apache.catalina.core.ContainerBase$ContainerBackgroundProcessor.processChildren(ContainerBase.java:1393)
	at org.apache.catalina.core.ContainerBase$ContainerBackgroundProcessor.run(ContainerBase.java:1361)
	at java.lang.Thread.run(Thread.java:748)

11-Mar-2019 17:24:48.910 信息 [localhost-startStop-2] org.apache.jasper.servlet.TldScanner.scanJars At least one JAR was scanned for TLDs yet contained no TLDs. Enable debug logging for this logger for a complete list of JARs that were scanned but no TLDs were found in them. Skipping unneeded JARs during scanning can improve startup time and JSP compilation time.
11-Mar-2019 17:24:56.411 信息 [localhost-startStop-2] org.apache.catalina.startup.HostConfig.deployWAR Deployment of web application archive [C:\zwy\environment\Tomcat\apache-tomcat-8.5.34\webapps\zrtjoa.war] has finished in [20,057] ms
11-Mar-2019 17:24:56.455 警告 [localhost-startStop-2] org.apache.catalina.loader.WebappClassLoaderBase.clearReferencesJdbc The web application [ROOT] registered the JDBC driver [com.mysql.cj.jdbc.Driver] but failed to unregister it when the web application was stopped. To prevent a memory leak, the JDBC Driver has been forcibly unregistered.
11-Mar-2019 17:24:56.456 警告 [localhost-startStop-2] org.apache.catalina.loader.WebappClassLoaderBase.clearReferencesThreads The web application [ROOT] appears to have started a thread named [Abandoned connection cleanup thread] but has failed to stop it. This is very likely to create a memory leak. Stack trace of thread:
 java.lang.Object.wait(Native Method)
 java.lang.ref.ReferenceQueue.remove(ReferenceQueue.java:144)
 com.mysql.cj.jdbc.AbandonedConnectionCleanupThread.run(AbandonedConnectionCleanupThread.java:70)
 java.util.concurrent.ThreadPoolExecutor.runWorker(ThreadPoolExecutor.java:1149)
 java.util.concurrent.ThreadPoolExecutor$Worker.run(ThreadPoolExecutor.java:624)
 java.lang.Thread.run(Thread.java:748)
11-Mar-2019 17:24:56.457 警告 [localhost-startStop-2] org.apache.catalina.loader.WebappClassLoaderBase.clearReferencesThreads The web application [ROOT] appears to have started a thread named [Timer-0] but has failed to stop it. This is very likely to create a memory leak. Stack trace of thread:
 java.lang.Object.wait(Native Method)
 java.lang.Object.wait(Object.java:502)
 java.util.TimerThread.mainLoop(Timer.java:526)
 java.util.TimerThread.run(Timer.java:505)
11-Mar-2019 17:24:56.519 警告 [localhost-startStop-2] org.apache.catalina.loader.WebappClassLoaderBase.clearReferencesJdbc The web application [zrtjoa] registered the JDBC driver [com.mysql.cj.jdbc.Driver] but failed to unregister it when the web application was stopped. To prevent a memory leak, the JDBC Driver has been forcibly unregistered.
11-Mar-2019 17:24:56.520 警告 [localhost-startStop-2] org.apache.catalina.loader.WebappClassLoaderBase.clearReferencesThreads The web application [zrtjoa] appears to have started a thread named [Abandoned connection cleanup thread] but has failed to stop it. This is very likely to create a memory leak. Stack trace of thread:
 java.lang.Object.wait(Native Method)
 java.lang.ref.ReferenceQueue.remove(ReferenceQueue.java:144)
 com.mysql.cj.jdbc.AbandonedConnectionCleanupThread.run(AbandonedConnectionCleanupThread.java:70)
 java.util.concurrent.ThreadPoolExecutor.runWorker(ThreadPoolExecutor.java:1149)
 java.util.concurrent.ThreadPoolExecutor$Worker.run(ThreadPoolExecutor.java:624)
 java.lang.Thread.run(Thread.java:748)
11-Mar-2019 17:24:56.521 警告 [localhost-startStop-2] org.apache.catalina.loader.WebappClassLoaderBase.clearReferencesThreads The web application [zrtjoa] appears to have started a thread named [Timer-2] but has failed to stop it. This is very likely to create a memory leak. Stack trace of thread:
 java.lang.Object.wait(Native Method)
 java.lang.Object.wait(Object.java:502)
 java.util.TimerThread.mainLoop(Timer.java:526)
 java.util.TimerThread.run(Timer.java:505)
11-Mar-2019 17:24:56.523 信息 [main] org.apache.coyote.AbstractProtocol.stop Stopping ProtocolHandler ["http-nio-8088"]
11-Mar-2019 17:24:56.531 信息 [main] org.apache.coyote.AbstractProtocol.stop Stopping ProtocolHandler ["ajp-nio-8009"]
11-Mar-2019 17:24:56.534 信息 [main] org.apache.coyote.AbstractProtocol.destroy Destroying ProtocolHandler ["http-nio-8088"]
11-Mar-2019 17:24:56.536 信息 [main] org.apache.coyote.AbstractProtocol.destroy Destroying ProtocolHandler ["ajp-nio-8009"]
11-Mar-2019 17:24:59.670 信息 [main] org.apache.catalina.startup.VersionLoggerListener.log Server version:        Apache Tomcat/8.5.34
11-Mar-2019 17:24:59.675 信息 [main] org.apache.catalina.startup.VersionLoggerListener.log Server built:          Sep 4 2018 22:28:22 UTC
11-Mar-2019 17:24:59.675 信息 [main] org.apache.catalina.startup.VersionLoggerListener.log Server number:         8.5.34.0
11-Mar-2019 17:24:59.675 信息 [main] org.apache.catalina.startup.VersionLoggerListener.log OS Name:               Windows 10
11-Mar-2019 17:24:59.675 信息 [main] org.apache.catalina.startup.VersionLoggerListener.log OS Version:            10.0
11-Mar-2019 17:24:59.675 信息 [main] org.apache.catalina.startup.VersionLoggerListener.log Architecture:          amd64
11-Mar-2019 17:24:59.675 信息 [main] org.apache.catalina.startup.VersionLoggerListener.log Java Home:             C:\Program Files\Java\jdk1.8.0_191\jre
11-Mar-2019 17:24:59.675 信息 [main] org.apache.catalina.startup.VersionLoggerListener.log JVM Version:           1.8.0_191-b12
11-Mar-2019 17:24:59.678 信息 [main] org.apache.catalina.startup.VersionLoggerListener.log JVM Vendor:            Oracle Corporation
11-Mar-2019 17:24:59.678 信息 [main] org.apache.catalina.startup.VersionLoggerListener.log CATALINA_BASE:         C:\zwy\environment\Tomcat\apache-tomcat-8.5.34
11-Mar-2019 17:24:59.678 信息 [main] org.apache.catalina.startup.VersionLoggerListener.log CATALINA_HOME:         C:\zwy\environment\Tomcat\apache-tomcat-8.5.34
11-Mar-2019 17:24:59.679 信息 [main] org.apache.catalina.startup.VersionLoggerListener.log Command line argument: -Djava.util.logging.config.file=C:\zwy\environment\Tomcat\apache-tomcat-8.5.34\conf\logging.properties
11-Mar-2019 17:24:59.679 信息 [main] org.apache.catalina.startup.VersionLoggerListener.log Command line argument: -Djava.util.logging.manager=org.apache.juli.ClassLoaderLogManager
11-Mar-2019 17:24:59.679 信息 [main] org.apache.catalina.startup.VersionLoggerListener.log Command line argument: -Djdk.tls.ephemeralDHKeySize=2048
11-Mar-2019 17:24:59.679 信息 [main] org.apache.catalina.startup.VersionLoggerListener.log Command line argument: -Djava.protocol.handler.pkgs=org.apache.catalina.webresources
11-Mar-2019 17:24:59.679 信息 [main] org.apache.catalina.startup.VersionLoggerListener.log Command line argument: -Dignore.endorsed.dirs=
11-Mar-2019 17:24:59.680 信息 [main] org.apache.catalina.startup.VersionLoggerListener.log Command line argument: -Dcatalina.base=C:\zwy\environment\Tomcat\apache-tomcat-8.5.34
11-Mar-2019 17:24:59.680 信息 [main] org.apache.catalina.startup.VersionLoggerListener.log Command line argument: -Dcatalina.home=C:\zwy\environment\Tomcat\apache-tomcat-8.5.34
11-Mar-2019 17:24:59.680 信息 [main] org.apache.catalina.startup.VersionLoggerListener.log Command line argument: -Djava.io.tmpdir=C:\zwy\environment\Tomcat\apache-tomcat-8.5.34\temp
11-Mar-2019 17:24:59.680 信息 [main] org.apache.catalina.core.AprLifecycleListener.lifecycleEvent The APR based Apache Tomcat Native library which allows optimal performance in production environments was not found on the java.library.path: [C:\Program Files\Java\jdk1.8.0_191\bin;C:\WINDOWS\Sun\Java\bin;C:\WINDOWS\system32;C:\WINDOWS;C:\Program Files (x86)\NetSarang\Xshell 6\;C:\Program Files (x86)\Intel\iCLS Client\;C:\Program Files\Intel\iCLS Client\;C:\WINDOWS\system32;C:\WINDOWS;C:\WINDOWS\System32\Wbem;C:\WINDOWS\System32\WindowsPowerShell\v1.0\;C:\Program Files (x86)\Intel\Intel(R) Management Engine Components\DAL;C:\Program Files\Intel\Intel(R) Management Engine Components\DAL;C:\Program Files (x86)\Intel\Intel(R) Management Engine Components\IPT;C:\Program Files\Intel\Intel(R) Management Engine Components\IPT;C:\Program Files\Java\jdk1.8.0_191\bin;C:\zwy\environment\maven\apache-maven-3.5.4\bin;C:\zwy\environment\mysql\mysql-8.0.13-winx64\bin;C:\Program Files\TortoiseSVN\bin;C:\Program Files\Git\cmd;C:\Program Files\nodejs\;C:\WINDOWS\System32\OpenSSH\;C:\zwy\project\svn\zr\card_read\src\main\resources\termb.dll;C:\Program Files (x86)\sbt\bin;C:\Users\admin\AppData\Local\Microsoft\WindowsApps;C:\Users\admin\AppData\Roaming\npm;C:\Users\admin\.lein\bin;C:\zwy\project\svn\zr\card_read\src\main\resources\termb.dll;;.]
11-Mar-2019 17:24:59.867 信息 [main] org.apache.coyote.AbstractProtocol.init Initializing ProtocolHandler ["http-nio-8088"]
11-Mar-2019 17:25:00.356 信息 [main] org.apache.tomcat.util.net.NioSelectorPool.getSharedSelector Using a shared selector for servlet write/read
11-Mar-2019 17:25:00.365 信息 [main] org.apache.coyote.AbstractProtocol.init Initializing ProtocolHandler ["ajp-nio-8009"]
11-Mar-2019 17:25:00.367 信息 [main] org.apache.tomcat.util.net.NioSelectorPool.getSharedSelector Using a shared selector for servlet write/read
11-Mar-2019 17:25:00.368 信息 [main] org.apache.catalina.startup.Catalina.load Initialization processed in 1132 ms
11-Mar-2019 17:25:00.401 信息 [main] org.apache.catalina.core.StandardService.startInternal Starting service [Catalina]
11-Mar-2019 17:25:00.401 信息 [main] org.apache.catalina.core.StandardEngine.startInternal Starting Servlet Engine: Apache Tomcat/8.5.34
11-Mar-2019 17:25:05.391 信息 [localhost-startStop-1] org.apache.jasper.servlet.TldScanner.scanJars At least one JAR was scanned for TLDs yet contained no TLDs. Enable debug logging for this logger for a complete list of JARs that were scanned but no TLDs were found in them. Skipping unneeded JARs during scanning can improve startup time and JSP compilation time.
11-Mar-2019 17:25:15.155 信息 [localhost-startStop-1] org.apache.catalina.startup.HostConfig.deployWAR Deploying web application archive [C:\zwy\environment\Tomcat\apache-tomcat-8.5.34\webapps\zrtjoa.war]
11-Mar-2019 17:25:19.939 信息 [localhost-startStop-1] org.apache.jasper.servlet.TldScanner.scanJars At least one JAR was scanned for TLDs yet contained no TLDs. Enable debug logging for this logger for a complete list of JARs that were scanned but no TLDs were found in them. Skipping unneeded JARs during scanning can improve startup time and JSP compilation time.
11-Mar-2019 17:25:26.821 信息 [localhost-startStop-1] org.apache.catalina.startup.HostConfig.deployWAR Deployment of web application archive [C:\zwy\environment\Tomcat\apache-tomcat-8.5.34\webapps\zrtjoa.war] has finished in [11,665] ms
11-Mar-2019 17:25:26.823 信息 [localhost-startStop-1] org.apache.catalina.startup.HostConfig.deployDirectory Deploying web application directory [C:\zwy\environment\Tomcat\apache-tomcat-8.5.34\webapps\docs]
11-Mar-2019 17:25:26.865 信息 [localhost-startStop-1] org.apache.catalina.startup.HostConfig.deployDirectory Deployment of web application directory [C:\zwy\environment\Tomcat\apache-tomcat-8.5.34\webapps\docs] has finished in [43] ms
11-Mar-2019 17:25:26.865 信息 [localhost-startStop-1] org.apache.catalina.startup.HostConfig.deployDirectory Deploying web application directory [C:\zwy\environment\Tomcat\apache-tomcat-8.5.34\webapps\examples]
11-Mar-2019 17:25:27.315 信息 [localhost-startStop-1] org.apache.catalina.startup.HostConfig.deployDirectory Deployment of web application directory [C:\zwy\environment\Tomcat\apache-tomcat-8.5.34\webapps\examples] has finished in [450] ms
11-Mar-2019 17:25:27.315 信息 [localhost-startStop-1] org.apache.catalina.startup.HostConfig.deployDirectory Deploying web application directory [C:\zwy\environment\Tomcat\apache-tomcat-8.5.34\webapps\host-manager]
11-Mar-2019 17:25:27.360 信息 [localhost-startStop-1] org.apache.catalina.startup.HostConfig.deployDirectory Deployment of web application directory [C:\zwy\environment\Tomcat\apache-tomcat-8.5.34\webapps\host-manager] has finished in [45] ms
11-Mar-2019 17:25:27.360 信息 [localhost-startStop-1] org.apache.catalina.startup.HostConfig.deployDirectory Deploying web application directory [C:\zwy\environment\Tomcat\apache-tomcat-8.5.34\webapps\manager]
11-Mar-2019 17:25:27.392 信息 [localhost-startStop-1] org.apache.catalina.startup.HostConfig.deployDirectory Deployment of web application directory [C:\zwy\environment\Tomcat\apache-tomcat-8.5.34\webapps\manager] has finished in [32] ms
11-Mar-2019 17:25:27.396 信息 [main] org.apache.coyote.AbstractProtocol.start Starting ProtocolHandler ["http-nio-8088"]
11-Mar-2019 17:25:27.409 信息 [main] org.apache.coyote.AbstractProtocol.start Starting ProtocolHandler ["ajp-nio-8009"]
11-Mar-2019 17:25:27.412 信息 [main] org.apache.catalina.startup.Catalina.start Server startup in 27043 ms
11-Mar-2019 17:30:50.779 信息 [main] org.apache.catalina.core.StandardServer.await A valid shutdown command was received via the shutdown port. Stopping the Server instance.
11-Mar-2019 17:30:50.783 信息 [main] org.apache.coyote.AbstractProtocol.pause Pausing ProtocolHandler ["http-nio-8088"]
11-Mar-2019 17:30:51.225 信息 [main] org.apache.coyote.AbstractProtocol.pause Pausing ProtocolHandler ["ajp-nio-8009"]
11-Mar-2019 17:30:51.610 信息 [main] org.apache.catalina.core.StandardService.stopInternal Stopping service [Catalina]
11-Mar-2019 17:30:51.687 警告 [localhost-startStop-2] org.apache.catalina.loader.WebappClassLoaderBase.clearReferencesJdbc The web application [ROOT] registered the JDBC driver [com.mysql.cj.jdbc.Driver] but failed to unregister it when the web application was stopped. To prevent a memory leak, the JDBC Driver has been forcibly unregistered.
11-Mar-2019 17:30:51.688 警告 [localhost-startStop-2] org.apache.catalina.loader.WebappClassLoaderBase.clearReferencesThreads The web application [ROOT] appears to have started a thread named [Abandoned connection cleanup thread] but has failed to stop it. This is very likely to create a memory leak. Stack trace of thread:
 java.lang.Object.wait(Native Method)
 java.lang.ref.ReferenceQueue.remove(ReferenceQueue.java:144)
 com.mysql.cj.jdbc.AbandonedConnectionCleanupThread.run(AbandonedConnectionCleanupThread.java:70)
 java.util.concurrent.ThreadPoolExecutor.runWorker(ThreadPoolExecutor.java:1149)
 java.util.concurrent.ThreadPoolExecutor$Worker.run(ThreadPoolExecutor.java:624)
 java.lang.Thread.run(Thread.java:748)
11-Mar-2019 17:30:51.689 警告 [localhost-startStop-2] org.apache.catalina.loader.WebappClassLoaderBase.clearReferencesThreads The web application [ROOT] appears to have started a thread named [Timer-0] but has failed to stop it. This is very likely to create a memory leak. Stack trace of thread:
 java.lang.Object.wait(Native Method)
 java.lang.Object.wait(Object.java:502)
 java.util.TimerThread.mainLoop(Timer.java:526)
 java.util.TimerThread.run(Timer.java:505)
11-Mar-2019 17:30:51.753 警告 [localhost-startStop-2] org.apache.catalina.loader.WebappClassLoaderBase.clearReferencesJdbc The web application [zrtjoa] registered the JDBC driver [com.mysql.cj.jdbc.Driver] but failed to unregister it when the web application was stopped. To prevent a memory leak, the JDBC Driver has been forcibly unregistered.
11-Mar-2019 17:30:51.753 警告 [localhost-startStop-2] org.apache.catalina.loader.WebappClassLoaderBase.clearReferencesThreads The web application [zrtjoa] appears to have started a thread named [Abandoned connection cleanup thread] but has failed to stop it. This is very likely to create a memory leak. Stack trace of thread:
 java.lang.Object.wait(Native Method)
 java.lang.ref.ReferenceQueue.remove(ReferenceQueue.java:144)
 com.mysql.cj.jdbc.AbandonedConnectionCleanupThread.run(AbandonedConnectionCleanupThread.java:70)
 java.util.concurrent.ThreadPoolExecutor.runWorker(ThreadPoolExecutor.java:1149)
 java.util.concurrent.ThreadPoolExecutor$Worker.run(ThreadPoolExecutor.java:624)
 java.lang.Thread.run(Thread.java:748)
11-Mar-2019 17:30:51.754 警告 [localhost-startStop-2] org.apache.catalina.loader.WebappClassLoaderBase.clearReferencesThreads The web application [zrtjoa] appears to have started a thread named [Timer-1] but has failed to stop it. This is very likely to create a memory leak. Stack trace of thread:
 java.lang.Object.wait(Native Method)
 java.lang.Object.wait(Object.java:502)
 java.util.TimerThread.mainLoop(Timer.java:526)
 java.util.TimerThread.run(Timer.java:505)
11-Mar-2019 17:30:51.760 信息 [main] org.apache.coyote.AbstractProtocol.stop Stopping ProtocolHandler ["http-nio-8088"]
11-Mar-2019 17:30:51.767 信息 [main] org.apache.coyote.AbstractProtocol.stop Stopping ProtocolHandler ["ajp-nio-8009"]
11-Mar-2019 17:30:51.770 信息 [main] org.apache.coyote.AbstractProtocol.destroy Destroying ProtocolHandler ["http-nio-8088"]
11-Mar-2019 17:30:51.771 信息 [main] org.apache.coyote.AbstractProtocol.destroy Destroying ProtocolHandler ["ajp-nio-8009"]
11-Mar-2019 17:30:54.696 信息 [main] org.apache.catalina.startup.VersionLoggerListener.log Server version:        Apache Tomcat/8.5.34
11-Mar-2019 17:30:54.701 信息 [main] org.apache.catalina.startup.VersionLoggerListener.log Server built:          Sep 4 2018 22:28:22 UTC
11-Mar-2019 17:30:54.701 信息 [main] org.apache.catalina.startup.VersionLoggerListener.log Server number:         8.5.34.0
11-Mar-2019 17:30:54.702 信息 [main] org.apache.catalina.startup.VersionLoggerListener.log OS Name:               Windows 10
11-Mar-2019 17:30:54.702 信息 [main] org.apache.catalina.startup.VersionLoggerListener.log OS Version:            10.0
11-Mar-2019 17:30:54.702 信息 [main] org.apache.catalina.startup.VersionLoggerListener.log Architecture:          amd64
11-Mar-2019 17:30:54.702 信息 [main] org.apache.catalina.startup.VersionLoggerListener.log Java Home:             C:\Program Files\Java\jdk1.8.0_191\jre
11-Mar-2019 17:30:54.702 信息 [main] org.apache.catalina.startup.VersionLoggerListener.log JVM Version:           1.8.0_191-b12
11-Mar-2019 17:30:54.705 信息 [main] org.apache.catalina.startup.VersionLoggerListener.log JVM Vendor:            Oracle Corporation
11-Mar-2019 17:30:54.706 信息 [main] org.apache.catalina.startup.VersionLoggerListener.log CATALINA_BASE:         C:\zwy\environment\Tomcat\apache-tomcat-8.5.34
11-Mar-2019 17:30:54.706 信息 [main] org.apache.catalina.startup.VersionLoggerListener.log CATALINA_HOME:         C:\zwy\environment\Tomcat\apache-tomcat-8.5.34
11-Mar-2019 17:30:54.706 信息 [main] org.apache.catalina.startup.VersionLoggerListener.log Command line argument: -Djava.util.logging.config.file=C:\zwy\environment\Tomcat\apache-tomcat-8.5.34\conf\logging.properties
11-Mar-2019 17:30:54.706 信息 [main] org.apache.catalina.startup.VersionLoggerListener.log Command line argument: -Djava.util.logging.manager=org.apache.juli.ClassLoaderLogManager
11-Mar-2019 17:30:54.706 信息 [main] org.apache.catalina.startup.VersionLoggerListener.log Command line argument: -Djdk.tls.ephemeralDHKeySize=2048
11-Mar-2019 17:30:54.707 信息 [main] org.apache.catalina.startup.VersionLoggerListener.log Command line argument: -Djava.protocol.handler.pkgs=org.apache.catalina.webresources
11-Mar-2019 17:30:54.707 信息 [main] org.apache.catalina.startup.VersionLoggerListener.log Command line argument: -Dignore.endorsed.dirs=
11-Mar-2019 17:30:54.707 信息 [main] org.apache.catalina.startup.VersionLoggerListener.log Command line argument: -Dcatalina.base=C:\zwy\environment\Tomcat\apache-tomcat-8.5.34
11-Mar-2019 17:30:54.707 信息 [main] org.apache.catalina.startup.VersionLoggerListener.log Command line argument: -Dcatalina.home=C:\zwy\environment\Tomcat\apache-tomcat-8.5.34
11-Mar-2019 17:30:54.707 信息 [main] org.apache.catalina.startup.VersionLoggerListener.log Command line argument: -Djava.io.tmpdir=C:\zwy\environment\Tomcat\apache-tomcat-8.5.34\temp
11-Mar-2019 17:30:54.708 信息 [main] org.apache.catalina.core.AprLifecycleListener.lifecycleEvent The APR based Apache Tomcat Native library which allows optimal performance in production environments was not found on the java.library.path: [C:\Program Files\Java\jdk1.8.0_191\bin;C:\WINDOWS\Sun\Java\bin;C:\WINDOWS\system32;C:\WINDOWS;C:\Program Files (x86)\NetSarang\Xshell 6\;C:\Program Files (x86)\Intel\iCLS Client\;C:\Program Files\Intel\iCLS Client\;C:\WINDOWS\system32;C:\WINDOWS;C:\WINDOWS\System32\Wbem;C:\WINDOWS\System32\WindowsPowerShell\v1.0\;C:\Program Files (x86)\Intel\Intel(R) Management Engine Components\DAL;C:\Program Files\Intel\Intel(R) Management Engine Components\DAL;C:\Program Files (x86)\Intel\Intel(R) Management Engine Components\IPT;C:\Program Files\Intel\Intel(R) Management Engine Components\IPT;C:\Program Files\Java\jdk1.8.0_191\bin;C:\zwy\environment\maven\apache-maven-3.5.4\bin;C:\zwy\environment\mysql\mysql-8.0.13-winx64\bin;C:\Program Files\TortoiseSVN\bin;C:\Program Files\Git\cmd;C:\Program Files\nodejs\;C:\WINDOWS\System32\OpenSSH\;C:\zwy\project\svn\zr\card_read\src\main\resources\termb.dll;C:\Program Files (x86)\sbt\bin;C:\Users\admin\AppData\Local\Microsoft\WindowsApps;C:\Users\admin\AppData\Roaming\npm;C:\Users\admin\.lein\bin;C:\zwy\project\svn\zr\card_read\src\main\resources\termb.dll;;.]
11-Mar-2019 17:30:54.881 信息 [main] org.apache.coyote.AbstractProtocol.init Initializing ProtocolHandler ["http-nio-8088"]
11-Mar-2019 17:30:55.373 信息 [main] org.apache.tomcat.util.net.NioSelectorPool.getSharedSelector Using a shared selector for servlet write/read
11-Mar-2019 17:30:55.383 信息 [main] org.apache.coyote.AbstractProtocol.init Initializing ProtocolHandler ["ajp-nio-8009"]
11-Mar-2019 17:30:55.385 信息 [main] org.apache.tomcat.util.net.NioSelectorPool.getSharedSelector Using a shared selector for servlet write/read
11-Mar-2019 17:30:55.386 信息 [main] org.apache.catalina.startup.Catalina.load Initialization processed in 1108 ms
11-Mar-2019 17:30:55.418 信息 [main] org.apache.catalina.core.StandardService.startInternal Starting service [Catalina]
11-Mar-2019 17:30:55.418 信息 [main] org.apache.catalina.core.StandardEngine.startInternal Starting Servlet Engine: Apache Tomcat/8.5.34
11-Mar-2019 17:31:01.021 信息 [localhost-startStop-1] org.apache.jasper.servlet.TldScanner.scanJars At least one JAR was scanned for TLDs yet contained no TLDs. Enable debug logging for this logger for a complete list of JARs that were scanned but no TLDs were found in them. Skipping unneeded JARs during scanning can improve startup time and JSP compilation time.
11-Mar-2019 17:31:09.070 信息 [localhost-startStop-1] org.apache.catalina.startup.HostConfig.deployWAR Deploying web application archive [C:\zwy\environment\Tomcat\apache-tomcat-8.5.34\webapps\zrtjoa.war]
11-Mar-2019 17:31:13.612 信息 [localhost-startStop-1] org.apache.jasper.servlet.TldScanner.scanJars At least one JAR was scanned for TLDs yet contained no TLDs. Enable debug logging for this logger for a complete list of JARs that were scanned but no TLDs were found in them. Skipping unneeded JARs during scanning can improve startup time and JSP compilation time.
11-Mar-2019 17:31:20.351 信息 [localhost-startStop-1] org.apache.catalina.startup.HostConfig.deployWAR Deployment of web application archive [C:\zwy\environment\Tomcat\apache-tomcat-8.5.34\webapps\zrtjoa.war] has finished in [11,279] ms
11-Mar-2019 17:31:20.353 信息 [localhost-startStop-1] org.apache.catalina.startup.HostConfig.deployDirectory Deploying web application directory [C:\zwy\environment\Tomcat\apache-tomcat-8.5.34\webapps\docs]
11-Mar-2019 17:31:20.383 信息 [localhost-startStop-1] org.apache.catalina.startup.HostConfig.deployDirectory Deployment of web application directory [C:\zwy\environment\Tomcat\apache-tomcat-8.5.34\webapps\docs] has finished in [31] ms
11-Mar-2019 17:31:20.383 信息 [localhost-startStop-1] org.apache.catalina.startup.HostConfig.deployDirectory Deploying web application directory [C:\zwy\environment\Tomcat\apache-tomcat-8.5.34\webapps\examples]
11-Mar-2019 17:31:20.747 信息 [localhost-startStop-1] org.apache.catalina.startup.HostConfig.deployDirectory Deployment of web application directory [C:\zwy\environment\Tomcat\apache-tomcat-8.5.34\webapps\examples] has finished in [364] ms
11-Mar-2019 17:31:20.747 信息 [localhost-startStop-1] org.apache.catalina.startup.HostConfig.deployDirectory Deploying web application directory [C:\zwy\environment\Tomcat\apache-tomcat-8.5.34\webapps\host-manager]
11-Mar-2019 17:31:20.784 信息 [localhost-startStop-1] org.apache.catalina.startup.HostConfig.deployDirectory Deployment of web application directory [C:\zwy\environment\Tomcat\apache-tomcat-8.5.34\webapps\host-manager] has finished in [36] ms
11-Mar-2019 17:31:20.784 信息 [localhost-startStop-1] org.apache.catalina.startup.HostConfig.deployDirectory Deploying web application directory [C:\zwy\environment\Tomcat\apache-tomcat-8.5.34\webapps\manager]
11-Mar-2019 17:31:20.814 信息 [localhost-startStop-1] org.apache.catalina.startup.HostConfig.deployDirectory Deployment of web application directory [C:\zwy\environment\Tomcat\apache-tomcat-8.5.34\webapps\manager] has finished in [29] ms
11-Mar-2019 17:31:20.836 信息 [main] org.apache.coyote.AbstractProtocol.start Starting ProtocolHandler ["http-nio-8088"]
11-Mar-2019 17:31:20.845 信息 [main] org.apache.coyote.AbstractProtocol.start Starting ProtocolHandler ["ajp-nio-8009"]
11-Mar-2019 17:31:20.847 信息 [main] org.apache.catalina.startup.Catalina.start Server startup in 25460 ms
