14-Mar-2019 09:10:37.176 信息 [main] org.apache.catalina.startup.VersionLoggerListener.log Server version:        Apache Tomcat/8.5.34
14-Mar-2019 09:10:37.176 信息 [main] org.apache.catalina.startup.VersionLoggerListener.log Server built:          Sep 4 2018 22:28:22 UTC
14-Mar-2019 09:10:37.176 信息 [main] org.apache.catalina.startup.VersionLoggerListener.log Server number:         8.5.34.0
14-Mar-2019 09:10:37.176 信息 [main] org.apache.catalina.startup.VersionLoggerListener.log OS Name:               Windows 10
14-Mar-2019 09:10:37.176 信息 [main] org.apache.catalina.startup.VersionLoggerListener.log OS Version:            10.0
14-Mar-2019 09:10:37.176 信息 [main] org.apache.catalina.startup.VersionLoggerListener.log Architecture:          amd64
14-Mar-2019 09:10:37.176 信息 [main] org.apache.catalina.startup.VersionLoggerListener.log Java Home:             C:\Program Files\Java\jdk1.8.0_191\jre
14-Mar-2019 09:10:37.176 信息 [main] org.apache.catalina.startup.VersionLoggerListener.log JVM Version:           1.8.0_191-b12
14-Mar-2019 09:10:37.176 信息 [main] org.apache.catalina.startup.VersionLoggerListener.log JVM Vendor:            Oracle Corporation
14-Mar-2019 09:10:37.176 信息 [main] org.apache.catalina.startup.VersionLoggerListener.log CATALINA_BASE:         C:\zwy\environment\Tomcat\apache-tomcat-8.5.34
14-Mar-2019 09:10:37.176 信息 [main] org.apache.catalina.startup.VersionLoggerListener.log CATALINA_HOME:         C:\zwy\environment\Tomcat\apache-tomcat-8.5.34
14-Mar-2019 09:10:37.176 信息 [main] org.apache.catalina.startup.VersionLoggerListener.log Command line argument: -Djava.util.logging.config.file=C:\zwy\environment\Tomcat\apache-tomcat-8.5.34\conf\logging.properties
14-Mar-2019 09:10:37.176 信息 [main] org.apache.catalina.startup.VersionLoggerListener.log Command line argument: -Djava.util.logging.manager=org.apache.juli.ClassLoaderLogManager
14-Mar-2019 09:10:37.176 信息 [main] org.apache.catalina.startup.VersionLoggerListener.log Command line argument: -Djdk.tls.ephemeralDHKeySize=2048
14-Mar-2019 09:10:37.176 信息 [main] org.apache.catalina.startup.VersionLoggerListener.log Command line argument: -Djava.protocol.handler.pkgs=org.apache.catalina.webresources
14-Mar-2019 09:10:37.176 信息 [main] org.apache.catalina.startup.VersionLoggerListener.log Command line argument: -Dignore.endorsed.dirs=
14-Mar-2019 09:10:37.176 信息 [main] org.apache.catalina.startup.VersionLoggerListener.log Command line argument: -Dcatalina.base=C:\zwy\environment\Tomcat\apache-tomcat-8.5.34
14-Mar-2019 09:10:37.176 信息 [main] org.apache.catalina.startup.VersionLoggerListener.log Command line argument: -Dcatalina.home=C:\zwy\environment\Tomcat\apache-tomcat-8.5.34
14-Mar-2019 09:10:37.176 信息 [main] org.apache.catalina.startup.VersionLoggerListener.log Command line argument: -Djava.io.tmpdir=C:\zwy\environment\Tomcat\apache-tomcat-8.5.34\temp
14-Mar-2019 09:10:37.176 信息 [main] org.apache.catalina.core.AprLifecycleListener.lifecycleEvent The APR based Apache Tomcat Native library which allows optimal performance in production environments was not found on the java.library.path: [C:\Program Files\Java\jdk1.8.0_191\bin;C:\WINDOWS\Sun\Java\bin;C:\WINDOWS\system32;C:\WINDOWS;C:\Program Files (x86)\NetSarang\Xshell 6\;C:\Program Files (x86)\Intel\iCLS Client\;C:\Program Files\Intel\iCLS Client\;C:\WINDOWS\system32;C:\WINDOWS;C:\WINDOWS\System32\Wbem;C:\WINDOWS\System32\WindowsPowerShell\v1.0\;C:\Program Files (x86)\Intel\Intel(R) Management Engine Components\DAL;C:\Program Files\Intel\Intel(R) Management Engine Components\DAL;C:\Program Files (x86)\Intel\Intel(R) Management Engine Components\IPT;C:\Program Files\Intel\Intel(R) Management Engine Components\IPT;C:\Program Files\Java\jdk1.8.0_191\bin;C:\zwy\environment\maven\apache-maven-3.5.4\bin;C:\zwy\environment\mysql\mysql-8.0.13-winx64\bin;C:\Program Files\TortoiseSVN\bin;C:\Program Files\Git\cmd;C:\Program Files\nodejs\;C:\WINDOWS\System32\OpenSSH\;C:\zwy\project\svn\zr\card_read\src\main\resources\termb.dll;C:\Program Files (x86)\sbt\bin;C:\Users\admin\AppData\Local\Microsoft\WindowsApps;C:\Users\admin\AppData\Roaming\npm;C:\Users\admin\.lein\bin;C:\zwy\project\svn\zr\card_read\src\main\resources\termb.dll;;.]
14-Mar-2019 09:10:37.346 信息 [main] org.apache.coyote.AbstractProtocol.init Initializing ProtocolHandler ["http-nio-8088"]
14-Mar-2019 09:10:37.750 信息 [main] org.apache.tomcat.util.net.NioSelectorPool.getSharedSelector Using a shared selector for servlet write/read
14-Mar-2019 09:10:37.766 信息 [main] org.apache.coyote.AbstractProtocol.init Initializing ProtocolHandler ["ajp-nio-8009"]
14-Mar-2019 09:10:37.766 信息 [main] org.apache.tomcat.util.net.NioSelectorPool.getSharedSelector Using a shared selector for servlet write/read
14-Mar-2019 09:10:37.766 信息 [main] org.apache.catalina.startup.Catalina.load Initialization processed in 1003 ms
14-Mar-2019 09:10:37.797 信息 [main] org.apache.catalina.core.StandardService.startInternal Starting service [Catalina]
14-Mar-2019 09:10:37.797 信息 [main] org.apache.catalina.core.StandardEngine.startInternal Starting Servlet Engine: Apache Tomcat/8.5.34
14-Mar-2019 09:10:38.114 信息 [localhost-startStop-1] org.apache.catalina.startup.HostConfig.deployWAR Deploying web application archive [C:\zwy\environment\Tomcat\apache-tomcat-8.5.34\webapps\zrtjoa.war]
14-Mar-2019 09:10:44.391 信息 [localhost-startStop-1] org.apache.jasper.servlet.TldScanner.scanJars At least one JAR was scanned for TLDs yet contained no TLDs. Enable debug logging for this logger for a complete list of JARs that were scanned but no TLDs were found in them. Skipping unneeded JARs during scanning can improve startup time and JSP compilation time.
14-Mar-2019 09:10:52.481 信息 [localhost-startStop-1] org.apache.catalina.startup.HostConfig.deployWAR Deployment of web application archive [C:\zwy\environment\Tomcat\apache-tomcat-8.5.34\webapps\zrtjoa.war] has finished in [14,359] ms
14-Mar-2019 09:10:52.483 信息 [localhost-startStop-1] org.apache.catalina.startup.HostConfig.deployDirectory Deploying web application directory [C:\zwy\environment\Tomcat\apache-tomcat-8.5.34\webapps\docs]
14-Mar-2019 09:10:52.513 信息 [localhost-startStop-1] org.apache.catalina.startup.HostConfig.deployDirectory Deployment of web application directory [C:\zwy\environment\Tomcat\apache-tomcat-8.5.34\webapps\docs] has finished in [30] ms
14-Mar-2019 09:10:52.513 信息 [localhost-startStop-1] org.apache.catalina.startup.HostConfig.deployDirectory Deploying web application directory [C:\zwy\environment\Tomcat\apache-tomcat-8.5.34\webapps\examples]
14-Mar-2019 09:10:52.944 信息 [localhost-startStop-1] org.apache.catalina.startup.HostConfig.deployDirectory Deployment of web application directory [C:\zwy\environment\Tomcat\apache-tomcat-8.5.34\webapps\examples] has finished in [431] ms
14-Mar-2019 09:10:52.944 信息 [localhost-startStop-1] org.apache.catalina.startup.HostConfig.deployDirectory Deploying web application directory [C:\zwy\environment\Tomcat\apache-tomcat-8.5.34\webapps\host-manager]
14-Mar-2019 09:10:52.977 信息 [localhost-startStop-1] org.apache.catalina.startup.HostConfig.deployDirectory Deployment of web application directory [C:\zwy\environment\Tomcat\apache-tomcat-8.5.34\webapps\host-manager] has finished in [33] ms
14-Mar-2019 09:10:52.977 信息 [localhost-startStop-1] org.apache.catalina.startup.HostConfig.deployDirectory Deploying web application directory [C:\zwy\environment\Tomcat\apache-tomcat-8.5.34\webapps\manager]
14-Mar-2019 09:10:53.015 信息 [localhost-startStop-1] org.apache.catalina.startup.HostConfig.deployDirectory Deployment of web application directory [C:\zwy\environment\Tomcat\apache-tomcat-8.5.34\webapps\manager] has finished in [38] ms
14-Mar-2019 09:10:53.017 信息 [main] org.apache.coyote.AbstractProtocol.start Starting ProtocolHandler ["http-nio-8088"]
14-Mar-2019 09:10:53.027 信息 [main] org.apache.coyote.AbstractProtocol.start Starting ProtocolHandler ["ajp-nio-8009"]
14-Mar-2019 09:10:53.037 信息 [main] org.apache.catalina.startup.Catalina.start Server startup in 15261 ms
14-Mar-2019 09:24:44.331 信息 [main] org.apache.catalina.core.StandardServer.await A valid shutdown command was received via the shutdown port. Stopping the Server instance.
14-Mar-2019 09:24:44.331 信息 [main] org.apache.coyote.AbstractProtocol.pause Pausing ProtocolHandler ["http-nio-8088"]
14-Mar-2019 09:24:44.737 信息 [main] org.apache.coyote.AbstractProtocol.pause Pausing ProtocolHandler ["ajp-nio-8009"]
14-Mar-2019 09:24:45.079 信息 [main] org.apache.catalina.core.StandardService.stopInternal Stopping service [Catalina]
14-Mar-2019 09:24:45.144 警告 [localhost-startStop-2] org.apache.catalina.loader.WebappClassLoaderBase.clearReferencesJdbc The web application [zrtjoa] registered the JDBC driver [com.mysql.cj.jdbc.Driver] but failed to unregister it when the web application was stopped. To prevent a memory leak, the JDBC Driver has been forcibly unregistered.
14-Mar-2019 09:24:45.145 警告 [localhost-startStop-2] org.apache.catalina.loader.WebappClassLoaderBase.clearReferencesThreads The web application [zrtjoa] appears to have started a thread named [Abandoned connection cleanup thread] but has failed to stop it. This is very likely to create a memory leak. Stack trace of thread:
 java.lang.Object.wait(Native Method)
 java.lang.ref.ReferenceQueue.remove(ReferenceQueue.java:144)
 com.mysql.cj.jdbc.AbandonedConnectionCleanupThread.run(AbandonedConnectionCleanupThread.java:70)
 java.util.concurrent.ThreadPoolExecutor.runWorker(ThreadPoolExecutor.java:1149)
 java.util.concurrent.ThreadPoolExecutor$Worker.run(ThreadPoolExecutor.java:624)
 java.lang.Thread.run(Thread.java:748)
14-Mar-2019 09:24:45.146 警告 [localhost-startStop-2] org.apache.catalina.loader.WebappClassLoaderBase.clearReferencesThreads The web application [zrtjoa] appears to have started a thread named [Timer-0] but has failed to stop it. This is very likely to create a memory leak. Stack trace of thread:
 java.lang.Object.wait(Native Method)
 java.lang.Object.wait(Object.java:502)
 java.util.TimerThread.mainLoop(Timer.java:526)
 java.util.TimerThread.run(Timer.java:505)
14-Mar-2019 09:24:45.151 信息 [main] org.apache.coyote.AbstractProtocol.stop Stopping ProtocolHandler ["http-nio-8088"]
14-Mar-2019 09:24:45.154 信息 [main] org.apache.coyote.AbstractProtocol.stop Stopping ProtocolHandler ["ajp-nio-8009"]
14-Mar-2019 09:24:45.158 信息 [main] org.apache.coyote.AbstractProtocol.destroy Destroying ProtocolHandler ["http-nio-8088"]
14-Mar-2019 09:24:45.158 信息 [main] org.apache.coyote.AbstractProtocol.destroy Destroying ProtocolHandler ["ajp-nio-8009"]
14-Mar-2019 09:24:48.549 信息 [main] org.apache.catalina.startup.VersionLoggerListener.log Server version:        Apache Tomcat/8.5.34
14-Mar-2019 09:24:48.552 信息 [main] org.apache.catalina.startup.VersionLoggerListener.log Server built:          Sep 4 2018 22:28:22 UTC
14-Mar-2019 09:24:48.553 信息 [main] org.apache.catalina.startup.VersionLoggerListener.log Server number:         8.5.34.0
14-Mar-2019 09:24:48.553 信息 [main] org.apache.catalina.startup.VersionLoggerListener.log OS Name:               Windows 10
14-Mar-2019 09:24:48.553 信息 [main] org.apache.catalina.startup.VersionLoggerListener.log OS Version:            10.0
14-Mar-2019 09:24:48.553 信息 [main] org.apache.catalina.startup.VersionLoggerListener.log Architecture:          amd64
14-Mar-2019 09:24:48.553 信息 [main] org.apache.catalina.startup.VersionLoggerListener.log Java Home:             C:\Program Files\Java\jdk1.8.0_191\jre
14-Mar-2019 09:24:48.553 信息 [main] org.apache.catalina.startup.VersionLoggerListener.log JVM Version:           1.8.0_191-b12
14-Mar-2019 09:24:48.554 信息 [main] org.apache.catalina.startup.VersionLoggerListener.log JVM Vendor:            Oracle Corporation
14-Mar-2019 09:24:48.555 信息 [main] org.apache.catalina.startup.VersionLoggerListener.log CATALINA_BASE:         C:\zwy\environment\Tomcat\apache-tomcat-8.5.34
14-Mar-2019 09:24:48.555 信息 [main] org.apache.catalina.startup.VersionLoggerListener.log CATALINA_HOME:         C:\zwy\environment\Tomcat\apache-tomcat-8.5.34
14-Mar-2019 09:24:48.556 信息 [main] org.apache.catalina.startup.VersionLoggerListener.log Command line argument: -Djava.util.logging.config.file=C:\zwy\environment\Tomcat\apache-tomcat-8.5.34\conf\logging.properties
14-Mar-2019 09:24:48.556 信息 [main] org.apache.catalina.startup.VersionLoggerListener.log Command line argument: -Djava.util.logging.manager=org.apache.juli.ClassLoaderLogManager
14-Mar-2019 09:24:48.556 信息 [main] org.apache.catalina.startup.VersionLoggerListener.log Command line argument: -Djdk.tls.ephemeralDHKeySize=2048
14-Mar-2019 09:24:48.556 信息 [main] org.apache.catalina.startup.VersionLoggerListener.log Command line argument: -Djava.protocol.handler.pkgs=org.apache.catalina.webresources
14-Mar-2019 09:24:48.556 信息 [main] org.apache.catalina.startup.VersionLoggerListener.log Command line argument: -Dignore.endorsed.dirs=
14-Mar-2019 09:24:48.556 信息 [main] org.apache.catalina.startup.VersionLoggerListener.log Command line argument: -Dcatalina.base=C:\zwy\environment\Tomcat\apache-tomcat-8.5.34
14-Mar-2019 09:24:48.557 信息 [main] org.apache.catalina.startup.VersionLoggerListener.log Command line argument: -Dcatalina.home=C:\zwy\environment\Tomcat\apache-tomcat-8.5.34
14-Mar-2019 09:24:48.557 信息 [main] org.apache.catalina.startup.VersionLoggerListener.log Command line argument: -Djava.io.tmpdir=C:\zwy\environment\Tomcat\apache-tomcat-8.5.34\temp
14-Mar-2019 09:24:48.558 信息 [main] org.apache.catalina.core.AprLifecycleListener.lifecycleEvent The APR based Apache Tomcat Native library which allows optimal performance in production environments was not found on the java.library.path: [C:\Program Files\Java\jdk1.8.0_191\bin;C:\WINDOWS\Sun\Java\bin;C:\WINDOWS\system32;C:\WINDOWS;C:\Program Files (x86)\NetSarang\Xshell 6\;C:\Program Files (x86)\Intel\iCLS Client\;C:\Program Files\Intel\iCLS Client\;C:\WINDOWS\system32;C:\WINDOWS;C:\WINDOWS\System32\Wbem;C:\WINDOWS\System32\WindowsPowerShell\v1.0\;C:\Program Files (x86)\Intel\Intel(R) Management Engine Components\DAL;C:\Program Files\Intel\Intel(R) Management Engine Components\DAL;C:\Program Files (x86)\Intel\Intel(R) Management Engine Components\IPT;C:\Program Files\Intel\Intel(R) Management Engine Components\IPT;C:\Program Files\Java\jdk1.8.0_191\bin;C:\zwy\environment\maven\apache-maven-3.5.4\bin;C:\zwy\environment\mysql\mysql-8.0.13-winx64\bin;C:\Program Files\TortoiseSVN\bin;C:\Program Files\Git\cmd;C:\Program Files\nodejs\;C:\WINDOWS\System32\OpenSSH\;C:\zwy\project\svn\zr\card_read\src\main\resources\termb.dll;C:\Program Files (x86)\sbt\bin;C:\Users\admin\AppData\Local\Microsoft\WindowsApps;C:\Users\admin\AppData\Roaming\npm;C:\Users\admin\.lein\bin;C:\zwy\project\svn\zr\card_read\src\main\resources\termb.dll;;.]
14-Mar-2019 09:24:48.675 信息 [main] org.apache.coyote.AbstractProtocol.init Initializing ProtocolHandler ["http-nio-8088"]
14-Mar-2019 09:24:49.083 信息 [main] org.apache.tomcat.util.net.NioSelectorPool.getSharedSelector Using a shared selector for servlet write/read
14-Mar-2019 09:24:49.090 信息 [main] org.apache.coyote.AbstractProtocol.init Initializing ProtocolHandler ["ajp-nio-8009"]
14-Mar-2019 09:24:49.092 信息 [main] org.apache.tomcat.util.net.NioSelectorPool.getSharedSelector Using a shared selector for servlet write/read
14-Mar-2019 09:24:49.093 信息 [main] org.apache.catalina.startup.Catalina.load Initialization processed in 910 ms
14-Mar-2019 09:24:49.121 信息 [main] org.apache.catalina.core.StandardService.startInternal Starting service [Catalina]
14-Mar-2019 09:24:49.121 信息 [main] org.apache.catalina.core.StandardEngine.startInternal Starting Servlet Engine: Apache Tomcat/8.5.34
14-Mar-2019 09:24:53.994 信息 [localhost-startStop-1] org.apache.jasper.servlet.TldScanner.scanJars At least one JAR was scanned for TLDs yet contained no TLDs. Enable debug logging for this logger for a complete list of JARs that were scanned but no TLDs were found in them. Skipping unneeded JARs during scanning can improve startup time and JSP compilation time.
14-Mar-2019 09:25:02.198 信息 [localhost-startStop-1] org.apache.catalina.startup.HostConfig.deployWAR Deploying web application archive [C:\zwy\environment\Tomcat\apache-tomcat-8.5.34\webapps\zrtjoa.war]
14-Mar-2019 09:25:07.081 信息 [localhost-startStop-1] org.apache.jasper.servlet.TldScanner.scanJars At least one JAR was scanned for TLDs yet contained no TLDs. Enable debug logging for this logger for a complete list of JARs that were scanned but no TLDs were found in them. Skipping unneeded JARs during scanning can improve startup time and JSP compilation time.
14-Mar-2019 09:25:15.277 信息 [localhost-startStop-1] org.apache.catalina.startup.HostConfig.deployWAR Deployment of web application archive [C:\zwy\environment\Tomcat\apache-tomcat-8.5.34\webapps\zrtjoa.war] has finished in [13,078] ms
14-Mar-2019 09:25:15.280 信息 [localhost-startStop-1] org.apache.catalina.startup.HostConfig.deployDirectory Deploying web application directory [C:\zwy\environment\Tomcat\apache-tomcat-8.5.34\webapps\docs]
14-Mar-2019 09:25:15.314 信息 [localhost-startStop-1] org.apache.catalina.startup.HostConfig.deployDirectory Deployment of web application directory [C:\zwy\environment\Tomcat\apache-tomcat-8.5.34\webapps\docs] has finished in [34] ms
14-Mar-2019 09:25:15.314 信息 [localhost-startStop-1] org.apache.catalina.startup.HostConfig.deployDirectory Deploying web application directory [C:\zwy\environment\Tomcat\apache-tomcat-8.5.34\webapps\examples]
14-Mar-2019 09:25:15.669 信息 [localhost-startStop-1] org.apache.catalina.startup.HostConfig.deployDirectory Deployment of web application directory [C:\zwy\environment\Tomcat\apache-tomcat-8.5.34\webapps\examples] has finished in [355] ms
14-Mar-2019 09:25:15.669 信息 [localhost-startStop-1] org.apache.catalina.startup.HostConfig.deployDirectory Deploying web application directory [C:\zwy\environment\Tomcat\apache-tomcat-8.5.34\webapps\host-manager]
14-Mar-2019 09:25:15.704 信息 [localhost-startStop-1] org.apache.catalina.startup.HostConfig.deployDirectory Deployment of web application directory [C:\zwy\environment\Tomcat\apache-tomcat-8.5.34\webapps\host-manager] has finished in [35] ms
14-Mar-2019 09:25:15.704 信息 [localhost-startStop-1] org.apache.catalina.startup.HostConfig.deployDirectory Deploying web application directory [C:\zwy\environment\Tomcat\apache-tomcat-8.5.34\webapps\manager]
14-Mar-2019 09:25:15.733 信息 [localhost-startStop-1] org.apache.catalina.startup.HostConfig.deployDirectory Deployment of web application directory [C:\zwy\environment\Tomcat\apache-tomcat-8.5.34\webapps\manager] has finished in [29] ms
14-Mar-2019 09:25:15.738 信息 [main] org.apache.coyote.AbstractProtocol.start Starting ProtocolHandler ["http-nio-8088"]
14-Mar-2019 09:25:15.747 信息 [main] org.apache.coyote.AbstractProtocol.start Starting ProtocolHandler ["ajp-nio-8009"]
14-Mar-2019 09:25:15.749 信息 [main] org.apache.catalina.startup.Catalina.start Server startup in 26655 ms
14-Mar-2019 09:25:51.894 警告 [main] org.apache.catalina.core.StandardServer.await StandardServer.await: Invalid command '' received
14-Mar-2019 10:14:43.649 警告 [main] org.apache.catalina.core.StandardServer.await StandardServer.await: Invalid command '' received
14-Mar-2019 10:16:10.327 警告 [main] org.apache.catalina.core.StandardServer.await StandardServer.await: Invalid command '' received
14-Mar-2019 10:17:08.128 警告 [main] org.apache.catalina.core.StandardServer.await StandardServer.await: Invalid command '' received
14-Mar-2019 10:18:21.000 警告 [main] org.apache.catalina.core.StandardServer.await StandardServer.await: Invalid command '' received
14-Mar-2019 13:47:13.107 警告 [main] org.apache.catalina.core.StandardServer.await StandardServer.await: Invalid command '' received
14-Mar-2019 13:50:04.629 警告 [main] org.apache.catalina.core.StandardServer.await StandardServer.await: Invalid command '' received
14-Mar-2019 13:58:28.094 警告 [main] org.apache.catalina.core.StandardServer.await StandardServer.await: Invalid command '' received
14-Mar-2019 14:34:12.980 警告 [main] org.apache.catalina.core.StandardServer.await StandardServer.await: Invalid command '' received
14-Mar-2019 14:37:09.464 警告 [main] org.apache.catalina.core.StandardServer.await StandardServer.await: Invalid command '' received
14-Mar-2019 18:15:18.932 信息 [ContainerBackgroundProcessor[StandardEngine[Catalina]]] org.apache.catalina.startup.HostConfig.undeploy Undeploying context [/zrtjoa]
14-Mar-2019 18:15:19.109 警告 [ContainerBackgroundProcessor[StandardEngine[Catalina]]] org.apache.catalina.loader.WebappClassLoaderBase.clearReferencesJdbc The web application [zrtjoa] registered the JDBC driver [com.mysql.cj.jdbc.Driver] but failed to unregister it when the web application was stopped. To prevent a memory leak, the JDBC Driver has been forcibly unregistered.
14-Mar-2019 18:15:19.113 警告 [ContainerBackgroundProcessor[StandardEngine[Catalina]]] org.apache.catalina.loader.WebappClassLoaderBase.clearReferencesThreads The web application [zrtjoa] appears to have started a thread named [Abandoned connection cleanup thread] but has failed to stop it. This is very likely to create a memory leak. Stack trace of thread:
 java.lang.Object.wait(Native Method)
 java.lang.ref.ReferenceQueue.remove(ReferenceQueue.java:144)
 com.mysql.cj.jdbc.AbandonedConnectionCleanupThread.run(AbandonedConnectionCleanupThread.java:70)
 java.util.concurrent.ThreadPoolExecutor.runWorker(ThreadPoolExecutor.java:1149)
 java.util.concurrent.ThreadPoolExecutor$Worker.run(ThreadPoolExecutor.java:624)
 java.lang.Thread.run(Thread.java:748)
14-Mar-2019 18:15:19.114 警告 [ContainerBackgroundProcessor[StandardEngine[Catalina]]] org.apache.catalina.loader.WebappClassLoaderBase.clearReferencesThreads The web application [zrtjoa] appears to have started a thread named [Timer-1] but has failed to stop it. This is very likely to create a memory leak. Stack trace of thread:
 java.lang.Object.wait(Native Method)
 java.lang.Object.wait(Object.java:502)
 java.util.TimerThread.mainLoop(Timer.java:526)
 java.util.TimerThread.run(Timer.java:505)
14-Mar-2019 18:15:22.983 信息 [Abandoned connection cleanup thread] org.apache.catalina.loader.WebappClassLoaderBase.checkStateForResourceLoading Illegal access: this web application instance has been stopped already. Could not load []. The following stack trace is thrown for debugging purposes as well as to attempt to terminate the thread which caused the illegal access.
 java.lang.IllegalStateException: Illegal access: this web application instance has been stopped already. Could not load []. The following stack trace is thrown for debugging purposes as well as to attempt to terminate the thread which caused the illegal access.
	at org.apache.catalina.loader.WebappClassLoaderBase.checkStateForResourceLoading(WebappClassLoaderBase.java:1329)
	at org.apache.catalina.loader.WebappClassLoaderBase.getResource(WebappClassLoaderBase.java:1004)
	at com.mysql.cj.jdbc.AbandonedConnectionCleanupThread.checkContextClassLoaders(AbandonedConnectionCleanupThread.java:96)
	at com.mysql.cj.jdbc.AbandonedConnectionCleanupThread.run(AbandonedConnectionCleanupThread.java:69)
	at java.util.concurrent.ThreadPoolExecutor.runWorker(ThreadPoolExecutor.java:1149)
	at java.util.concurrent.ThreadPoolExecutor$Worker.run(ThreadPoolExecutor.java:624)
	at java.lang.Thread.run(Thread.java:748)

14-Mar-2019 18:15:29.162 信息 [localhost-startStop-2] org.apache.catalina.startup.HostConfig.deployWAR Deploying web application archive [C:\zwy\environment\Tomcat\apache-tomcat-8.5.34\webapps\zrtjoa.war]
14-Mar-2019 18:15:29.599 信息 [main] org.apache.catalina.core.StandardServer.await A valid shutdown command was received via the shutdown port. Stopping the Server instance.
14-Mar-2019 18:15:29.602 信息 [main] org.apache.coyote.AbstractProtocol.pause Pausing ProtocolHandler ["http-nio-8088"]
14-Mar-2019 18:15:30.050 信息 [main] org.apache.coyote.AbstractProtocol.pause Pausing ProtocolHandler ["ajp-nio-8009"]
14-Mar-2019 18:15:30.534 信息 [main] org.apache.catalina.core.StandardService.stopInternal Stopping service [Catalina]
14-Mar-2019 18:15:30.535 严重 [ContainerBackgroundProcessor[StandardEngine[Catalina]]] org.apache.catalina.startup.HostConfig.deployWARs Error waiting for multi-thread deployment of WAR files to complete
 java.lang.InterruptedException
	at java.util.concurrent.FutureTask.awaitDone(FutureTask.java:404)
	at java.util.concurrent.FutureTask.get(FutureTask.java:191)
	at org.apache.catalina.startup.HostConfig.deployWARs(HostConfig.java:777)
	at org.apache.catalina.startup.HostConfig.deployApps(HostConfig.java:441)
	at org.apache.catalina.startup.HostConfig.check(HostConfig.java:1628)
	at org.apache.catalina.startup.HostConfig.lifecycleEvent(HostConfig.java:314)
	at org.apache.catalina.util.LifecycleBase.fireLifecycleEvent(LifecycleBase.java:94)
	at org.apache.catalina.core.ContainerBase.backgroundProcess(ContainerBase.java:1167)
	at org.apache.catalina.core.ContainerBase$ContainerBackgroundProcessor.processChildren(ContainerBase.java:1389)
	at org.apache.catalina.core.ContainerBase$ContainerBackgroundProcessor.processChildren(ContainerBase.java:1393)
	at org.apache.catalina.core.ContainerBase$ContainerBackgroundProcessor.run(ContainerBase.java:1361)
	at java.lang.Thread.run(Thread.java:748)

14-Mar-2019 18:15:40.453 严重 [main] org.apache.catalina.startup.Catalina.stopServer Could not contact [localhost:[8005]]. Tomcat may not be running.
14-Mar-2019 18:15:41.987 信息 [localhost-startStop-2] org.apache.jasper.servlet.TldScanner.scanJars At least one JAR was scanned for TLDs yet contained no TLDs. Enable debug logging for this logger for a complete list of JARs that were scanned but no TLDs were found in them. Skipping unneeded JARs during scanning can improve startup time and JSP compilation time.
14-Mar-2019 18:15:56.578 信息 [localhost-startStop-2] org.apache.catalina.startup.HostConfig.deployWAR Deployment of web application archive [C:\zwy\environment\Tomcat\apache-tomcat-8.5.34\webapps\zrtjoa.war] has finished in [27,415] ms
14-Mar-2019 18:15:56.649 警告 [localhost-startStop-2] org.apache.catalina.loader.WebappClassLoaderBase.clearReferencesJdbc The web application [ROOT] registered the JDBC driver [com.mysql.cj.jdbc.Driver] but failed to unregister it when the web application was stopped. To prevent a memory leak, the JDBC Driver has been forcibly unregistered.
14-Mar-2019 18:15:56.650 警告 [localhost-startStop-2] org.apache.catalina.loader.WebappClassLoaderBase.clearReferencesThreads The web application [ROOT] appears to have started a thread named [Abandoned connection cleanup thread] but has failed to stop it. This is very likely to create a memory leak. Stack trace of thread:
 java.lang.Object.wait(Native Method)
 java.lang.ref.ReferenceQueue.remove(ReferenceQueue.java:144)
 com.mysql.cj.jdbc.AbandonedConnectionCleanupThread.run(AbandonedConnectionCleanupThread.java:70)
 java.util.concurrent.ThreadPoolExecutor.runWorker(ThreadPoolExecutor.java:1149)
 java.util.concurrent.ThreadPoolExecutor$Worker.run(ThreadPoolExecutor.java:624)
 java.lang.Thread.run(Thread.java:748)
14-Mar-2019 18:15:56.650 警告 [localhost-startStop-2] org.apache.catalina.loader.WebappClassLoaderBase.clearReferencesThreads The web application [ROOT] appears to have started a thread named [Timer-0] but has failed to stop it. This is very likely to create a memory leak. Stack trace of thread:
 java.lang.Object.wait(Native Method)
 java.lang.Object.wait(Object.java:502)
 java.util.TimerThread.mainLoop(Timer.java:526)
 java.util.TimerThread.run(Timer.java:505)
14-Mar-2019 18:15:56.739 警告 [localhost-startStop-2] org.apache.catalina.loader.WebappClassLoaderBase.clearReferencesJdbc The web application [zrtjoa] registered the JDBC driver [com.mysql.cj.jdbc.Driver] but failed to unregister it when the web application was stopped. To prevent a memory leak, the JDBC Driver has been forcibly unregistered.
14-Mar-2019 18:15:56.740 警告 [localhost-startStop-2] org.apache.catalina.loader.WebappClassLoaderBase.clearReferencesThreads The web application [zrtjoa] appears to have started a thread named [Abandoned connection cleanup thread] but has failed to stop it. This is very likely to create a memory leak. Stack trace of thread:
 java.lang.Object.wait(Native Method)
 java.lang.ref.ReferenceQueue.remove(ReferenceQueue.java:144)
 com.mysql.cj.jdbc.AbandonedConnectionCleanupThread.run(AbandonedConnectionCleanupThread.java:70)
 java.util.concurrent.ThreadPoolExecutor.runWorker(ThreadPoolExecutor.java:1149)
 java.util.concurrent.ThreadPoolExecutor$Worker.run(ThreadPoolExecutor.java:624)
 java.lang.Thread.run(Thread.java:748)
14-Mar-2019 18:15:56.741 警告 [localhost-startStop-2] org.apache.catalina.loader.WebappClassLoaderBase.clearReferencesThreads The web application [zrtjoa] appears to have started a thread named [Timer-2] but has failed to stop it. This is very likely to create a memory leak. Stack trace of thread:
 java.lang.Object.wait(Native Method)
 java.lang.Object.wait(Object.java:502)
 java.util.TimerThread.mainLoop(Timer.java:526)
 java.util.TimerThread.run(Timer.java:505)
14-Mar-2019 18:15:56.749 信息 [main] org.apache.coyote.AbstractProtocol.stop Stopping ProtocolHandler ["http-nio-8088"]
14-Mar-2019 18:15:56.758 信息 [main] org.apache.coyote.AbstractProtocol.stop Stopping ProtocolHandler ["ajp-nio-8009"]
14-Mar-2019 18:15:56.766 信息 [main] org.apache.coyote.AbstractProtocol.destroy Destroying ProtocolHandler ["http-nio-8088"]
14-Mar-2019 18:15:56.768 信息 [main] org.apache.coyote.AbstractProtocol.destroy Destroying ProtocolHandler ["ajp-nio-8009"]
14-Mar-2019 18:16:01.215 严重 [main] org.apache.catalina.startup.Catalina.stopServer Could not contact [localhost:[8005]]. Tomcat may not be running.
14-Mar-2019 18:16:03.654 信息 [main] org.apache.catalina.startup.VersionLoggerListener.log Server version:        Apache Tomcat/8.5.34
14-Mar-2019 18:16:03.658 信息 [main] org.apache.catalina.startup.VersionLoggerListener.log Server built:          Sep 4 2018 22:28:22 UTC
14-Mar-2019 18:16:03.658 信息 [main] org.apache.catalina.startup.VersionLoggerListener.log Server number:         8.5.34.0
14-Mar-2019 18:16:03.658 信息 [main] org.apache.catalina.startup.VersionLoggerListener.log OS Name:               Windows 10
14-Mar-2019 18:16:03.659 信息 [main] org.apache.catalina.startup.VersionLoggerListener.log OS Version:            10.0
14-Mar-2019 18:16:03.659 信息 [main] org.apache.catalina.startup.VersionLoggerListener.log Architecture:          amd64
14-Mar-2019 18:16:03.659 信息 [main] org.apache.catalina.startup.VersionLoggerListener.log Java Home:             C:\Program Files\Java\jdk1.8.0_191\jre
14-Mar-2019 18:16:03.659 信息 [main] org.apache.catalina.startup.VersionLoggerListener.log JVM Version:           1.8.0_191-b12
14-Mar-2019 18:16:03.662 信息 [main] org.apache.catalina.startup.VersionLoggerListener.log JVM Vendor:            Oracle Corporation
14-Mar-2019 18:16:03.662 信息 [main] org.apache.catalina.startup.VersionLoggerListener.log CATALINA_BASE:         C:\zwy\environment\Tomcat\apache-tomcat-8.5.34
14-Mar-2019 18:16:03.663 信息 [main] org.apache.catalina.startup.VersionLoggerListener.log CATALINA_HOME:         C:\zwy\environment\Tomcat\apache-tomcat-8.5.34
14-Mar-2019 18:16:03.663 信息 [main] org.apache.catalina.startup.VersionLoggerListener.log Command line argument: -Djava.util.logging.config.file=C:\zwy\environment\Tomcat\apache-tomcat-8.5.34\conf\logging.properties
14-Mar-2019 18:16:03.663 信息 [main] org.apache.catalina.startup.VersionLoggerListener.log Command line argument: -Djava.util.logging.manager=org.apache.juli.ClassLoaderLogManager
14-Mar-2019 18:16:03.663 信息 [main] org.apache.catalina.startup.VersionLoggerListener.log Command line argument: -Djdk.tls.ephemeralDHKeySize=2048
14-Mar-2019 18:16:03.663 信息 [main] org.apache.catalina.startup.VersionLoggerListener.log Command line argument: -Djava.protocol.handler.pkgs=org.apache.catalina.webresources
14-Mar-2019 18:16:03.663 信息 [main] org.apache.catalina.startup.VersionLoggerListener.log Command line argument: -Dignore.endorsed.dirs=
14-Mar-2019 18:16:03.663 信息 [main] org.apache.catalina.startup.VersionLoggerListener.log Command line argument: -Dcatalina.base=C:\zwy\environment\Tomcat\apache-tomcat-8.5.34
14-Mar-2019 18:16:03.664 信息 [main] org.apache.catalina.startup.VersionLoggerListener.log Command line argument: -Dcatalina.home=C:\zwy\environment\Tomcat\apache-tomcat-8.5.34
14-Mar-2019 18:16:03.664 信息 [main] org.apache.catalina.startup.VersionLoggerListener.log Command line argument: -Djava.io.tmpdir=C:\zwy\environment\Tomcat\apache-tomcat-8.5.34\temp
14-Mar-2019 18:16:03.664 信息 [main] org.apache.catalina.core.AprLifecycleListener.lifecycleEvent The APR based Apache Tomcat Native library which allows optimal performance in production environments was not found on the java.library.path: [C:\Program Files\Java\jdk1.8.0_191\bin;C:\WINDOWS\Sun\Java\bin;C:\WINDOWS\system32;C:\WINDOWS;C:\Program Files (x86)\NetSarang\Xshell 6\;C:\Program Files (x86)\Intel\iCLS Client\;C:\Program Files\Intel\iCLS Client\;C:\WINDOWS\system32;C:\WINDOWS;C:\WINDOWS\System32\Wbem;C:\WINDOWS\System32\WindowsPowerShell\v1.0\;C:\Program Files (x86)\Intel\Intel(R) Management Engine Components\DAL;C:\Program Files\Intel\Intel(R) Management Engine Components\DAL;C:\Program Files (x86)\Intel\Intel(R) Management Engine Components\IPT;C:\Program Files\Intel\Intel(R) Management Engine Components\IPT;C:\Program Files\Java\jdk1.8.0_191\bin;C:\zwy\environment\maven\apache-maven-3.5.4\bin;C:\zwy\environment\mysql\mysql-8.0.13-winx64\bin;C:\Program Files\TortoiseSVN\bin;C:\Program Files\Git\cmd;C:\Program Files\nodejs\;C:\WINDOWS\System32\OpenSSH\;C:\zwy\project\svn\zr\card_read\src\main\resources\termb.dll;C:\Program Files (x86)\sbt\bin;C:\Users\admin\AppData\Local\Microsoft\WindowsApps;C:\Users\admin\AppData\Roaming\npm;C:\Users\admin\.lein\bin;C:\zwy\project\svn\zr\card_read\src\main\resources\termb.dll;;.]
14-Mar-2019 18:16:03.851 信息 [main] org.apache.coyote.AbstractProtocol.init Initializing ProtocolHandler ["http-nio-8088"]
14-Mar-2019 18:16:04.370 信息 [main] org.apache.tomcat.util.net.NioSelectorPool.getSharedSelector Using a shared selector for servlet write/read
14-Mar-2019 18:16:04.379 信息 [main] org.apache.coyote.AbstractProtocol.init Initializing ProtocolHandler ["ajp-nio-8009"]
14-Mar-2019 18:16:04.381 信息 [main] org.apache.tomcat.util.net.NioSelectorPool.getSharedSelector Using a shared selector for servlet write/read
14-Mar-2019 18:16:04.382 信息 [main] org.apache.catalina.startup.Catalina.load Initialization processed in 1203 ms
14-Mar-2019 18:16:04.418 信息 [main] org.apache.catalina.core.StandardService.startInternal Starting service [Catalina]
14-Mar-2019 18:16:04.418 信息 [main] org.apache.catalina.core.StandardEngine.startInternal Starting Servlet Engine: Apache Tomcat/8.5.34
14-Mar-2019 18:16:12.231 信息 [localhost-startStop-1] org.apache.jasper.servlet.TldScanner.scanJars At least one JAR was scanned for TLDs yet contained no TLDs. Enable debug logging for this logger for a complete list of JARs that were scanned but no TLDs were found in them. Skipping unneeded JARs during scanning can improve startup time and JSP compilation time.
14-Mar-2019 18:16:24.381 信息 [localhost-startStop-1] org.apache.catalina.startup.HostConfig.deployWAR Deploying web application archive [C:\zwy\environment\Tomcat\apache-tomcat-8.5.34\webapps\zrtjoa.war]
14-Mar-2019 18:16:30.787 信息 [localhost-startStop-1] org.apache.jasper.servlet.TldScanner.scanJars At least one JAR was scanned for TLDs yet contained no TLDs. Enable debug logging for this logger for a complete list of JARs that were scanned but no TLDs were found in them. Skipping unneeded JARs during scanning can improve startup time and JSP compilation time.
14-Mar-2019 18:16:40.718 信息 [localhost-startStop-1] org.apache.catalina.startup.HostConfig.deployWAR Deployment of web application archive [C:\zwy\environment\Tomcat\apache-tomcat-8.5.34\webapps\zrtjoa.war] has finished in [16,330] ms
14-Mar-2019 18:16:40.726 信息 [localhost-startStop-1] org.apache.catalina.startup.HostConfig.deployDirectory Deploying web application directory [C:\zwy\environment\Tomcat\apache-tomcat-8.5.34\webapps\docs]
14-Mar-2019 18:16:40.784 信息 [localhost-startStop-1] org.apache.catalina.startup.HostConfig.deployDirectory Deployment of web application directory [C:\zwy\environment\Tomcat\apache-tomcat-8.5.34\webapps\docs] has finished in [61] ms
14-Mar-2019 18:16:40.784 信息 [localhost-startStop-1] org.apache.catalina.startup.HostConfig.deployDirectory Deploying web application directory [C:\zwy\environment\Tomcat\apache-tomcat-8.5.34\webapps\examples]
14-Mar-2019 18:16:41.331 信息 [localhost-startStop-1] org.apache.catalina.startup.HostConfig.deployDirectory Deployment of web application directory [C:\zwy\environment\Tomcat\apache-tomcat-8.5.34\webapps\examples] has finished in [547] ms
14-Mar-2019 18:16:41.332 信息 [localhost-startStop-1] org.apache.catalina.startup.HostConfig.deployDirectory Deploying web application directory [C:\zwy\environment\Tomcat\apache-tomcat-8.5.34\webapps\host-manager]
14-Mar-2019 18:16:41.379 信息 [localhost-startStop-1] org.apache.catalina.startup.HostConfig.deployDirectory Deployment of web application directory [C:\zwy\environment\Tomcat\apache-tomcat-8.5.34\webapps\host-manager] has finished in [47] ms
14-Mar-2019 18:16:41.380 信息 [localhost-startStop-1] org.apache.catalina.startup.HostConfig.deployDirectory Deploying web application directory [C:\zwy\environment\Tomcat\apache-tomcat-8.5.34\webapps\manager]
14-Mar-2019 18:16:41.419 信息 [localhost-startStop-1] org.apache.catalina.startup.HostConfig.deployDirectory Deployment of web application directory [C:\zwy\environment\Tomcat\apache-tomcat-8.5.34\webapps\manager] has finished in [39] ms
14-Mar-2019 18:16:41.426 信息 [main] org.apache.coyote.AbstractProtocol.start Starting ProtocolHandler ["http-nio-8088"]
14-Mar-2019 18:16:41.438 信息 [main] org.apache.coyote.AbstractProtocol.start Starting ProtocolHandler ["ajp-nio-8009"]
14-Mar-2019 18:16:41.441 信息 [main] org.apache.catalina.startup.Catalina.start Server startup in 37058 ms
14-Mar-2019 19:11:16.101 信息 [main] org.apache.catalina.core.StandardServer.await A valid shutdown command was received via the shutdown port. Stopping the Server instance.
14-Mar-2019 19:11:16.116 信息 [main] org.apache.coyote.AbstractProtocol.pause Pausing ProtocolHandler ["http-nio-8088"]
14-Mar-2019 19:11:16.497 信息 [main] org.apache.coyote.AbstractProtocol.pause Pausing ProtocolHandler ["ajp-nio-8009"]
14-Mar-2019 19:11:16.911 信息 [main] org.apache.catalina.core.StandardService.stopInternal Stopping service [Catalina]
14-Mar-2019 19:11:17.109 警告 [localhost-startStop-2] org.apache.catalina.loader.WebappClassLoaderBase.clearReferencesJdbc The web application [ROOT] registered the JDBC driver [com.mysql.cj.jdbc.Driver] but failed to unregister it when the web application was stopped. To prevent a memory leak, the JDBC Driver has been forcibly unregistered.
14-Mar-2019 19:11:17.112 警告 [localhost-startStop-2] org.apache.catalina.loader.WebappClassLoaderBase.clearReferencesThreads The web application [ROOT] appears to have started a thread named [Abandoned connection cleanup thread] but has failed to stop it. This is very likely to create a memory leak. Stack trace of thread:
 java.lang.Object.wait(Native Method)
 java.lang.ref.ReferenceQueue.remove(ReferenceQueue.java:144)
 com.mysql.cj.jdbc.AbandonedConnectionCleanupThread.run(AbandonedConnectionCleanupThread.java:70)
 java.util.concurrent.ThreadPoolExecutor.runWorker(ThreadPoolExecutor.java:1149)
 java.util.concurrent.ThreadPoolExecutor$Worker.run(ThreadPoolExecutor.java:624)
 java.lang.Thread.run(Thread.java:748)
14-Mar-2019 19:11:17.113 警告 [localhost-startStop-2] org.apache.catalina.loader.WebappClassLoaderBase.clearReferencesThreads The web application [ROOT] appears to have started a thread named [Timer-0] but has failed to stop it. This is very likely to create a memory leak. Stack trace of thread:
 java.lang.Object.wait(Native Method)
 java.lang.Object.wait(Object.java:502)
 java.util.TimerThread.mainLoop(Timer.java:526)
 java.util.TimerThread.run(Timer.java:505)
14-Mar-2019 19:11:17.394 警告 [localhost-startStop-2] org.apache.catalina.loader.WebappClassLoaderBase.clearReferencesJdbc The web application [zrtjoa] registered the JDBC driver [com.mysql.cj.jdbc.Driver] but failed to unregister it when the web application was stopped. To prevent a memory leak, the JDBC Driver has been forcibly unregistered.
14-Mar-2019 19:11:17.395 警告 [localhost-startStop-2] org.apache.catalina.loader.WebappClassLoaderBase.clearReferencesThreads The web application [zrtjoa] appears to have started a thread named [Abandoned connection cleanup thread] but has failed to stop it. This is very likely to create a memory leak. Stack trace of thread:
 java.lang.Object.wait(Native Method)
 java.lang.ref.ReferenceQueue.remove(ReferenceQueue.java:144)
 com.mysql.cj.jdbc.AbandonedConnectionCleanupThread.run(AbandonedConnectionCleanupThread.java:70)
 java.util.concurrent.ThreadPoolExecutor.runWorker(ThreadPoolExecutor.java:1149)
 java.util.concurrent.ThreadPoolExecutor$Worker.run(ThreadPoolExecutor.java:624)
 java.lang.Thread.run(Thread.java:748)
14-Mar-2019 19:11:17.396 警告 [localhost-startStop-2] org.apache.catalina.loader.WebappClassLoaderBase.clearReferencesThreads The web application [zrtjoa] appears to have started a thread named [Timer-1] but has failed to stop it. This is very likely to create a memory leak. Stack trace of thread:
 java.lang.Object.wait(Native Method)
 java.lang.Object.wait(Object.java:502)
 java.util.TimerThread.mainLoop(Timer.java:526)
 java.util.TimerThread.run(Timer.java:505)
14-Mar-2019 19:11:17.422 信息 [main] org.apache.coyote.AbstractProtocol.stop Stopping ProtocolHandler ["http-nio-8088"]
14-Mar-2019 19:11:17.428 信息 [main] org.apache.coyote.AbstractProtocol.stop Stopping ProtocolHandler ["ajp-nio-8009"]
14-Mar-2019 19:11:17.440 信息 [main] org.apache.coyote.AbstractProtocol.destroy Destroying ProtocolHandler ["http-nio-8088"]
14-Mar-2019 19:11:17.442 信息 [main] org.apache.coyote.AbstractProtocol.destroy Destroying ProtocolHandler ["ajp-nio-8009"]
