20-Feb-2019 08:59:03.013 信息 [main] org.apache.catalina.startup.VersionLoggerListener.log Server version:        Apache Tomcat/8.5.34
20-Feb-2019 08:59:03.035 信息 [main] org.apache.catalina.startup.VersionLoggerListener.log Server built:          Sep 4 2018 22:28:22 UTC
20-Feb-2019 08:59:03.035 信息 [main] org.apache.catalina.startup.VersionLoggerListener.log Server number:         8.5.34.0
20-Feb-2019 08:59:03.035 信息 [main] org.apache.catalina.startup.VersionLoggerListener.log OS Name:               Windows 10
20-Feb-2019 08:59:03.035 信息 [main] org.apache.catalina.startup.VersionLoggerListener.log OS Version:            10.0
20-Feb-2019 08:59:03.035 信息 [main] org.apache.catalina.startup.VersionLoggerListener.log Architecture:          amd64
20-Feb-2019 08:59:03.035 信息 [main] org.apache.catalina.startup.VersionLoggerListener.log Java Home:             C:\Program Files\Java\jdk1.8.0_191\jre
20-Feb-2019 08:59:03.035 信息 [main] org.apache.catalina.startup.VersionLoggerListener.log JVM Version:           1.8.0_191-b12
20-Feb-2019 08:59:03.035 信息 [main] org.apache.catalina.startup.VersionLoggerListener.log JVM Vendor:            Oracle Corporation
20-Feb-2019 08:59:03.035 信息 [main] org.apache.catalina.startup.VersionLoggerListener.log CATALINA_BASE:         C:\zwy\environment\Tomcat\apache-tomcat-8.5.34
20-Feb-2019 08:59:03.035 信息 [main] org.apache.catalina.startup.VersionLoggerListener.log CATALINA_HOME:         C:\zwy\environment\Tomcat\apache-tomcat-8.5.34
20-Feb-2019 08:59:03.035 信息 [main] org.apache.catalina.startup.VersionLoggerListener.log Command line argument: -Djava.util.logging.config.file=C:\zwy\environment\Tomcat\apache-tomcat-8.5.34\conf\logging.properties
20-Feb-2019 08:59:03.035 信息 [main] org.apache.catalina.startup.VersionLoggerListener.log Command line argument: -Djava.util.logging.manager=org.apache.juli.ClassLoaderLogManager
20-Feb-2019 08:59:03.035 信息 [main] org.apache.catalina.startup.VersionLoggerListener.log Command line argument: -Djdk.tls.ephemeralDHKeySize=2048
20-Feb-2019 08:59:03.035 信息 [main] org.apache.catalina.startup.VersionLoggerListener.log Command line argument: -Djava.protocol.handler.pkgs=org.apache.catalina.webresources
20-Feb-2019 08:59:03.035 信息 [main] org.apache.catalina.startup.VersionLoggerListener.log Command line argument: -Dignore.endorsed.dirs=
20-Feb-2019 08:59:03.035 信息 [main] org.apache.catalina.startup.VersionLoggerListener.log Command line argument: -Dcatalina.base=C:\zwy\environment\Tomcat\apache-tomcat-8.5.34
20-Feb-2019 08:59:03.035 信息 [main] org.apache.catalina.startup.VersionLoggerListener.log Command line argument: -Dcatalina.home=C:\zwy\environment\Tomcat\apache-tomcat-8.5.34
20-Feb-2019 08:59:03.035 信息 [main] org.apache.catalina.startup.VersionLoggerListener.log Command line argument: -Djava.io.tmpdir=C:\zwy\environment\Tomcat\apache-tomcat-8.5.34\temp
20-Feb-2019 08:59:03.035 信息 [main] org.apache.catalina.core.AprLifecycleListener.lifecycleEvent The APR based Apache Tomcat Native library which allows optimal performance in production environments was not found on the java.library.path: [C:\Program Files\Java\jdk1.8.0_191\bin;C:\WINDOWS\Sun\Java\bin;C:\WINDOWS\system32;C:\WINDOWS;C:\Program Files (x86)\NetSarang\Xshell 6\;C:\Program Files (x86)\Intel\iCLS Client\;C:\Program Files\Intel\iCLS Client\;C:\WINDOWS\system32;C:\WINDOWS;C:\WINDOWS\System32\Wbem;C:\WINDOWS\System32\WindowsPowerShell\v1.0\;C:\Program Files (x86)\Intel\Intel(R) Management Engine Components\DAL;C:\Program Files\Intel\Intel(R) Management Engine Components\DAL;C:\Program Files (x86)\Intel\Intel(R) Management Engine Components\IPT;C:\Program Files\Intel\Intel(R) Management Engine Components\IPT;C:\Program Files\Java\jdk1.8.0_191\bin;C:\zwy\environment\maven\apache-maven-3.5.4\bin;C:\zwy\environment\mysql\mysql-8.0.13-winx64\bin;C:\Program Files\TortoiseSVN\bin;C:\Program Files\Git\cmd;C:\Program Files\nodejs\;C:\WINDOWS\System32\OpenSSH\;C:\zwy\project\svn\zr\card_read\src\main\resources\termb.dll;C:\Program Files (x86)\sbt\bin;C:\Users\admin\AppData\Local\Microsoft\WindowsApps;C:\Users\admin\AppData\Roaming\npm;C:\Users\admin\.lein\bin;C:\zwy\project\svn\zr\card_read\src\main\resources\termb.dll;;.]
20-Feb-2019 08:59:03.715 信息 [main] org.apache.coyote.AbstractProtocol.init Initializing ProtocolHandler ["http-nio-8088"]
20-Feb-2019 08:59:04.470 信息 [main] org.apache.tomcat.util.net.NioSelectorPool.getSharedSelector Using a shared selector for servlet write/read
20-Feb-2019 08:59:04.485 信息 [main] org.apache.coyote.AbstractProtocol.init Initializing ProtocolHandler ["ajp-nio-8009"]
20-Feb-2019 08:59:04.485 信息 [main] org.apache.tomcat.util.net.NioSelectorPool.getSharedSelector Using a shared selector for servlet write/read
20-Feb-2019 08:59:04.485 信息 [main] org.apache.catalina.startup.Catalina.load Initialization processed in 2090 ms
20-Feb-2019 08:59:04.539 信息 [main] org.apache.catalina.core.StandardService.startInternal Starting service [Catalina]
20-Feb-2019 08:59:04.539 信息 [main] org.apache.catalina.core.StandardEngine.startInternal Starting Servlet Engine: Apache Tomcat/8.5.34
20-Feb-2019 08:59:14.270 信息 [localhost-startStop-1] org.apache.jasper.servlet.TldScanner.scanJars At least one JAR was scanned for TLDs yet contained no TLDs. Enable debug logging for this logger for a complete list of JARs that were scanned but no TLDs were found in them. Skipping unneeded JARs during scanning can improve startup time and JSP compilation time.
20-Feb-2019 08:59:32.787 信息 [localhost-startStop-1] org.apache.catalina.startup.HostConfig.deployWAR Deploying web application archive [C:\zwy\environment\Tomcat\apache-tomcat-8.5.34\webapps\zrtjoa.war]
20-Feb-2019 08:59:42.161 信息 [localhost-startStop-1] org.apache.jasper.servlet.TldScanner.scanJars At least one JAR was scanned for TLDs yet contained no TLDs. Enable debug logging for this logger for a complete list of JARs that were scanned but no TLDs were found in them. Skipping unneeded JARs during scanning can improve startup time and JSP compilation time.
20-Feb-2019 09:00:00.311 信息 [localhost-startStop-1] org.apache.catalina.startup.HostConfig.deployWAR Deployment of web application archive [C:\zwy\environment\Tomcat\apache-tomcat-8.5.34\webapps\zrtjoa.war] has finished in [27,524] ms
20-Feb-2019 09:00:00.318 信息 [localhost-startStop-1] org.apache.catalina.startup.HostConfig.deployDirectory Deploying web application directory [C:\zwy\environment\Tomcat\apache-tomcat-8.5.34\webapps\docs]
20-Feb-2019 09:00:00.408 信息 [localhost-startStop-1] org.apache.catalina.startup.HostConfig.deployDirectory Deployment of web application directory [C:\zwy\environment\Tomcat\apache-tomcat-8.5.34\webapps\docs] has finished in [90] ms
20-Feb-2019 09:00:00.413 信息 [localhost-startStop-1] org.apache.catalina.startup.HostConfig.deployDirectory Deploying web application directory [C:\zwy\environment\Tomcat\apache-tomcat-8.5.34\webapps\examples]
20-Feb-2019 09:00:02.760 信息 [localhost-startStop-1] org.apache.catalina.startup.HostConfig.deployDirectory Deployment of web application directory [C:\zwy\environment\Tomcat\apache-tomcat-8.5.34\webapps\examples] has finished in [2,347] ms
20-Feb-2019 09:00:02.760 信息 [localhost-startStop-1] org.apache.catalina.startup.HostConfig.deployDirectory Deploying web application directory [C:\zwy\environment\Tomcat\apache-tomcat-8.5.34\webapps\host-manager]
20-Feb-2019 09:00:02.849 信息 [localhost-startStop-1] org.apache.catalina.startup.HostConfig.deployDirectory Deployment of web application directory [C:\zwy\environment\Tomcat\apache-tomcat-8.5.34\webapps\host-manager] has finished in [89] ms
20-Feb-2019 09:00:02.849 信息 [localhost-startStop-1] org.apache.catalina.startup.HostConfig.deployDirectory Deploying web application directory [C:\zwy\environment\Tomcat\apache-tomcat-8.5.34\webapps\manager]
20-Feb-2019 09:00:02.937 信息 [localhost-startStop-1] org.apache.catalina.startup.HostConfig.deployDirectory Deployment of web application directory [C:\zwy\environment\Tomcat\apache-tomcat-8.5.34\webapps\manager] has finished in [88] ms
20-Feb-2019 09:00:02.952 信息 [main] org.apache.coyote.AbstractProtocol.start Starting ProtocolHandler ["http-nio-8088"]
20-Feb-2019 09:00:02.974 信息 [main] org.apache.coyote.AbstractProtocol.start Starting ProtocolHandler ["ajp-nio-8009"]
20-Feb-2019 09:00:02.974 信息 [main] org.apache.catalina.startup.Catalina.start Server startup in 58487 ms
20-Feb-2019 13:07:16.459 信息 [main] org.apache.catalina.core.StandardServer.await A valid shutdown command was received via the shutdown port. Stopping the Server instance.
20-Feb-2019 13:07:16.525 信息 [main] org.apache.coyote.AbstractProtocol.pause Pausing ProtocolHandler ["http-nio-8088"]
20-Feb-2019 13:07:17.307 信息 [main] org.apache.coyote.AbstractProtocol.pause Pausing ProtocolHandler ["ajp-nio-8009"]
20-Feb-2019 13:07:17.922 信息 [main] org.apache.catalina.core.StandardService.stopInternal Stopping service [Catalina]
20-Feb-2019 13:07:19.852 警告 [localhost-startStop-2] org.apache.catalina.loader.WebappClassLoaderBase.clearReferencesJdbc The web application [ROOT] registered the JDBC driver [com.mysql.cj.jdbc.Driver] but failed to unregister it when the web application was stopped. To prevent a memory leak, the JDBC Driver has been forcibly unregistered.
20-Feb-2019 13:07:19.863 警告 [localhost-startStop-2] org.apache.catalina.loader.WebappClassLoaderBase.clearReferencesThreads The web application [ROOT] appears to have started a thread named [Abandoned connection cleanup thread] but has failed to stop it. This is very likely to create a memory leak. Stack trace of thread:
 java.lang.Object.wait(Native Method)
 java.lang.ref.ReferenceQueue.remove(ReferenceQueue.java:144)
 com.mysql.cj.jdbc.AbandonedConnectionCleanupThread.run(AbandonedConnectionCleanupThread.java:70)
 java.util.concurrent.ThreadPoolExecutor.runWorker(ThreadPoolExecutor.java:1149)
 java.util.concurrent.ThreadPoolExecutor$Worker.run(ThreadPoolExecutor.java:624)
 java.lang.Thread.run(Thread.java:748)
20-Feb-2019 13:07:19.867 警告 [localhost-startStop-2] org.apache.catalina.loader.WebappClassLoaderBase.clearReferencesThreads The web application [ROOT] appears to have started a thread named [Timer-0] but has failed to stop it. This is very likely to create a memory leak. Stack trace of thread:
 java.lang.Object.wait(Native Method)
 java.lang.Object.wait(Object.java:502)
 java.util.TimerThread.mainLoop(Timer.java:526)
 java.util.TimerThread.run(Timer.java:505)
20-Feb-2019 13:07:20.644 警告 [localhost-startStop-2] org.apache.catalina.loader.WebappClassLoaderBase.clearReferencesJdbc The web application [zrtjoa] registered the JDBC driver [com.mysql.cj.jdbc.Driver] but failed to unregister it when the web application was stopped. To prevent a memory leak, the JDBC Driver has been forcibly unregistered.
20-Feb-2019 13:07:20.645 警告 [localhost-startStop-2] org.apache.catalina.loader.WebappClassLoaderBase.clearReferencesThreads The web application [zrtjoa] appears to have started a thread named [Abandoned connection cleanup thread] but has failed to stop it. This is very likely to create a memory leak. Stack trace of thread:
 java.lang.Object.wait(Native Method)
 java.lang.ref.ReferenceQueue.remove(ReferenceQueue.java:144)
 com.mysql.cj.jdbc.AbandonedConnectionCleanupThread.run(AbandonedConnectionCleanupThread.java:70)
 java.util.concurrent.ThreadPoolExecutor.runWorker(ThreadPoolExecutor.java:1149)
 java.util.concurrent.ThreadPoolExecutor$Worker.run(ThreadPoolExecutor.java:624)
 java.lang.Thread.run(Thread.java:748)
20-Feb-2019 13:07:20.647 警告 [localhost-startStop-2] org.apache.catalina.loader.WebappClassLoaderBase.clearReferencesThreads The web application [zrtjoa] appears to have started a thread named [Timer-1] but has failed to stop it. This is very likely to create a memory leak. Stack trace of thread:
 java.lang.Object.wait(Native Method)
 java.lang.Object.wait(Object.java:502)
 java.util.TimerThread.mainLoop(Timer.java:526)
 java.util.TimerThread.run(Timer.java:505)
20-Feb-2019 13:07:20.702 信息 [main] org.apache.coyote.AbstractProtocol.stop Stopping ProtocolHandler ["http-nio-8088"]
20-Feb-2019 13:07:20.722 信息 [main] org.apache.coyote.AbstractProtocol.stop Stopping ProtocolHandler ["ajp-nio-8009"]
20-Feb-2019 13:07:20.749 信息 [main] org.apache.coyote.AbstractProtocol.destroy Destroying ProtocolHandler ["http-nio-8088"]
20-Feb-2019 13:07:20.756 信息 [main] org.apache.coyote.AbstractProtocol.destroy Destroying ProtocolHandler ["ajp-nio-8009"]
20-Feb-2019 13:07:24.778 信息 [main] org.apache.catalina.startup.VersionLoggerListener.log Server version:        Apache Tomcat/8.5.34
20-Feb-2019 13:07:24.788 信息 [main] org.apache.catalina.startup.VersionLoggerListener.log Server built:          Sep 4 2018 22:28:22 UTC
20-Feb-2019 13:07:24.788 信息 [main] org.apache.catalina.startup.VersionLoggerListener.log Server number:         8.5.34.0
20-Feb-2019 13:07:24.789 信息 [main] org.apache.catalina.startup.VersionLoggerListener.log OS Name:               Windows 10
20-Feb-2019 13:07:24.789 信息 [main] org.apache.catalina.startup.VersionLoggerListener.log OS Version:            10.0
20-Feb-2019 13:07:24.789 信息 [main] org.apache.catalina.startup.VersionLoggerListener.log Architecture:          amd64
20-Feb-2019 13:07:24.789 信息 [main] org.apache.catalina.startup.VersionLoggerListener.log Java Home:             C:\Program Files\Java\jdk1.8.0_191\jre
20-Feb-2019 13:07:24.789 信息 [main] org.apache.catalina.startup.VersionLoggerListener.log JVM Version:           1.8.0_191-b12
20-Feb-2019 13:07:24.792 信息 [main] org.apache.catalina.startup.VersionLoggerListener.log JVM Vendor:            Oracle Corporation
20-Feb-2019 13:07:24.792 信息 [main] org.apache.catalina.startup.VersionLoggerListener.log CATALINA_BASE:         C:\zwy\environment\Tomcat\apache-tomcat-8.5.34
20-Feb-2019 13:07:24.793 信息 [main] org.apache.catalina.startup.VersionLoggerListener.log CATALINA_HOME:         C:\zwy\environment\Tomcat\apache-tomcat-8.5.34
20-Feb-2019 13:07:24.793 信息 [main] org.apache.catalina.startup.VersionLoggerListener.log Command line argument: -Djava.util.logging.config.file=C:\zwy\environment\Tomcat\apache-tomcat-8.5.34\conf\logging.properties
20-Feb-2019 13:07:24.793 信息 [main] org.apache.catalina.startup.VersionLoggerListener.log Command line argument: -Djava.util.logging.manager=org.apache.juli.ClassLoaderLogManager
20-Feb-2019 13:07:24.793 信息 [main] org.apache.catalina.startup.VersionLoggerListener.log Command line argument: -Djdk.tls.ephemeralDHKeySize=2048
20-Feb-2019 13:07:24.793 信息 [main] org.apache.catalina.startup.VersionLoggerListener.log Command line argument: -Djava.protocol.handler.pkgs=org.apache.catalina.webresources
20-Feb-2019 13:07:24.794 信息 [main] org.apache.catalina.startup.VersionLoggerListener.log Command line argument: -Dignore.endorsed.dirs=
20-Feb-2019 13:07:24.794 信息 [main] org.apache.catalina.startup.VersionLoggerListener.log Command line argument: -Dcatalina.base=C:\zwy\environment\Tomcat\apache-tomcat-8.5.34
20-Feb-2019 13:07:24.794 信息 [main] org.apache.catalina.startup.VersionLoggerListener.log Command line argument: -Dcatalina.home=C:\zwy\environment\Tomcat\apache-tomcat-8.5.34
20-Feb-2019 13:07:24.795 信息 [main] org.apache.catalina.startup.VersionLoggerListener.log Command line argument: -Djava.io.tmpdir=C:\zwy\environment\Tomcat\apache-tomcat-8.5.34\temp
20-Feb-2019 13:07:24.795 信息 [main] org.apache.catalina.core.AprLifecycleListener.lifecycleEvent The APR based Apache Tomcat Native library which allows optimal performance in production environments was not found on the java.library.path: [C:\Program Files\Java\jdk1.8.0_191\bin;C:\WINDOWS\Sun\Java\bin;C:\WINDOWS\system32;C:\WINDOWS;C:\Program Files (x86)\NetSarang\Xshell 6\;C:\Program Files (x86)\Intel\iCLS Client\;C:\Program Files\Intel\iCLS Client\;C:\WINDOWS\system32;C:\WINDOWS;C:\WINDOWS\System32\Wbem;C:\WINDOWS\System32\WindowsPowerShell\v1.0\;C:\Program Files (x86)\Intel\Intel(R) Management Engine Components\DAL;C:\Program Files\Intel\Intel(R) Management Engine Components\DAL;C:\Program Files (x86)\Intel\Intel(R) Management Engine Components\IPT;C:\Program Files\Intel\Intel(R) Management Engine Components\IPT;C:\Program Files\Java\jdk1.8.0_191\bin;C:\zwy\environment\maven\apache-maven-3.5.4\bin;C:\zwy\environment\mysql\mysql-8.0.13-winx64\bin;C:\Program Files\TortoiseSVN\bin;C:\Program Files\Git\cmd;C:\Program Files\nodejs\;C:\WINDOWS\System32\OpenSSH\;C:\zwy\project\svn\zr\card_read\src\main\resources\termb.dll;C:\Program Files (x86)\sbt\bin;C:\Users\admin\AppData\Local\Microsoft\WindowsApps;C:\Users\admin\AppData\Roaming\npm;C:\Users\admin\.lein\bin;C:\zwy\project\svn\zr\card_read\src\main\resources\termb.dll;;.]
20-Feb-2019 13:07:25.339 信息 [main] org.apache.coyote.AbstractProtocol.init Initializing ProtocolHandler ["http-nio-8088"]
20-Feb-2019 13:07:26.075 信息 [main] org.apache.tomcat.util.net.NioSelectorPool.getSharedSelector Using a shared selector for servlet write/read
20-Feb-2019 13:07:26.091 信息 [main] org.apache.coyote.AbstractProtocol.init Initializing ProtocolHandler ["ajp-nio-8009"]
20-Feb-2019 13:07:26.094 信息 [main] org.apache.tomcat.util.net.NioSelectorPool.getSharedSelector Using a shared selector for servlet write/read
20-Feb-2019 13:07:26.095 信息 [main] org.apache.catalina.startup.Catalina.load Initialization processed in 2054 ms
20-Feb-2019 13:07:26.163 信息 [main] org.apache.catalina.core.StandardService.startInternal Starting service [Catalina]
20-Feb-2019 13:07:26.164 信息 [main] org.apache.catalina.core.StandardEngine.startInternal Starting Servlet Engine: Apache Tomcat/8.5.34
20-Feb-2019 13:07:38.354 信息 [localhost-startStop-1] org.apache.jasper.servlet.TldScanner.scanJars At least one JAR was scanned for TLDs yet contained no TLDs. Enable debug logging for this logger for a complete list of JARs that were scanned but no TLDs were found in them. Skipping unneeded JARs during scanning can improve startup time and JSP compilation time.
20-Feb-2019 13:08:00.842 信息 [localhost-startStop-1] org.apache.catalina.startup.HostConfig.deployWAR Deploying web application archive [C:\zwy\environment\Tomcat\apache-tomcat-8.5.34\webapps\zrtjoa.war]
20-Feb-2019 13:08:21.559 信息 [localhost-startStop-1] org.apache.jasper.servlet.TldScanner.scanJars At least one JAR was scanned for TLDs yet contained no TLDs. Enable debug logging for this logger for a complete list of JARs that were scanned but no TLDs were found in them. Skipping unneeded JARs during scanning can improve startup time and JSP compilation time.
20-Feb-2019 13:08:44.681 信息 [localhost-startStop-1] org.apache.catalina.startup.HostConfig.deployWAR Deployment of web application archive [C:\zwy\environment\Tomcat\apache-tomcat-8.5.34\webapps\zrtjoa.war] has finished in [43,837] ms
20-Feb-2019 13:08:44.746 信息 [localhost-startStop-1] org.apache.catalina.startup.HostConfig.deployDirectory Deploying web application directory [C:\zwy\environment\Tomcat\apache-tomcat-8.5.34\webapps\docs]
20-Feb-2019 13:08:44.840 信息 [localhost-startStop-1] org.apache.catalina.startup.HostConfig.deployDirectory Deployment of web application directory [C:\zwy\environment\Tomcat\apache-tomcat-8.5.34\webapps\docs] has finished in [94] ms
20-Feb-2019 13:08:44.860 信息 [localhost-startStop-1] org.apache.catalina.startup.HostConfig.deployDirectory Deploying web application directory [C:\zwy\environment\Tomcat\apache-tomcat-8.5.34\webapps\examples]
20-Feb-2019 13:08:46.902 信息 [localhost-startStop-1] org.apache.catalina.startup.HostConfig.deployDirectory Deployment of web application directory [C:\zwy\environment\Tomcat\apache-tomcat-8.5.34\webapps\examples] has finished in [2,042] ms
20-Feb-2019 13:08:46.908 信息 [localhost-startStop-1] org.apache.catalina.startup.HostConfig.deployDirectory Deploying web application directory [C:\zwy\environment\Tomcat\apache-tomcat-8.5.34\webapps\host-manager]
20-Feb-2019 13:08:46.988 信息 [localhost-startStop-1] org.apache.catalina.startup.HostConfig.deployDirectory Deployment of web application directory [C:\zwy\environment\Tomcat\apache-tomcat-8.5.34\webapps\host-manager] has finished in [80] ms
20-Feb-2019 13:08:46.993 信息 [localhost-startStop-1] org.apache.catalina.startup.HostConfig.deployDirectory Deploying web application directory [C:\zwy\environment\Tomcat\apache-tomcat-8.5.34\webapps\manager]
20-Feb-2019 13:08:47.088 信息 [localhost-startStop-1] org.apache.catalina.startup.HostConfig.deployDirectory Deployment of web application directory [C:\zwy\environment\Tomcat\apache-tomcat-8.5.34\webapps\manager] has finished in [96] ms
20-Feb-2019 13:08:47.181 信息 [main] org.apache.coyote.AbstractProtocol.start Starting ProtocolHandler ["http-nio-8088"]
20-Feb-2019 13:08:47.273 信息 [main] org.apache.coyote.AbstractProtocol.start Starting ProtocolHandler ["ajp-nio-8009"]
20-Feb-2019 13:08:47.345 信息 [main] org.apache.catalina.startup.Catalina.start Server startup in 81250 ms
20-Feb-2019 13:25:41.617 信息 [main] org.apache.catalina.core.StandardServer.await A valid shutdown command was received via the shutdown port. Stopping the Server instance.
20-Feb-2019 13:25:41.648 信息 [main] org.apache.coyote.AbstractProtocol.pause Pausing ProtocolHandler ["http-nio-8088"]
20-Feb-2019 13:25:42.611 信息 [main] org.apache.coyote.AbstractProtocol.pause Pausing ProtocolHandler ["ajp-nio-8009"]
20-Feb-2019 13:25:43.300 信息 [main] org.apache.catalina.core.StandardService.stopInternal Stopping service [Catalina]
20-Feb-2019 13:25:43.766 警告 [localhost-startStop-2] org.apache.catalina.loader.WebappClassLoaderBase.clearReferencesJdbc The web application [ROOT] registered the JDBC driver [com.mysql.cj.jdbc.Driver] but failed to unregister it when the web application was stopped. To prevent a memory leak, the JDBC Driver has been forcibly unregistered.
20-Feb-2019 13:25:43.769 警告 [localhost-startStop-2] org.apache.catalina.loader.WebappClassLoaderBase.clearReferencesThreads The web application [ROOT] appears to have started a thread named [Abandoned connection cleanup thread] but has failed to stop it. This is very likely to create a memory leak. Stack trace of thread:
 java.lang.Object.wait(Native Method)
 java.lang.ref.ReferenceQueue.remove(ReferenceQueue.java:144)
 com.mysql.cj.jdbc.AbandonedConnectionCleanupThread.run(AbandonedConnectionCleanupThread.java:70)
 java.util.concurrent.ThreadPoolExecutor.runWorker(ThreadPoolExecutor.java:1149)
 java.util.concurrent.ThreadPoolExecutor$Worker.run(ThreadPoolExecutor.java:624)
 java.lang.Thread.run(Thread.java:748)
20-Feb-2019 13:25:43.771 警告 [localhost-startStop-2] org.apache.catalina.loader.WebappClassLoaderBase.clearReferencesThreads The web application [ROOT] appears to have started a thread named [Timer-0] but has failed to stop it. This is very likely to create a memory leak. Stack trace of thread:
 java.lang.Object.wait(Native Method)
 java.lang.Object.wait(Object.java:502)
 java.util.TimerThread.mainLoop(Timer.java:526)
 java.util.TimerThread.run(Timer.java:505)
20-Feb-2019 13:25:44.098 警告 [localhost-startStop-2] org.apache.catalina.loader.WebappClassLoaderBase.clearReferencesJdbc The web application [zrtjoa] registered the JDBC driver [com.mysql.cj.jdbc.Driver] but failed to unregister it when the web application was stopped. To prevent a memory leak, the JDBC Driver has been forcibly unregistered.
20-Feb-2019 13:25:44.100 警告 [localhost-startStop-2] org.apache.catalina.loader.WebappClassLoaderBase.clearReferencesThreads The web application [zrtjoa] appears to have started a thread named [Abandoned connection cleanup thread] but has failed to stop it. This is very likely to create a memory leak. Stack trace of thread:
 java.lang.Object.wait(Native Method)
 java.lang.ref.ReferenceQueue.remove(ReferenceQueue.java:144)
 com.mysql.cj.jdbc.AbandonedConnectionCleanupThread.run(AbandonedConnectionCleanupThread.java:70)
 java.util.concurrent.ThreadPoolExecutor.runWorker(ThreadPoolExecutor.java:1149)
 java.util.concurrent.ThreadPoolExecutor$Worker.run(ThreadPoolExecutor.java:624)
 java.lang.Thread.run(Thread.java:748)
20-Feb-2019 13:25:44.102 警告 [localhost-startStop-2] org.apache.catalina.loader.WebappClassLoaderBase.clearReferencesThreads The web application [zrtjoa] appears to have started a thread named [Timer-1] but has failed to stop it. This is very likely to create a memory leak. Stack trace of thread:
 java.lang.Object.wait(Native Method)
 java.lang.Object.wait(Object.java:502)
 java.util.TimerThread.mainLoop(Timer.java:526)
 java.util.TimerThread.run(Timer.java:505)
20-Feb-2019 13:25:44.132 信息 [main] org.apache.coyote.AbstractProtocol.stop Stopping ProtocolHandler ["http-nio-8088"]
20-Feb-2019 13:25:44.153 信息 [main] org.apache.coyote.AbstractProtocol.stop Stopping ProtocolHandler ["ajp-nio-8009"]
20-Feb-2019 13:25:44.180 信息 [main] org.apache.coyote.AbstractProtocol.destroy Destroying ProtocolHandler ["http-nio-8088"]
20-Feb-2019 13:25:44.182 信息 [main] org.apache.coyote.AbstractProtocol.destroy Destroying ProtocolHandler ["ajp-nio-8009"]
20-Feb-2019 14:05:38.014 信息 [main] org.apache.catalina.startup.VersionLoggerListener.log Server version:        Apache Tomcat/8.5.34
20-Feb-2019 14:05:38.018 信息 [main] org.apache.catalina.startup.VersionLoggerListener.log Server built:          Sep 4 2018 22:28:22 UTC
20-Feb-2019 14:05:38.018 信息 [main] org.apache.catalina.startup.VersionLoggerListener.log Server number:         8.5.34.0
20-Feb-2019 14:05:38.018 信息 [main] org.apache.catalina.startup.VersionLoggerListener.log OS Name:               Windows 10
20-Feb-2019 14:05:38.019 信息 [main] org.apache.catalina.startup.VersionLoggerListener.log OS Version:            10.0
20-Feb-2019 14:05:38.019 信息 [main] org.apache.catalina.startup.VersionLoggerListener.log Architecture:          amd64
20-Feb-2019 14:05:38.019 信息 [main] org.apache.catalina.startup.VersionLoggerListener.log Java Home:             C:\Program Files\Java\jdk1.8.0_191\jre
20-Feb-2019 14:05:38.019 信息 [main] org.apache.catalina.startup.VersionLoggerListener.log JVM Version:           1.8.0_191-b12
20-Feb-2019 14:05:38.022 信息 [main] org.apache.catalina.startup.VersionLoggerListener.log JVM Vendor:            Oracle Corporation
20-Feb-2019 14:05:38.023 信息 [main] org.apache.catalina.startup.VersionLoggerListener.log CATALINA_BASE:         C:\zwy\environment\Tomcat\apache-tomcat-8.5.34
20-Feb-2019 14:05:38.023 信息 [main] org.apache.catalina.startup.VersionLoggerListener.log CATALINA_HOME:         C:\zwy\environment\Tomcat\apache-tomcat-8.5.34
20-Feb-2019 14:05:38.023 信息 [main] org.apache.catalina.startup.VersionLoggerListener.log Command line argument: -Djava.util.logging.config.file=C:\zwy\environment\Tomcat\apache-tomcat-8.5.34\conf\logging.properties
20-Feb-2019 14:05:38.023 信息 [main] org.apache.catalina.startup.VersionLoggerListener.log Command line argument: -Djava.util.logging.manager=org.apache.juli.ClassLoaderLogManager
20-Feb-2019 14:05:38.023 信息 [main] org.apache.catalina.startup.VersionLoggerListener.log Command line argument: -Djdk.tls.ephemeralDHKeySize=2048
20-Feb-2019 14:05:38.024 信息 [main] org.apache.catalina.startup.VersionLoggerListener.log Command line argument: -Djava.protocol.handler.pkgs=org.apache.catalina.webresources
20-Feb-2019 14:05:38.024 信息 [main] org.apache.catalina.startup.VersionLoggerListener.log Command line argument: -Dignore.endorsed.dirs=
20-Feb-2019 14:05:38.024 信息 [main] org.apache.catalina.startup.VersionLoggerListener.log Command line argument: -Dcatalina.base=C:\zwy\environment\Tomcat\apache-tomcat-8.5.34
20-Feb-2019 14:05:38.024 信息 [main] org.apache.catalina.startup.VersionLoggerListener.log Command line argument: -Dcatalina.home=C:\zwy\environment\Tomcat\apache-tomcat-8.5.34
20-Feb-2019 14:05:38.025 信息 [main] org.apache.catalina.startup.VersionLoggerListener.log Command line argument: -Djava.io.tmpdir=C:\zwy\environment\Tomcat\apache-tomcat-8.5.34\temp
20-Feb-2019 14:05:38.025 信息 [main] org.apache.catalina.core.AprLifecycleListener.lifecycleEvent The APR based Apache Tomcat Native library which allows optimal performance in production environments was not found on the java.library.path: [C:\Program Files\Java\jdk1.8.0_191\bin;C:\WINDOWS\Sun\Java\bin;C:\WINDOWS\system32;C:\WINDOWS;C:\Program Files (x86)\NetSarang\Xshell 6\;C:\Program Files (x86)\Intel\iCLS Client\;C:\Program Files\Intel\iCLS Client\;C:\WINDOWS\system32;C:\WINDOWS;C:\WINDOWS\System32\Wbem;C:\WINDOWS\System32\WindowsPowerShell\v1.0\;C:\Program Files (x86)\Intel\Intel(R) Management Engine Components\DAL;C:\Program Files\Intel\Intel(R) Management Engine Components\DAL;C:\Program Files (x86)\Intel\Intel(R) Management Engine Components\IPT;C:\Program Files\Intel\Intel(R) Management Engine Components\IPT;C:\Program Files\Java\jdk1.8.0_191\bin;C:\zwy\environment\maven\apache-maven-3.5.4\bin;C:\zwy\environment\mysql\mysql-8.0.13-winx64\bin;C:\Program Files\TortoiseSVN\bin;C:\Program Files\Git\cmd;C:\Program Files\nodejs\;C:\WINDOWS\System32\OpenSSH\;C:\zwy\project\svn\zr\card_read\src\main\resources\termb.dll;C:\Program Files (x86)\sbt\bin;C:\Users\admin\AppData\Local\Microsoft\WindowsApps;C:\Users\admin\AppData\Roaming\npm;C:\Users\admin\.lein\bin;.]
20-Feb-2019 14:05:38.194 信息 [main] org.apache.coyote.AbstractProtocol.init Initializing ProtocolHandler ["http-nio-8088"]
20-Feb-2019 14:05:38.659 信息 [main] org.apache.tomcat.util.net.NioSelectorPool.getSharedSelector Using a shared selector for servlet write/read
20-Feb-2019 14:05:38.666 信息 [main] org.apache.coyote.AbstractProtocol.init Initializing ProtocolHandler ["ajp-nio-8009"]
20-Feb-2019 14:05:38.668 信息 [main] org.apache.tomcat.util.net.NioSelectorPool.getSharedSelector Using a shared selector for servlet write/read
20-Feb-2019 14:05:38.669 信息 [main] org.apache.catalina.startup.Catalina.load Initialization processed in 1074 ms
20-Feb-2019 14:05:38.699 信息 [main] org.apache.catalina.core.StandardService.startInternal Starting service [Catalina]
20-Feb-2019 14:05:38.699 信息 [main] org.apache.catalina.core.StandardEngine.startInternal Starting Servlet Engine: Apache Tomcat/8.5.34
20-Feb-2019 14:05:39.012 严重 [localhost-startStop-1] org.apache.catalina.session.StandardManager.startInternal Exception loading sessions from persistent storage
 java.lang.ClassNotFoundException: com.zrtjoa.entity.Teacher
	at org.apache.catalina.loader.WebappClassLoaderBase.loadClass(WebappClassLoaderBase.java:1309)
	at org.apache.catalina.loader.WebappClassLoaderBase.loadClass(WebappClassLoaderBase.java:1137)
	at java.lang.Class.forName0(Native Method)
	at java.lang.Class.forName(Class.java:348)
	at org.apache.catalina.util.CustomObjectInputStream.resolveClass(CustomObjectInputStream.java:160)
	at java.io.ObjectInputStream.readNonProxyDesc(ObjectInputStream.java:1868)
	at java.io.ObjectInputStream.readClassDesc(ObjectInputStream.java:1751)
	at java.io.ObjectInputStream.readOrdinaryObject(ObjectInputStream.java:2042)
	at java.io.ObjectInputStream.readObject0(ObjectInputStream.java:1573)
	at java.io.ObjectInputStream.readObject(ObjectInputStream.java:431)
	at org.apache.catalina.session.StandardSession.doReadObject(StandardSession.java:1611)
	at org.apache.catalina.session.StandardSession.readObjectData(StandardSession.java:1077)
	at org.apache.catalina.session.StandardManager.doLoad(StandardManager.java:217)
	at org.apache.catalina.session.StandardManager.load(StandardManager.java:161)
	at org.apache.catalina.session.StandardManager.startInternal(StandardManager.java:351)
	at org.apache.catalina.util.LifecycleBase.start(LifecycleBase.java:150)
	at org.apache.catalina.core.StandardContext.startInternal(StandardContext.java:5273)
	at org.apache.catalina.util.LifecycleBase.start(LifecycleBase.java:150)
	at org.apache.catalina.core.ContainerBase$StartChild.call(ContainerBase.java:1420)
	at org.apache.catalina.core.ContainerBase$StartChild.call(ContainerBase.java:1410)
	at java.util.concurrent.FutureTask.run(FutureTask.java:266)
	at java.util.concurrent.ThreadPoolExecutor.runWorker(ThreadPoolExecutor.java:1149)
	at java.util.concurrent.ThreadPoolExecutor$Worker.run(ThreadPoolExecutor.java:624)
	at java.lang.Thread.run(Thread.java:748)

20-Feb-2019 14:05:39.041 信息 [localhost-startStop-1] org.apache.catalina.startup.HostConfig.deployWAR Deploying web application archive [C:\zwy\environment\Tomcat\apache-tomcat-8.5.34\webapps\zrtjoa.war]
20-Feb-2019 14:05:49.825 信息 [localhost-startStop-1] org.apache.jasper.servlet.TldScanner.scanJars At least one JAR was scanned for TLDs yet contained no TLDs. Enable debug logging for this logger for a complete list of JARs that were scanned but no TLDs were found in them. Skipping unneeded JARs during scanning can improve startup time and JSP compilation time.
20-Feb-2019 14:05:59.025 信息 [localhost-startStop-1] org.apache.catalina.startup.HostConfig.deployWAR Deployment of web application archive [C:\zwy\environment\Tomcat\apache-tomcat-8.5.34\webapps\zrtjoa.war] has finished in [19,980] ms
20-Feb-2019 14:05:59.029 信息 [localhost-startStop-1] org.apache.catalina.startup.HostConfig.deployDirectory Deploying web application directory [C:\zwy\environment\Tomcat\apache-tomcat-8.5.34\webapps\docs]
20-Feb-2019 14:05:59.173 信息 [localhost-startStop-1] org.apache.catalina.startup.HostConfig.deployDirectory Deployment of web application directory [C:\zwy\environment\Tomcat\apache-tomcat-8.5.34\webapps\docs] has finished in [143] ms
20-Feb-2019 14:05:59.174 信息 [localhost-startStop-1] org.apache.catalina.startup.HostConfig.deployDirectory Deploying web application directory [C:\zwy\environment\Tomcat\apache-tomcat-8.5.34\webapps\examples]
20-Feb-2019 14:06:00.574 信息 [localhost-startStop-1] org.apache.catalina.startup.HostConfig.deployDirectory Deployment of web application directory [C:\zwy\environment\Tomcat\apache-tomcat-8.5.34\webapps\examples] has finished in [1,401] ms
20-Feb-2019 14:06:00.574 信息 [localhost-startStop-1] org.apache.catalina.startup.HostConfig.deployDirectory Deploying web application directory [C:\zwy\environment\Tomcat\apache-tomcat-8.5.34\webapps\host-manager]
20-Feb-2019 14:06:00.617 信息 [localhost-startStop-1] org.apache.catalina.startup.HostConfig.deployDirectory Deployment of web application directory [C:\zwy\environment\Tomcat\apache-tomcat-8.5.34\webapps\host-manager] has finished in [43] ms
20-Feb-2019 14:06:00.618 信息 [localhost-startStop-1] org.apache.catalina.startup.HostConfig.deployDirectory Deploying web application directory [C:\zwy\environment\Tomcat\apache-tomcat-8.5.34\webapps\manager]
20-Feb-2019 14:06:00.664 信息 [localhost-startStop-1] org.apache.catalina.startup.HostConfig.deployDirectory Deployment of web application directory [C:\zwy\environment\Tomcat\apache-tomcat-8.5.34\webapps\manager] has finished in [46] ms
20-Feb-2019 14:06:00.669 信息 [main] org.apache.coyote.AbstractProtocol.start Starting ProtocolHandler ["http-nio-8088"]
20-Feb-2019 14:06:00.687 信息 [main] org.apache.coyote.AbstractProtocol.start Starting ProtocolHandler ["ajp-nio-8009"]
20-Feb-2019 14:06:00.693 信息 [main] org.apache.catalina.startup.Catalina.start Server startup in 22022 ms
20-Feb-2019 14:07:00.389 信息 [main] org.apache.catalina.core.StandardServer.await A valid shutdown command was received via the shutdown port. Stopping the Server instance.
20-Feb-2019 14:07:00.390 信息 [main] org.apache.coyote.AbstractProtocol.pause Pausing ProtocolHandler ["http-nio-8088"]
20-Feb-2019 14:07:00.863 信息 [main] org.apache.coyote.AbstractProtocol.pause Pausing ProtocolHandler ["ajp-nio-8009"]
20-Feb-2019 14:07:01.317 信息 [main] org.apache.catalina.core.StandardService.stopInternal Stopping service [Catalina]
20-Feb-2019 14:07:01.426 警告 [localhost-startStop-2] org.apache.catalina.loader.WebappClassLoaderBase.clearReferencesJdbc The web application [zrtjoa] registered the JDBC driver [com.mysql.cj.jdbc.Driver] but failed to unregister it when the web application was stopped. To prevent a memory leak, the JDBC Driver has been forcibly unregistered.
20-Feb-2019 14:07:01.427 警告 [localhost-startStop-2] org.apache.catalina.loader.WebappClassLoaderBase.clearReferencesThreads The web application [zrtjoa] appears to have started a thread named [Abandoned connection cleanup thread] but has failed to stop it. This is very likely to create a memory leak. Stack trace of thread:
 java.lang.Object.wait(Native Method)
 java.lang.ref.ReferenceQueue.remove(ReferenceQueue.java:144)
 com.mysql.cj.jdbc.AbandonedConnectionCleanupThread.run(AbandonedConnectionCleanupThread.java:70)
 java.util.concurrent.ThreadPoolExecutor.runWorker(ThreadPoolExecutor.java:1149)
 java.util.concurrent.ThreadPoolExecutor$Worker.run(ThreadPoolExecutor.java:624)
 java.lang.Thread.run(Thread.java:748)
20-Feb-2019 14:07:01.428 警告 [localhost-startStop-2] org.apache.catalina.loader.WebappClassLoaderBase.clearReferencesThreads The web application [zrtjoa] appears to have started a thread named [Timer-0] but has failed to stop it. This is very likely to create a memory leak. Stack trace of thread:
 java.lang.Object.wait(Native Method)
 java.lang.Object.wait(Object.java:502)
 java.util.TimerThread.mainLoop(Timer.java:526)
 java.util.TimerThread.run(Timer.java:505)
20-Feb-2019 14:07:01.436 信息 [main] org.apache.coyote.AbstractProtocol.stop Stopping ProtocolHandler ["http-nio-8088"]
20-Feb-2019 14:07:01.442 信息 [main] org.apache.coyote.AbstractProtocol.stop Stopping ProtocolHandler ["ajp-nio-8009"]
20-Feb-2019 14:07:01.445 信息 [main] org.apache.coyote.AbstractProtocol.destroy Destroying ProtocolHandler ["http-nio-8088"]
20-Feb-2019 14:07:01.446 信息 [main] org.apache.coyote.AbstractProtocol.destroy Destroying ProtocolHandler ["ajp-nio-8009"]
20-Feb-2019 14:07:05.220 信息 [main] org.apache.catalina.startup.VersionLoggerListener.log Server version:        Apache Tomcat/8.5.34
20-Feb-2019 14:07:05.224 信息 [main] org.apache.catalina.startup.VersionLoggerListener.log Server built:          Sep 4 2018 22:28:22 UTC
20-Feb-2019 14:07:05.224 信息 [main] org.apache.catalina.startup.VersionLoggerListener.log Server number:         8.5.34.0
20-Feb-2019 14:07:05.224 信息 [main] org.apache.catalina.startup.VersionLoggerListener.log OS Name:               Windows 10
20-Feb-2019 14:07:05.224 信息 [main] org.apache.catalina.startup.VersionLoggerListener.log OS Version:            10.0
20-Feb-2019 14:07:05.225 信息 [main] org.apache.catalina.startup.VersionLoggerListener.log Architecture:          amd64
20-Feb-2019 14:07:05.225 信息 [main] org.apache.catalina.startup.VersionLoggerListener.log Java Home:             C:\Program Files\Java\jdk1.8.0_191\jre
20-Feb-2019 14:07:05.225 信息 [main] org.apache.catalina.startup.VersionLoggerListener.log JVM Version:           1.8.0_191-b12
20-Feb-2019 14:07:05.228 信息 [main] org.apache.catalina.startup.VersionLoggerListener.log JVM Vendor:            Oracle Corporation
20-Feb-2019 14:07:05.228 信息 [main] org.apache.catalina.startup.VersionLoggerListener.log CATALINA_BASE:         C:\zwy\environment\Tomcat\apache-tomcat-8.5.34
20-Feb-2019 14:07:05.228 信息 [main] org.apache.catalina.startup.VersionLoggerListener.log CATALINA_HOME:         C:\zwy\environment\Tomcat\apache-tomcat-8.5.34
20-Feb-2019 14:07:05.228 信息 [main] org.apache.catalina.startup.VersionLoggerListener.log Command line argument: -Djava.util.logging.config.file=C:\zwy\environment\Tomcat\apache-tomcat-8.5.34\conf\logging.properties
20-Feb-2019 14:07:05.229 信息 [main] org.apache.catalina.startup.VersionLoggerListener.log Command line argument: -Djava.util.logging.manager=org.apache.juli.ClassLoaderLogManager
20-Feb-2019 14:07:05.229 信息 [main] org.apache.catalina.startup.VersionLoggerListener.log Command line argument: -Djdk.tls.ephemeralDHKeySize=2048
20-Feb-2019 14:07:05.229 信息 [main] org.apache.catalina.startup.VersionLoggerListener.log Command line argument: -Djava.protocol.handler.pkgs=org.apache.catalina.webresources
20-Feb-2019 14:07:05.229 信息 [main] org.apache.catalina.startup.VersionLoggerListener.log Command line argument: -Dignore.endorsed.dirs=
20-Feb-2019 14:07:05.229 信息 [main] org.apache.catalina.startup.VersionLoggerListener.log Command line argument: -Dcatalina.base=C:\zwy\environment\Tomcat\apache-tomcat-8.5.34
20-Feb-2019 14:07:05.230 信息 [main] org.apache.catalina.startup.VersionLoggerListener.log Command line argument: -Dcatalina.home=C:\zwy\environment\Tomcat\apache-tomcat-8.5.34
20-Feb-2019 14:07:05.230 信息 [main] org.apache.catalina.startup.VersionLoggerListener.log Command line argument: -Djava.io.tmpdir=C:\zwy\environment\Tomcat\apache-tomcat-8.5.34\temp
20-Feb-2019 14:07:05.231 信息 [main] org.apache.catalina.core.AprLifecycleListener.lifecycleEvent The APR based Apache Tomcat Native library which allows optimal performance in production environments was not found on the java.library.path: [C:\Program Files\Java\jdk1.8.0_191\bin;C:\WINDOWS\Sun\Java\bin;C:\WINDOWS\system32;C:\WINDOWS;C:\Program Files (x86)\NetSarang\Xshell 6\;C:\Program Files (x86)\Intel\iCLS Client\;C:\Program Files\Intel\iCLS Client\;C:\WINDOWS\system32;C:\WINDOWS;C:\WINDOWS\System32\Wbem;C:\WINDOWS\System32\WindowsPowerShell\v1.0\;C:\Program Files (x86)\Intel\Intel(R) Management Engine Components\DAL;C:\Program Files\Intel\Intel(R) Management Engine Components\DAL;C:\Program Files (x86)\Intel\Intel(R) Management Engine Components\IPT;C:\Program Files\Intel\Intel(R) Management Engine Components\IPT;C:\Program Files\Java\jdk1.8.0_191\bin;C:\zwy\environment\maven\apache-maven-3.5.4\bin;C:\zwy\environment\mysql\mysql-8.0.13-winx64\bin;C:\Program Files\TortoiseSVN\bin;C:\Program Files\Git\cmd;C:\Program Files\nodejs\;C:\WINDOWS\System32\OpenSSH\;C:\zwy\project\svn\zr\card_read\src\main\resources\termb.dll;C:\Program Files (x86)\sbt\bin;C:\Users\admin\AppData\Local\Microsoft\WindowsApps;C:\Users\admin\AppData\Roaming\npm;C:\Users\admin\.lein\bin;.]
20-Feb-2019 14:07:05.397 信息 [main] org.apache.coyote.AbstractProtocol.init Initializing ProtocolHandler ["http-nio-8088"]
20-Feb-2019 14:07:05.885 信息 [main] org.apache.tomcat.util.net.NioSelectorPool.getSharedSelector Using a shared selector for servlet write/read
20-Feb-2019 14:07:05.891 信息 [main] org.apache.coyote.AbstractProtocol.init Initializing ProtocolHandler ["ajp-nio-8009"]
20-Feb-2019 14:07:05.893 信息 [main] org.apache.tomcat.util.net.NioSelectorPool.getSharedSelector Using a shared selector for servlet write/read
20-Feb-2019 14:07:05.894 信息 [main] org.apache.catalina.startup.Catalina.load Initialization processed in 1104 ms
20-Feb-2019 14:07:05.924 信息 [main] org.apache.catalina.core.StandardService.startInternal Starting service [Catalina]
20-Feb-2019 14:07:05.924 信息 [main] org.apache.catalina.core.StandardEngine.startInternal Starting Servlet Engine: Apache Tomcat/8.5.34
20-Feb-2019 14:07:12.932 信息 [localhost-startStop-1] org.apache.jasper.servlet.TldScanner.scanJars At least one JAR was scanned for TLDs yet contained no TLDs. Enable debug logging for this logger for a complete list of JARs that were scanned but no TLDs were found in them. Skipping unneeded JARs during scanning can improve startup time and JSP compilation time.
20-Feb-2019 14:07:23.633 信息 [localhost-startStop-1] org.apache.catalina.startup.HostConfig.deployWAR Deploying web application archive [C:\zwy\environment\Tomcat\apache-tomcat-8.5.34\webapps\zrtjoa.war]
20-Feb-2019 14:07:31.106 信息 [localhost-startStop-1] org.apache.jasper.servlet.TldScanner.scanJars At least one JAR was scanned for TLDs yet contained no TLDs. Enable debug logging for this logger for a complete list of JARs that were scanned but no TLDs were found in them. Skipping unneeded JARs during scanning can improve startup time and JSP compilation time.
20-Feb-2019 14:07:41.262 信息 [localhost-startStop-1] org.apache.catalina.startup.HostConfig.deployWAR Deployment of web application archive [C:\zwy\environment\Tomcat\apache-tomcat-8.5.34\webapps\zrtjoa.war] has finished in [17,629] ms
20-Feb-2019 14:07:41.264 信息 [localhost-startStop-1] org.apache.catalina.startup.HostConfig.deployDirectory Deploying web application directory [C:\zwy\environment\Tomcat\apache-tomcat-8.5.34\webapps\docs]
20-Feb-2019 14:07:41.294 信息 [localhost-startStop-1] org.apache.catalina.startup.HostConfig.deployDirectory Deployment of web application directory [C:\zwy\environment\Tomcat\apache-tomcat-8.5.34\webapps\docs] has finished in [30] ms
20-Feb-2019 14:07:41.295 信息 [localhost-startStop-1] org.apache.catalina.startup.HostConfig.deployDirectory Deploying web application directory [C:\zwy\environment\Tomcat\apache-tomcat-8.5.34\webapps\examples]
20-Feb-2019 14:07:41.664 信息 [localhost-startStop-1] org.apache.catalina.startup.HostConfig.deployDirectory Deployment of web application directory [C:\zwy\environment\Tomcat\apache-tomcat-8.5.34\webapps\examples] has finished in [369] ms
20-Feb-2019 14:07:41.664 信息 [localhost-startStop-1] org.apache.catalina.startup.HostConfig.deployDirectory Deploying web application directory [C:\zwy\environment\Tomcat\apache-tomcat-8.5.34\webapps\host-manager]
20-Feb-2019 14:07:41.702 信息 [localhost-startStop-1] org.apache.catalina.startup.HostConfig.deployDirectory Deployment of web application directory [C:\zwy\environment\Tomcat\apache-tomcat-8.5.34\webapps\host-manager] has finished in [38] ms
20-Feb-2019 14:07:41.703 信息 [localhost-startStop-1] org.apache.catalina.startup.HostConfig.deployDirectory Deploying web application directory [C:\zwy\environment\Tomcat\apache-tomcat-8.5.34\webapps\manager]
20-Feb-2019 14:07:41.736 信息 [localhost-startStop-1] org.apache.catalina.startup.HostConfig.deployDirectory Deployment of web application directory [C:\zwy\environment\Tomcat\apache-tomcat-8.5.34\webapps\manager] has finished in [32] ms
20-Feb-2019 14:07:41.739 信息 [main] org.apache.coyote.AbstractProtocol.start Starting ProtocolHandler ["http-nio-8088"]
20-Feb-2019 14:07:41.750 信息 [main] org.apache.coyote.AbstractProtocol.start Starting ProtocolHandler ["ajp-nio-8009"]
20-Feb-2019 14:07:41.753 信息 [main] org.apache.catalina.startup.Catalina.start Server startup in 35857 ms
20-Feb-2019 14:08:55.337 警告 [main] org.apache.catalina.core.StandardServer.await StandardServer.await: Invalid command '' received
20-Feb-2019 14:14:44.690 警告 [main] org.apache.catalina.core.StandardServer.await StandardServer.await: Invalid command '' received
20-Feb-2019 14:35:44.779 信息 [main] org.apache.catalina.core.StandardServer.await A valid shutdown command was received via the shutdown port. Stopping the Server instance.
20-Feb-2019 14:35:44.814 信息 [main] org.apache.coyote.AbstractProtocol.pause Pausing ProtocolHandler ["http-nio-8088"]
20-Feb-2019 14:35:45.309 信息 [main] org.apache.coyote.AbstractProtocol.pause Pausing ProtocolHandler ["ajp-nio-8009"]
20-Feb-2019 14:35:45.725 信息 [main] org.apache.catalina.core.StandardService.stopInternal Stopping service [Catalina]
20-Feb-2019 14:35:46.403 警告 [localhost-startStop-2] org.apache.catalina.loader.WebappClassLoaderBase.clearReferencesJdbc The web application [ROOT] registered the JDBC driver [com.mysql.cj.jdbc.Driver] but failed to unregister it when the web application was stopped. To prevent a memory leak, the JDBC Driver has been forcibly unregistered.
20-Feb-2019 14:35:46.411 警告 [localhost-startStop-2] org.apache.catalina.loader.WebappClassLoaderBase.clearReferencesThreads The web application [ROOT] appears to have started a thread named [Abandoned connection cleanup thread] but has failed to stop it. This is very likely to create a memory leak. Stack trace of thread:
 java.lang.Object.wait(Native Method)
 java.lang.ref.ReferenceQueue.remove(ReferenceQueue.java:144)
 com.mysql.cj.jdbc.AbandonedConnectionCleanupThread.run(AbandonedConnectionCleanupThread.java:70)
 java.util.concurrent.ThreadPoolExecutor.runWorker(ThreadPoolExecutor.java:1149)
 java.util.concurrent.ThreadPoolExecutor$Worker.run(ThreadPoolExecutor.java:624)
 java.lang.Thread.run(Thread.java:748)
20-Feb-2019 14:35:46.413 警告 [localhost-startStop-2] org.apache.catalina.loader.WebappClassLoaderBase.clearReferencesThreads The web application [ROOT] appears to have started a thread named [Timer-0] but has failed to stop it. This is very likely to create a memory leak. Stack trace of thread:
 java.lang.Object.wait(Native Method)
 java.lang.Object.wait(Object.java:502)
 java.util.TimerThread.mainLoop(Timer.java:526)
 java.util.TimerThread.run(Timer.java:505)
20-Feb-2019 14:35:46.901 警告 [localhost-startStop-2] org.apache.catalina.loader.WebappClassLoaderBase.clearReferencesJdbc The web application [zrtjoa] registered the JDBC driver [com.mysql.cj.jdbc.Driver] but failed to unregister it when the web application was stopped. To prevent a memory leak, the JDBC Driver has been forcibly unregistered.
20-Feb-2019 14:35:46.902 警告 [localhost-startStop-2] org.apache.catalina.loader.WebappClassLoaderBase.clearReferencesThreads The web application [zrtjoa] appears to have started a thread named [Abandoned connection cleanup thread] but has failed to stop it. This is very likely to create a memory leak. Stack trace of thread:
 java.lang.Object.wait(Native Method)
 java.lang.ref.ReferenceQueue.remove(ReferenceQueue.java:144)
 com.mysql.cj.jdbc.AbandonedConnectionCleanupThread.run(AbandonedConnectionCleanupThread.java:70)
 java.util.concurrent.ThreadPoolExecutor.runWorker(ThreadPoolExecutor.java:1149)
 java.util.concurrent.ThreadPoolExecutor$Worker.run(ThreadPoolExecutor.java:624)
 java.lang.Thread.run(Thread.java:748)
20-Feb-2019 14:35:46.904 警告 [localhost-startStop-2] org.apache.catalina.loader.WebappClassLoaderBase.clearReferencesThreads The web application [zrtjoa] appears to have started a thread named [Timer-1] but has failed to stop it. This is very likely to create a memory leak. Stack trace of thread:
 java.lang.Object.wait(Native Method)
 java.lang.Object.wait(Object.java:502)
 java.util.TimerThread.mainLoop(Timer.java:526)
 java.util.TimerThread.run(Timer.java:505)
20-Feb-2019 14:35:47.121 信息 [main] org.apache.coyote.AbstractProtocol.stop Stopping ProtocolHandler ["http-nio-8088"]
20-Feb-2019 14:35:47.130 信息 [main] org.apache.coyote.AbstractProtocol.stop Stopping ProtocolHandler ["ajp-nio-8009"]
20-Feb-2019 14:35:47.141 信息 [main] org.apache.coyote.AbstractProtocol.destroy Destroying ProtocolHandler ["http-nio-8088"]
20-Feb-2019 14:35:47.143 信息 [main] org.apache.coyote.AbstractProtocol.destroy Destroying ProtocolHandler ["ajp-nio-8009"]
20-Feb-2019 14:36:18.746 信息 [main] org.apache.catalina.startup.VersionLoggerListener.log Server version:        Apache Tomcat/8.5.34
20-Feb-2019 14:36:18.751 信息 [main] org.apache.catalina.startup.VersionLoggerListener.log Server built:          Sep 4 2018 22:28:22 UTC
20-Feb-2019 14:36:18.752 信息 [main] org.apache.catalina.startup.VersionLoggerListener.log Server number:         8.5.34.0
20-Feb-2019 14:36:18.752 信息 [main] org.apache.catalina.startup.VersionLoggerListener.log OS Name:               Windows 10
20-Feb-2019 14:36:18.752 信息 [main] org.apache.catalina.startup.VersionLoggerListener.log OS Version:            10.0
20-Feb-2019 14:36:18.752 信息 [main] org.apache.catalina.startup.VersionLoggerListener.log Architecture:          amd64
20-Feb-2019 14:36:18.753 信息 [main] org.apache.catalina.startup.VersionLoggerListener.log Java Home:             C:\Program Files\Java\jdk1.8.0_191\jre
20-Feb-2019 14:36:18.753 信息 [main] org.apache.catalina.startup.VersionLoggerListener.log JVM Version:           1.8.0_191-b12
20-Feb-2019 14:36:18.756 信息 [main] org.apache.catalina.startup.VersionLoggerListener.log JVM Vendor:            Oracle Corporation
20-Feb-2019 14:36:18.757 信息 [main] org.apache.catalina.startup.VersionLoggerListener.log CATALINA_BASE:         C:\zwy\environment\Tomcat\apache-tomcat-8.5.34
20-Feb-2019 14:36:18.757 信息 [main] org.apache.catalina.startup.VersionLoggerListener.log CATALINA_HOME:         C:\zwy\environment\Tomcat\apache-tomcat-8.5.34
20-Feb-2019 14:36:18.757 信息 [main] org.apache.catalina.startup.VersionLoggerListener.log Command line argument: -Djava.util.logging.config.file=C:\zwy\environment\Tomcat\apache-tomcat-8.5.34\conf\logging.properties
20-Feb-2019 14:36:18.757 信息 [main] org.apache.catalina.startup.VersionLoggerListener.log Command line argument: -Djava.util.logging.manager=org.apache.juli.ClassLoaderLogManager
20-Feb-2019 14:36:18.757 信息 [main] org.apache.catalina.startup.VersionLoggerListener.log Command line argument: -Djdk.tls.ephemeralDHKeySize=2048
20-Feb-2019 14:36:18.757 信息 [main] org.apache.catalina.startup.VersionLoggerListener.log Command line argument: -Djava.protocol.handler.pkgs=org.apache.catalina.webresources
20-Feb-2019 14:36:18.757 信息 [main] org.apache.catalina.startup.VersionLoggerListener.log Command line argument: -Dignore.endorsed.dirs=
20-Feb-2019 14:36:18.757 信息 [main] org.apache.catalina.startup.VersionLoggerListener.log Command line argument: -Dcatalina.base=C:\zwy\environment\Tomcat\apache-tomcat-8.5.34
20-Feb-2019 14:36:18.757 信息 [main] org.apache.catalina.startup.VersionLoggerListener.log Command line argument: -Dcatalina.home=C:\zwy\environment\Tomcat\apache-tomcat-8.5.34
20-Feb-2019 14:36:18.758 信息 [main] org.apache.catalina.startup.VersionLoggerListener.log Command line argument: -Djava.io.tmpdir=C:\zwy\environment\Tomcat\apache-tomcat-8.5.34\temp
20-Feb-2019 14:36:18.758 信息 [main] org.apache.catalina.core.AprLifecycleListener.lifecycleEvent The APR based Apache Tomcat Native library which allows optimal performance in production environments was not found on the java.library.path: [C:\Program Files\Java\jdk1.8.0_191\bin;C:\WINDOWS\Sun\Java\bin;C:\WINDOWS\system32;C:\WINDOWS;C:\Program Files (x86)\NetSarang\Xshell 6\;C:\Program Files (x86)\Intel\iCLS Client\;C:\Program Files\Intel\iCLS Client\;C:\WINDOWS\system32;C:\WINDOWS;C:\WINDOWS\System32\Wbem;C:\WINDOWS\System32\WindowsPowerShell\v1.0\;C:\Program Files (x86)\Intel\Intel(R) Management Engine Components\DAL;C:\Program Files\Intel\Intel(R) Management Engine Components\DAL;C:\Program Files (x86)\Intel\Intel(R) Management Engine Components\IPT;C:\Program Files\Intel\Intel(R) Management Engine Components\IPT;C:\Program Files\Java\jdk1.8.0_191\bin;C:\zwy\environment\maven\apache-maven-3.5.4\bin;C:\zwy\environment\mysql\mysql-8.0.13-winx64\bin;C:\Program Files\TortoiseSVN\bin;C:\Program Files\Git\cmd;C:\Program Files\nodejs\;C:\WINDOWS\System32\OpenSSH\;C:\zwy\project\svn\zr\card_read\src\main\resources\termb.dll;C:\Program Files (x86)\sbt\bin;C:\Users\admin\AppData\Local\Microsoft\WindowsApps;C:\Users\admin\AppData\Roaming\npm;C:\Users\admin\.lein\bin;.]
20-Feb-2019 14:36:18.953 信息 [main] org.apache.coyote.AbstractProtocol.init Initializing ProtocolHandler ["http-nio-8088"]
20-Feb-2019 14:36:19.511 信息 [main] org.apache.tomcat.util.net.NioSelectorPool.getSharedSelector Using a shared selector for servlet write/read
20-Feb-2019 14:36:19.521 信息 [main] org.apache.coyote.AbstractProtocol.init Initializing ProtocolHandler ["ajp-nio-8009"]
20-Feb-2019 14:36:19.523 信息 [main] org.apache.tomcat.util.net.NioSelectorPool.getSharedSelector Using a shared selector for servlet write/read
20-Feb-2019 14:36:19.523 信息 [main] org.apache.catalina.startup.Catalina.load Initialization processed in 1294 ms
20-Feb-2019 14:36:19.562 信息 [main] org.apache.catalina.core.StandardService.startInternal Starting service [Catalina]
20-Feb-2019 14:36:19.562 信息 [main] org.apache.catalina.core.StandardEngine.startInternal Starting Servlet Engine: Apache Tomcat/8.5.34
20-Feb-2019 14:36:19.934 严重 [localhost-startStop-1] org.apache.catalina.session.StandardManager.startInternal Exception loading sessions from persistent storage
 java.lang.ClassNotFoundException: com.zrtjoa.entity.Teacher
	at org.apache.catalina.loader.WebappClassLoaderBase.loadClass(WebappClassLoaderBase.java:1309)
	at org.apache.catalina.loader.WebappClassLoaderBase.loadClass(WebappClassLoaderBase.java:1137)
	at java.lang.Class.forName0(Native Method)
	at java.lang.Class.forName(Class.java:348)
	at org.apache.catalina.util.CustomObjectInputStream.resolveClass(CustomObjectInputStream.java:160)
	at java.io.ObjectInputStream.readNonProxyDesc(ObjectInputStream.java:1868)
	at java.io.ObjectInputStream.readClassDesc(ObjectInputStream.java:1751)
	at java.io.ObjectInputStream.readOrdinaryObject(ObjectInputStream.java:2042)
	at java.io.ObjectInputStream.readObject0(ObjectInputStream.java:1573)
	at java.io.ObjectInputStream.readObject(ObjectInputStream.java:431)
	at org.apache.catalina.session.StandardSession.doReadObject(StandardSession.java:1611)
	at org.apache.catalina.session.StandardSession.readObjectData(StandardSession.java:1077)
	at org.apache.catalina.session.StandardManager.doLoad(StandardManager.java:217)
	at org.apache.catalina.session.StandardManager.load(StandardManager.java:161)
	at org.apache.catalina.session.StandardManager.startInternal(StandardManager.java:351)
	at org.apache.catalina.util.LifecycleBase.start(LifecycleBase.java:150)
	at org.apache.catalina.core.StandardContext.startInternal(StandardContext.java:5273)
	at org.apache.catalina.util.LifecycleBase.start(LifecycleBase.java:150)
	at org.apache.catalina.core.ContainerBase$StartChild.call(ContainerBase.java:1420)
	at org.apache.catalina.core.ContainerBase$StartChild.call(ContainerBase.java:1410)
	at java.util.concurrent.FutureTask.run(FutureTask.java:266)
	at java.util.concurrent.ThreadPoolExecutor.runWorker(ThreadPoolExecutor.java:1149)
	at java.util.concurrent.ThreadPoolExecutor$Worker.run(ThreadPoolExecutor.java:624)
	at java.lang.Thread.run(Thread.java:748)

20-Feb-2019 14:36:19.970 信息 [localhost-startStop-1] org.apache.catalina.startup.HostConfig.deployWAR Deploying web application archive [C:\zwy\environment\Tomcat\apache-tomcat-8.5.34\webapps\zrtjoa.war]
20-Feb-2019 14:36:33.556 信息 [localhost-startStop-1] org.apache.jasper.servlet.TldScanner.scanJars At least one JAR was scanned for TLDs yet contained no TLDs. Enable debug logging for this logger for a complete list of JARs that were scanned but no TLDs were found in them. Skipping unneeded JARs during scanning can improve startup time and JSP compilation time.
20-Feb-2019 14:36:42.128 信息 [localhost-startStop-1] org.apache.catalina.startup.HostConfig.deployWAR Deployment of web application archive [C:\zwy\environment\Tomcat\apache-tomcat-8.5.34\webapps\zrtjoa.war] has finished in [22,156] ms
20-Feb-2019 14:36:42.129 信息 [localhost-startStop-1] org.apache.catalina.startup.HostConfig.deployDirectory Deploying web application directory [C:\zwy\environment\Tomcat\apache-tomcat-8.5.34\webapps\docs]
20-Feb-2019 14:36:42.241 信息 [localhost-startStop-1] org.apache.catalina.startup.HostConfig.deployDirectory Deployment of web application directory [C:\zwy\environment\Tomcat\apache-tomcat-8.5.34\webapps\docs] has finished in [112] ms
20-Feb-2019 14:36:42.242 信息 [localhost-startStop-1] org.apache.catalina.startup.HostConfig.deployDirectory Deploying web application directory [C:\zwy\environment\Tomcat\apache-tomcat-8.5.34\webapps\examples]
20-Feb-2019 14:36:44.642 信息 [localhost-startStop-1] org.apache.catalina.startup.HostConfig.deployDirectory Deployment of web application directory [C:\zwy\environment\Tomcat\apache-tomcat-8.5.34\webapps\examples] has finished in [2,400] ms
20-Feb-2019 14:36:44.643 信息 [localhost-startStop-1] org.apache.catalina.startup.HostConfig.deployDirectory Deploying web application directory [C:\zwy\environment\Tomcat\apache-tomcat-8.5.34\webapps\host-manager]
20-Feb-2019 14:36:44.745 信息 [localhost-startStop-1] org.apache.catalina.startup.HostConfig.deployDirectory Deployment of web application directory [C:\zwy\environment\Tomcat\apache-tomcat-8.5.34\webapps\host-manager] has finished in [101] ms
20-Feb-2019 14:36:44.745 信息 [localhost-startStop-1] org.apache.catalina.startup.HostConfig.deployDirectory Deploying web application directory [C:\zwy\environment\Tomcat\apache-tomcat-8.5.34\webapps\manager]
20-Feb-2019 14:36:44.787 信息 [localhost-startStop-1] org.apache.catalina.startup.HostConfig.deployDirectory Deployment of web application directory [C:\zwy\environment\Tomcat\apache-tomcat-8.5.34\webapps\manager] has finished in [42] ms
20-Feb-2019 14:36:44.795 信息 [main] org.apache.coyote.AbstractProtocol.start Starting ProtocolHandler ["http-nio-8088"]
20-Feb-2019 14:36:44.811 信息 [main] org.apache.coyote.AbstractProtocol.start Starting ProtocolHandler ["ajp-nio-8009"]
20-Feb-2019 14:36:44.815 信息 [main] org.apache.catalina.startup.Catalina.start Server startup in 25290 ms
20-Feb-2019 14:36:48.118 信息 [main] org.apache.catalina.core.StandardServer.await A valid shutdown command was received via the shutdown port. Stopping the Server instance.
20-Feb-2019 14:36:48.119 信息 [main] org.apache.coyote.AbstractProtocol.pause Pausing ProtocolHandler ["http-nio-8088"]
20-Feb-2019 14:36:48.585 信息 [main] org.apache.coyote.AbstractProtocol.pause Pausing ProtocolHandler ["ajp-nio-8009"]
20-Feb-2019 14:36:49.004 信息 [main] org.apache.catalina.core.StandardService.stopInternal Stopping service [Catalina]
20-Feb-2019 14:36:49.071 警告 [localhost-startStop-1] org.apache.catalina.loader.WebappClassLoaderBase.clearReferencesJdbc The web application [zrtjoa] registered the JDBC driver [com.mysql.cj.jdbc.Driver] but failed to unregister it when the web application was stopped. To prevent a memory leak, the JDBC Driver has been forcibly unregistered.
20-Feb-2019 14:36:49.072 警告 [localhost-startStop-1] org.apache.catalina.loader.WebappClassLoaderBase.clearReferencesThreads The web application [zrtjoa] appears to have started a thread named [Abandoned connection cleanup thread] but has failed to stop it. This is very likely to create a memory leak. Stack trace of thread:
 java.lang.Object.wait(Native Method)
 java.lang.ref.ReferenceQueue.remove(ReferenceQueue.java:144)
 com.mysql.cj.jdbc.AbandonedConnectionCleanupThread.run(AbandonedConnectionCleanupThread.java:70)
 java.util.concurrent.ThreadPoolExecutor.runWorker(ThreadPoolExecutor.java:1149)
 java.util.concurrent.ThreadPoolExecutor$Worker.run(ThreadPoolExecutor.java:624)
 java.lang.Thread.run(Thread.java:748)
20-Feb-2019 14:36:49.072 警告 [localhost-startStop-1] org.apache.catalina.loader.WebappClassLoaderBase.clearReferencesThreads The web application [zrtjoa] appears to have started a thread named [Timer-0] but has failed to stop it. This is very likely to create a memory leak. Stack trace of thread:
 java.lang.Object.wait(Native Method)
 java.lang.Object.wait(Object.java:502)
 java.util.TimerThread.mainLoop(Timer.java:526)
 java.util.TimerThread.run(Timer.java:505)
20-Feb-2019 14:36:49.079 信息 [main] org.apache.coyote.AbstractProtocol.stop Stopping ProtocolHandler ["http-nio-8088"]
20-Feb-2019 14:36:49.102 信息 [main] org.apache.coyote.AbstractProtocol.stop Stopping ProtocolHandler ["ajp-nio-8009"]
20-Feb-2019 14:36:49.106 信息 [main] org.apache.coyote.AbstractProtocol.destroy Destroying ProtocolHandler ["http-nio-8088"]
20-Feb-2019 14:36:49.109 信息 [main] org.apache.coyote.AbstractProtocol.destroy Destroying ProtocolHandler ["ajp-nio-8009"]
20-Feb-2019 14:36:51.037 信息 [main] org.apache.catalina.startup.VersionLoggerListener.log Server version:        Apache Tomcat/8.5.34
20-Feb-2019 14:36:51.042 信息 [main] org.apache.catalina.startup.VersionLoggerListener.log Server built:          Sep 4 2018 22:28:22 UTC
20-Feb-2019 14:36:51.042 信息 [main] org.apache.catalina.startup.VersionLoggerListener.log Server number:         8.5.34.0
20-Feb-2019 14:36:51.042 信息 [main] org.apache.catalina.startup.VersionLoggerListener.log OS Name:               Windows 10
20-Feb-2019 14:36:51.042 信息 [main] org.apache.catalina.startup.VersionLoggerListener.log OS Version:            10.0
20-Feb-2019 14:36:51.042 信息 [main] org.apache.catalina.startup.VersionLoggerListener.log Architecture:          amd64
20-Feb-2019 14:36:51.043 信息 [main] org.apache.catalina.startup.VersionLoggerListener.log Java Home:             C:\Program Files\Java\jdk1.8.0_191\jre
20-Feb-2019 14:36:51.043 信息 [main] org.apache.catalina.startup.VersionLoggerListener.log JVM Version:           1.8.0_191-b12
20-Feb-2019 14:36:51.046 信息 [main] org.apache.catalina.startup.VersionLoggerListener.log JVM Vendor:            Oracle Corporation
20-Feb-2019 14:36:51.046 信息 [main] org.apache.catalina.startup.VersionLoggerListener.log CATALINA_BASE:         C:\zwy\environment\Tomcat\apache-tomcat-8.5.34
20-Feb-2019 14:36:51.046 信息 [main] org.apache.catalina.startup.VersionLoggerListener.log CATALINA_HOME:         C:\zwy\environment\Tomcat\apache-tomcat-8.5.34
20-Feb-2019 14:36:51.046 信息 [main] org.apache.catalina.startup.VersionLoggerListener.log Command line argument: -Djava.util.logging.config.file=C:\zwy\environment\Tomcat\apache-tomcat-8.5.34\conf\logging.properties
20-Feb-2019 14:36:51.047 信息 [main] org.apache.catalina.startup.VersionLoggerListener.log Command line argument: -Djava.util.logging.manager=org.apache.juli.ClassLoaderLogManager
20-Feb-2019 14:36:51.047 信息 [main] org.apache.catalina.startup.VersionLoggerListener.log Command line argument: -Djdk.tls.ephemeralDHKeySize=2048
20-Feb-2019 14:36:51.047 信息 [main] org.apache.catalina.startup.VersionLoggerListener.log Command line argument: -Djava.protocol.handler.pkgs=org.apache.catalina.webresources
20-Feb-2019 14:36:51.047 信息 [main] org.apache.catalina.startup.VersionLoggerListener.log Command line argument: -Dignore.endorsed.dirs=
20-Feb-2019 14:36:51.047 信息 [main] org.apache.catalina.startup.VersionLoggerListener.log Command line argument: -Dcatalina.base=C:\zwy\environment\Tomcat\apache-tomcat-8.5.34
20-Feb-2019 14:36:51.048 信息 [main] org.apache.catalina.startup.VersionLoggerListener.log Command line argument: -Dcatalina.home=C:\zwy\environment\Tomcat\apache-tomcat-8.5.34
20-Feb-2019 14:36:51.048 信息 [main] org.apache.catalina.startup.VersionLoggerListener.log Command line argument: -Djava.io.tmpdir=C:\zwy\environment\Tomcat\apache-tomcat-8.5.34\temp
20-Feb-2019 14:36:51.049 信息 [main] org.apache.catalina.core.AprLifecycleListener.lifecycleEvent The APR based Apache Tomcat Native library which allows optimal performance in production environments was not found on the java.library.path: [C:\Program Files\Java\jdk1.8.0_191\bin;C:\WINDOWS\Sun\Java\bin;C:\WINDOWS\system32;C:\WINDOWS;C:\Program Files (x86)\NetSarang\Xshell 6\;C:\Program Files (x86)\Intel\iCLS Client\;C:\Program Files\Intel\iCLS Client\;C:\WINDOWS\system32;C:\WINDOWS;C:\WINDOWS\System32\Wbem;C:\WINDOWS\System32\WindowsPowerShell\v1.0\;C:\Program Files (x86)\Intel\Intel(R) Management Engine Components\DAL;C:\Program Files\Intel\Intel(R) Management Engine Components\DAL;C:\Program Files (x86)\Intel\Intel(R) Management Engine Components\IPT;C:\Program Files\Intel\Intel(R) Management Engine Components\IPT;C:\Program Files\Java\jdk1.8.0_191\bin;C:\zwy\environment\maven\apache-maven-3.5.4\bin;C:\zwy\environment\mysql\mysql-8.0.13-winx64\bin;C:\Program Files\TortoiseSVN\bin;C:\Program Files\Git\cmd;C:\Program Files\nodejs\;C:\WINDOWS\System32\OpenSSH\;C:\zwy\project\svn\zr\card_read\src\main\resources\termb.dll;C:\Program Files (x86)\sbt\bin;C:\Users\admin\AppData\Local\Microsoft\WindowsApps;C:\Users\admin\AppData\Roaming\npm;C:\Users\admin\.lein\bin;.]
20-Feb-2019 14:36:51.221 信息 [main] org.apache.coyote.AbstractProtocol.init Initializing ProtocolHandler ["http-nio-8088"]
20-Feb-2019 14:36:51.740 信息 [main] org.apache.tomcat.util.net.NioSelectorPool.getSharedSelector Using a shared selector for servlet write/read
20-Feb-2019 14:36:51.749 信息 [main] org.apache.coyote.AbstractProtocol.init Initializing ProtocolHandler ["ajp-nio-8009"]
20-Feb-2019 14:36:51.750 信息 [main] org.apache.tomcat.util.net.NioSelectorPool.getSharedSelector Using a shared selector for servlet write/read
20-Feb-2019 14:36:51.751 信息 [main] org.apache.catalina.startup.Catalina.load Initialization processed in 1124 ms
20-Feb-2019 14:36:51.783 信息 [main] org.apache.catalina.core.StandardService.startInternal Starting service [Catalina]
20-Feb-2019 14:36:51.784 信息 [main] org.apache.catalina.core.StandardEngine.startInternal Starting Servlet Engine: Apache Tomcat/8.5.34
20-Feb-2019 14:37:01.159 信息 [localhost-startStop-1] org.apache.jasper.servlet.TldScanner.scanJars At least one JAR was scanned for TLDs yet contained no TLDs. Enable debug logging for this logger for a complete list of JARs that were scanned but no TLDs were found in them. Skipping unneeded JARs during scanning can improve startup time and JSP compilation time.
20-Feb-2019 14:37:11.888 信息 [localhost-startStop-1] org.apache.catalina.startup.HostConfig.deployWAR Deploying web application archive [C:\zwy\environment\Tomcat\apache-tomcat-8.5.34\webapps\zrtjoa.war]
20-Feb-2019 14:37:20.107 信息 [localhost-startStop-1] org.apache.jasper.servlet.TldScanner.scanJars At least one JAR was scanned for TLDs yet contained no TLDs. Enable debug logging for this logger for a complete list of JARs that were scanned but no TLDs were found in them. Skipping unneeded JARs during scanning can improve startup time and JSP compilation time.
20-Feb-2019 14:37:30.826 信息 [localhost-startStop-1] org.apache.catalina.startup.HostConfig.deployWAR Deployment of web application archive [C:\zwy\environment\Tomcat\apache-tomcat-8.5.34\webapps\zrtjoa.war] has finished in [18,937] ms
20-Feb-2019 14:37:30.828 信息 [localhost-startStop-1] org.apache.catalina.startup.HostConfig.deployDirectory Deploying web application directory [C:\zwy\environment\Tomcat\apache-tomcat-8.5.34\webapps\docs]
20-Feb-2019 14:37:30.894 信息 [localhost-startStop-1] org.apache.catalina.startup.HostConfig.deployDirectory Deployment of web application directory [C:\zwy\environment\Tomcat\apache-tomcat-8.5.34\webapps\docs] has finished in [66] ms
20-Feb-2019 14:37:30.894 信息 [localhost-startStop-1] org.apache.catalina.startup.HostConfig.deployDirectory Deploying web application directory [C:\zwy\environment\Tomcat\apache-tomcat-8.5.34\webapps\examples]
20-Feb-2019 14:37:31.514 信息 [localhost-startStop-1] org.apache.catalina.startup.HostConfig.deployDirectory Deployment of web application directory [C:\zwy\environment\Tomcat\apache-tomcat-8.5.34\webapps\examples] has finished in [620] ms
20-Feb-2019 14:37:31.515 信息 [localhost-startStop-1] org.apache.catalina.startup.HostConfig.deployDirectory Deploying web application directory [C:\zwy\environment\Tomcat\apache-tomcat-8.5.34\webapps\host-manager]
20-Feb-2019 14:37:31.555 信息 [localhost-startStop-1] org.apache.catalina.startup.HostConfig.deployDirectory Deployment of web application directory [C:\zwy\environment\Tomcat\apache-tomcat-8.5.34\webapps\host-manager] has finished in [41] ms
20-Feb-2019 14:37:31.556 信息 [localhost-startStop-1] org.apache.catalina.startup.HostConfig.deployDirectory Deploying web application directory [C:\zwy\environment\Tomcat\apache-tomcat-8.5.34\webapps\manager]
20-Feb-2019 14:37:31.595 信息 [localhost-startStop-1] org.apache.catalina.startup.HostConfig.deployDirectory Deployment of web application directory [C:\zwy\environment\Tomcat\apache-tomcat-8.5.34\webapps\manager] has finished in [39] ms
20-Feb-2019 14:37:31.601 信息 [main] org.apache.coyote.AbstractProtocol.start Starting ProtocolHandler ["http-nio-8088"]
20-Feb-2019 14:37:31.612 信息 [main] org.apache.coyote.AbstractProtocol.start Starting ProtocolHandler ["ajp-nio-8009"]
20-Feb-2019 14:37:31.616 信息 [main] org.apache.catalina.startup.Catalina.start Server startup in 39864 ms
20-Feb-2019 15:17:37.878 信息 [main] org.apache.catalina.core.StandardServer.await A valid shutdown command was received via the shutdown port. Stopping the Server instance.
20-Feb-2019 15:17:37.901 信息 [main] org.apache.coyote.AbstractProtocol.pause Pausing ProtocolHandler ["http-nio-8088"]
20-Feb-2019 15:17:38.365 信息 [main] org.apache.coyote.AbstractProtocol.pause Pausing ProtocolHandler ["ajp-nio-8009"]
20-Feb-2019 15:17:38.770 信息 [main] org.apache.catalina.core.StandardService.stopInternal Stopping service [Catalina]
20-Feb-2019 15:17:39.076 警告 [localhost-startStop-2] org.apache.catalina.loader.WebappClassLoaderBase.clearReferencesJdbc The web application [ROOT] registered the JDBC driver [com.mysql.cj.jdbc.Driver] but failed to unregister it when the web application was stopped. To prevent a memory leak, the JDBC Driver has been forcibly unregistered.
20-Feb-2019 15:17:39.080 警告 [localhost-startStop-2] org.apache.catalina.loader.WebappClassLoaderBase.clearReferencesThreads The web application [ROOT] appears to have started a thread named [Abandoned connection cleanup thread] but has failed to stop it. This is very likely to create a memory leak. Stack trace of thread:
 java.lang.Object.wait(Native Method)
 java.lang.ref.ReferenceQueue.remove(ReferenceQueue.java:144)
 com.mysql.cj.jdbc.AbandonedConnectionCleanupThread.run(AbandonedConnectionCleanupThread.java:70)
 java.util.concurrent.ThreadPoolExecutor.runWorker(ThreadPoolExecutor.java:1149)
 java.util.concurrent.ThreadPoolExecutor$Worker.run(ThreadPoolExecutor.java:624)
 java.lang.Thread.run(Thread.java:748)
20-Feb-2019 15:17:39.082 警告 [localhost-startStop-2] org.apache.catalina.loader.WebappClassLoaderBase.clearReferencesThreads The web application [ROOT] appears to have started a thread named [Timer-0] but has failed to stop it. This is very likely to create a memory leak. Stack trace of thread:
 java.lang.Object.wait(Native Method)
 java.lang.Object.wait(Object.java:502)
 java.util.TimerThread.mainLoop(Timer.java:526)
 java.util.TimerThread.run(Timer.java:505)
20-Feb-2019 15:17:39.572 警告 [localhost-startStop-2] org.apache.catalina.loader.WebappClassLoaderBase.clearReferencesJdbc The web application [zrtjoa] registered the JDBC driver [com.mysql.cj.jdbc.Driver] but failed to unregister it when the web application was stopped. To prevent a memory leak, the JDBC Driver has been forcibly unregistered.
20-Feb-2019 15:17:39.573 警告 [localhost-startStop-2] org.apache.catalina.loader.WebappClassLoaderBase.clearReferencesThreads The web application [zrtjoa] appears to have started a thread named [Abandoned connection cleanup thread] but has failed to stop it. This is very likely to create a memory leak. Stack trace of thread:
 java.lang.Object.wait(Native Method)
 java.lang.ref.ReferenceQueue.remove(ReferenceQueue.java:144)
 com.mysql.cj.jdbc.AbandonedConnectionCleanupThread.run(AbandonedConnectionCleanupThread.java:70)
 java.util.concurrent.ThreadPoolExecutor.runWorker(ThreadPoolExecutor.java:1149)
 java.util.concurrent.ThreadPoolExecutor$Worker.run(ThreadPoolExecutor.java:624)
 java.lang.Thread.run(Thread.java:748)
20-Feb-2019 15:17:39.574 警告 [localhost-startStop-2] org.apache.catalina.loader.WebappClassLoaderBase.clearReferencesThreads The web application [zrtjoa] appears to have started a thread named [Timer-1] but has failed to stop it. This is very likely to create a memory leak. Stack trace of thread:
 java.lang.Object.wait(Native Method)
 java.lang.Object.wait(Object.java:502)
 java.util.TimerThread.mainLoop(Timer.java:526)
 java.util.TimerThread.run(Timer.java:505)
20-Feb-2019 15:17:39.782 信息 [main] org.apache.coyote.AbstractProtocol.stop Stopping ProtocolHandler ["http-nio-8088"]
20-Feb-2019 15:17:39.791 信息 [main] org.apache.coyote.AbstractProtocol.stop Stopping ProtocolHandler ["ajp-nio-8009"]
20-Feb-2019 15:17:39.799 信息 [main] org.apache.coyote.AbstractProtocol.destroy Destroying ProtocolHandler ["http-nio-8088"]
20-Feb-2019 15:17:39.802 信息 [main] org.apache.coyote.AbstractProtocol.destroy Destroying ProtocolHandler ["ajp-nio-8009"]
20-Feb-2019 15:17:42.716 信息 [main] org.apache.catalina.startup.VersionLoggerListener.log Server version:        Apache Tomcat/8.5.34
20-Feb-2019 15:17:42.721 信息 [main] org.apache.catalina.startup.VersionLoggerListener.log Server built:          Sep 4 2018 22:28:22 UTC
20-Feb-2019 15:17:42.721 信息 [main] org.apache.catalina.startup.VersionLoggerListener.log Server number:         8.5.34.0
20-Feb-2019 15:17:42.721 信息 [main] org.apache.catalina.startup.VersionLoggerListener.log OS Name:               Windows 10
20-Feb-2019 15:17:42.721 信息 [main] org.apache.catalina.startup.VersionLoggerListener.log OS Version:            10.0
20-Feb-2019 15:17:42.721 信息 [main] org.apache.catalina.startup.VersionLoggerListener.log Architecture:          amd64
20-Feb-2019 15:17:42.721 信息 [main] org.apache.catalina.startup.VersionLoggerListener.log Java Home:             C:\Program Files\Java\jdk1.8.0_191\jre
20-Feb-2019 15:17:42.722 信息 [main] org.apache.catalina.startup.VersionLoggerListener.log JVM Version:           1.8.0_191-b12
20-Feb-2019 15:17:42.725 信息 [main] org.apache.catalina.startup.VersionLoggerListener.log JVM Vendor:            Oracle Corporation
20-Feb-2019 15:17:42.725 信息 [main] org.apache.catalina.startup.VersionLoggerListener.log CATALINA_BASE:         C:\zwy\environment\Tomcat\apache-tomcat-8.5.34
20-Feb-2019 15:17:42.725 信息 [main] org.apache.catalina.startup.VersionLoggerListener.log CATALINA_HOME:         C:\zwy\environment\Tomcat\apache-tomcat-8.5.34
20-Feb-2019 15:17:42.725 信息 [main] org.apache.catalina.startup.VersionLoggerListener.log Command line argument: -Djava.util.logging.config.file=C:\zwy\environment\Tomcat\apache-tomcat-8.5.34\conf\logging.properties
20-Feb-2019 15:17:42.725 信息 [main] org.apache.catalina.startup.VersionLoggerListener.log Command line argument: -Djava.util.logging.manager=org.apache.juli.ClassLoaderLogManager
20-Feb-2019 15:17:42.726 信息 [main] org.apache.catalina.startup.VersionLoggerListener.log Command line argument: -Djdk.tls.ephemeralDHKeySize=2048
20-Feb-2019 15:17:42.726 信息 [main] org.apache.catalina.startup.VersionLoggerListener.log Command line argument: -Djava.protocol.handler.pkgs=org.apache.catalina.webresources
20-Feb-2019 15:17:42.726 信息 [main] org.apache.catalina.startup.VersionLoggerListener.log Command line argument: -Dignore.endorsed.dirs=
20-Feb-2019 15:17:42.726 信息 [main] org.apache.catalina.startup.VersionLoggerListener.log Command line argument: -Dcatalina.base=C:\zwy\environment\Tomcat\apache-tomcat-8.5.34
20-Feb-2019 15:17:42.727 信息 [main] org.apache.catalina.startup.VersionLoggerListener.log Command line argument: -Dcatalina.home=C:\zwy\environment\Tomcat\apache-tomcat-8.5.34
20-Feb-2019 15:17:42.727 信息 [main] org.apache.catalina.startup.VersionLoggerListener.log Command line argument: -Djava.io.tmpdir=C:\zwy\environment\Tomcat\apache-tomcat-8.5.34\temp
20-Feb-2019 15:17:42.728 信息 [main] org.apache.catalina.core.AprLifecycleListener.lifecycleEvent The APR based Apache Tomcat Native library which allows optimal performance in production environments was not found on the java.library.path: [C:\Program Files\Java\jdk1.8.0_191\bin;C:\WINDOWS\Sun\Java\bin;C:\WINDOWS\system32;C:\WINDOWS;C:\Program Files (x86)\NetSarang\Xshell 6\;C:\Program Files (x86)\Intel\iCLS Client\;C:\Program Files\Intel\iCLS Client\;C:\WINDOWS\system32;C:\WINDOWS;C:\WINDOWS\System32\Wbem;C:\WINDOWS\System32\WindowsPowerShell\v1.0\;C:\Program Files (x86)\Intel\Intel(R) Management Engine Components\DAL;C:\Program Files\Intel\Intel(R) Management Engine Components\DAL;C:\Program Files (x86)\Intel\Intel(R) Management Engine Components\IPT;C:\Program Files\Intel\Intel(R) Management Engine Components\IPT;C:\Program Files\Java\jdk1.8.0_191\bin;C:\zwy\environment\maven\apache-maven-3.5.4\bin;C:\zwy\environment\mysql\mysql-8.0.13-winx64\bin;C:\Program Files\TortoiseSVN\bin;C:\Program Files\Git\cmd;C:\Program Files\nodejs\;C:\WINDOWS\System32\OpenSSH\;C:\zwy\project\svn\zr\card_read\src\main\resources\termb.dll;C:\Program Files (x86)\sbt\bin;C:\Users\admin\AppData\Local\Microsoft\WindowsApps;C:\Users\admin\AppData\Roaming\npm;C:\Users\admin\.lein\bin;.]
20-Feb-2019 15:17:43.381 信息 [main] org.apache.coyote.AbstractProtocol.init Initializing ProtocolHandler ["http-nio-8088"]
20-Feb-2019 15:17:43.880 信息 [main] org.apache.tomcat.util.net.NioSelectorPool.getSharedSelector Using a shared selector for servlet write/read
20-Feb-2019 15:17:43.887 信息 [main] org.apache.coyote.AbstractProtocol.init Initializing ProtocolHandler ["ajp-nio-8009"]
20-Feb-2019 15:17:43.889 信息 [main] org.apache.tomcat.util.net.NioSelectorPool.getSharedSelector Using a shared selector for servlet write/read
20-Feb-2019 15:17:43.889 信息 [main] org.apache.catalina.startup.Catalina.load Initialization processed in 1588 ms
20-Feb-2019 15:17:43.923 信息 [main] org.apache.catalina.core.StandardService.startInternal Starting service [Catalina]
20-Feb-2019 15:17:43.923 信息 [main] org.apache.catalina.core.StandardEngine.startInternal Starting Servlet Engine: Apache Tomcat/8.5.34
20-Feb-2019 15:17:49.493 信息 [localhost-startStop-1] org.apache.jasper.servlet.TldScanner.scanJars At least one JAR was scanned for TLDs yet contained no TLDs. Enable debug logging for this logger for a complete list of JARs that were scanned but no TLDs were found in them. Skipping unneeded JARs during scanning can improve startup time and JSP compilation time.
20-Feb-2019 15:18:01.012 信息 [localhost-startStop-1] org.apache.catalina.startup.HostConfig.deployWAR Deploying web application archive [C:\zwy\environment\Tomcat\apache-tomcat-8.5.34\webapps\zrtjoa.war]
20-Feb-2019 15:18:09.227 信息 [localhost-startStop-1] org.apache.jasper.servlet.TldScanner.scanJars At least one JAR was scanned for TLDs yet contained no TLDs. Enable debug logging for this logger for a complete list of JARs that were scanned but no TLDs were found in them. Skipping unneeded JARs during scanning can improve startup time and JSP compilation time.
20-Feb-2019 15:18:19.566 信息 [localhost-startStop-1] org.apache.catalina.startup.HostConfig.deployWAR Deployment of web application archive [C:\zwy\environment\Tomcat\apache-tomcat-8.5.34\webapps\zrtjoa.war] has finished in [18,554] ms
20-Feb-2019 15:18:19.569 信息 [localhost-startStop-1] org.apache.catalina.startup.HostConfig.deployDirectory Deploying web application directory [C:\zwy\environment\Tomcat\apache-tomcat-8.5.34\webapps\docs]
20-Feb-2019 15:18:19.613 信息 [localhost-startStop-1] org.apache.catalina.startup.HostConfig.deployDirectory Deployment of web application directory [C:\zwy\environment\Tomcat\apache-tomcat-8.5.34\webapps\docs] has finished in [44] ms
20-Feb-2019 15:18:19.614 信息 [localhost-startStop-1] org.apache.catalina.startup.HostConfig.deployDirectory Deploying web application directory [C:\zwy\environment\Tomcat\apache-tomcat-8.5.34\webapps\examples]
20-Feb-2019 15:18:20.061 信息 [localhost-startStop-1] org.apache.catalina.startup.HostConfig.deployDirectory Deployment of web application directory [C:\zwy\environment\Tomcat\apache-tomcat-8.5.34\webapps\examples] has finished in [447] ms
20-Feb-2019 15:18:20.061 信息 [localhost-startStop-1] org.apache.catalina.startup.HostConfig.deployDirectory Deploying web application directory [C:\zwy\environment\Tomcat\apache-tomcat-8.5.34\webapps\host-manager]
20-Feb-2019 15:18:20.101 信息 [localhost-startStop-1] org.apache.catalina.startup.HostConfig.deployDirectory Deployment of web application directory [C:\zwy\environment\Tomcat\apache-tomcat-8.5.34\webapps\host-manager] has finished in [39] ms
20-Feb-2019 15:18:20.101 信息 [localhost-startStop-1] org.apache.catalina.startup.HostConfig.deployDirectory Deploying web application directory [C:\zwy\environment\Tomcat\apache-tomcat-8.5.34\webapps\manager]
20-Feb-2019 15:18:20.129 信息 [localhost-startStop-1] org.apache.catalina.startup.HostConfig.deployDirectory Deployment of web application directory [C:\zwy\environment\Tomcat\apache-tomcat-8.5.34\webapps\manager] has finished in [28] ms
20-Feb-2019 15:18:20.135 信息 [main] org.apache.coyote.AbstractProtocol.start Starting ProtocolHandler ["http-nio-8088"]
20-Feb-2019 15:18:20.147 信息 [main] org.apache.coyote.AbstractProtocol.start Starting ProtocolHandler ["ajp-nio-8009"]
20-Feb-2019 15:18:20.150 信息 [main] org.apache.catalina.startup.Catalina.start Server startup in 36259 ms
