12-Mar-2019 09:17:14.216 信息 [main] org.apache.catalina.startup.VersionLoggerListener.log Server version:        Apache Tomcat/8.5.34
12-Mar-2019 09:17:14.216 信息 [main] org.apache.catalina.startup.VersionLoggerListener.log Server built:          Sep 4 2018 22:28:22 UTC
12-Mar-2019 09:17:14.232 信息 [main] org.apache.catalina.startup.VersionLoggerListener.log Server number:         8.5.34.0
12-Mar-2019 09:17:14.232 信息 [main] org.apache.catalina.startup.VersionLoggerListener.log OS Name:               Windows 10
12-Mar-2019 09:17:14.232 信息 [main] org.apache.catalina.startup.VersionLoggerListener.log OS Version:            10.0
12-Mar-2019 09:17:14.232 信息 [main] org.apache.catalina.startup.VersionLoggerListener.log Architecture:          amd64
12-Mar-2019 09:17:14.232 信息 [main] org.apache.catalina.startup.VersionLoggerListener.log Java Home:             C:\Program Files\Java\jdk1.8.0_191\jre
12-Mar-2019 09:17:14.232 信息 [main] org.apache.catalina.startup.VersionLoggerListener.log JVM Version:           1.8.0_191-b12
12-Mar-2019 09:17:14.232 信息 [main] org.apache.catalina.startup.VersionLoggerListener.log JVM Vendor:            Oracle Corporation
12-Mar-2019 09:17:14.232 信息 [main] org.apache.catalina.startup.VersionLoggerListener.log CATALINA_BASE:         C:\zwy\environment\Tomcat\apache-tomcat-8.5.34
12-Mar-2019 09:17:14.232 信息 [main] org.apache.catalina.startup.VersionLoggerListener.log CATALINA_HOME:         C:\zwy\environment\Tomcat\apache-tomcat-8.5.34
12-Mar-2019 09:17:14.232 信息 [main] org.apache.catalina.startup.VersionLoggerListener.log Command line argument: -Djava.util.logging.config.file=C:\zwy\environment\Tomcat\apache-tomcat-8.5.34\conf\logging.properties
12-Mar-2019 09:17:14.232 信息 [main] org.apache.catalina.startup.VersionLoggerListener.log Command line argument: -Djava.util.logging.manager=org.apache.juli.ClassLoaderLogManager
12-Mar-2019 09:17:14.232 信息 [main] org.apache.catalina.startup.VersionLoggerListener.log Command line argument: -Djdk.tls.ephemeralDHKeySize=2048
12-Mar-2019 09:17:14.232 信息 [main] org.apache.catalina.startup.VersionLoggerListener.log Command line argument: -Djava.protocol.handler.pkgs=org.apache.catalina.webresources
12-Mar-2019 09:17:14.232 信息 [main] org.apache.catalina.startup.VersionLoggerListener.log Command line argument: -Dignore.endorsed.dirs=
12-Mar-2019 09:17:14.232 信息 [main] org.apache.catalina.startup.VersionLoggerListener.log Command line argument: -Dcatalina.base=C:\zwy\environment\Tomcat\apache-tomcat-8.5.34
12-Mar-2019 09:17:14.232 信息 [main] org.apache.catalina.startup.VersionLoggerListener.log Command line argument: -Dcatalina.home=C:\zwy\environment\Tomcat\apache-tomcat-8.5.34
12-Mar-2019 09:17:14.232 信息 [main] org.apache.catalina.startup.VersionLoggerListener.log Command line argument: -Djava.io.tmpdir=C:\zwy\environment\Tomcat\apache-tomcat-8.5.34\temp
12-Mar-2019 09:17:14.232 信息 [main] org.apache.catalina.core.AprLifecycleListener.lifecycleEvent The APR based Apache Tomcat Native library which allows optimal performance in production environments was not found on the java.library.path: [C:\Program Files\Java\jdk1.8.0_191\bin;C:\WINDOWS\Sun\Java\bin;C:\WINDOWS\system32;C:\WINDOWS;C:\Program Files (x86)\NetSarang\Xshell 6\;C:\Program Files (x86)\Intel\iCLS Client\;C:\Program Files\Intel\iCLS Client\;C:\WINDOWS\system32;C:\WINDOWS;C:\WINDOWS\System32\Wbem;C:\WINDOWS\System32\WindowsPowerShell\v1.0\;C:\Program Files (x86)\Intel\Intel(R) Management Engine Components\DAL;C:\Program Files\Intel\Intel(R) Management Engine Components\DAL;C:\Program Files (x86)\Intel\Intel(R) Management Engine Components\IPT;C:\Program Files\Intel\Intel(R) Management Engine Components\IPT;C:\Program Files\Java\jdk1.8.0_191\bin;C:\zwy\environment\maven\apache-maven-3.5.4\bin;C:\zwy\environment\mysql\mysql-8.0.13-winx64\bin;C:\Program Files\TortoiseSVN\bin;C:\Program Files\Git\cmd;C:\Program Files\nodejs\;C:\WINDOWS\System32\OpenSSH\;C:\zwy\project\svn\zr\card_read\src\main\resources\termb.dll;C:\Program Files (x86)\sbt\bin;C:\Users\admin\AppData\Local\Microsoft\WindowsApps;C:\Users\admin\AppData\Roaming\npm;C:\Users\admin\.lein\bin;C:\zwy\project\svn\zr\card_read\src\main\resources\termb.dll;;.]
12-Mar-2019 09:17:14.401 信息 [main] org.apache.coyote.AbstractProtocol.init Initializing ProtocolHandler ["http-nio-8088"]
12-Mar-2019 09:17:14.880 信息 [main] org.apache.tomcat.util.net.NioSelectorPool.getSharedSelector Using a shared selector for servlet write/read
12-Mar-2019 09:17:14.880 信息 [main] org.apache.coyote.AbstractProtocol.init Initializing ProtocolHandler ["ajp-nio-8009"]
12-Mar-2019 09:17:14.896 信息 [main] org.apache.tomcat.util.net.NioSelectorPool.getSharedSelector Using a shared selector for servlet write/read
12-Mar-2019 09:17:14.896 信息 [main] org.apache.catalina.startup.Catalina.load Initialization processed in 1117 ms
12-Mar-2019 09:17:14.918 信息 [main] org.apache.catalina.core.StandardService.startInternal Starting service [Catalina]
12-Mar-2019 09:17:14.918 信息 [main] org.apache.catalina.core.StandardEngine.startInternal Starting Servlet Engine: Apache Tomcat/8.5.34
12-Mar-2019 09:17:20.150 信息 [localhost-startStop-1] org.apache.jasper.servlet.TldScanner.scanJars At least one JAR was scanned for TLDs yet contained no TLDs. Enable debug logging for this logger for a complete list of JARs that were scanned but no TLDs were found in them. Skipping unneeded JARs during scanning can improve startup time and JSP compilation time.
12-Mar-2019 09:17:28.235 信息 [localhost-startStop-1] org.apache.catalina.startup.HostConfig.deployWAR Deploying web application archive [C:\zwy\environment\Tomcat\apache-tomcat-8.5.34\webapps\zrtjoa.war]
12-Mar-2019 09:17:32.623 信息 [localhost-startStop-1] org.apache.jasper.servlet.TldScanner.scanJars At least one JAR was scanned for TLDs yet contained no TLDs. Enable debug logging for this logger for a complete list of JARs that were scanned but no TLDs were found in them. Skipping unneeded JARs during scanning can improve startup time and JSP compilation time.
12-Mar-2019 09:17:41.676 信息 [localhost-startStop-1] org.apache.catalina.startup.HostConfig.deployWAR Deployment of web application archive [C:\zwy\environment\Tomcat\apache-tomcat-8.5.34\webapps\zrtjoa.war] has finished in [13,440] ms
12-Mar-2019 09:17:41.679 信息 [localhost-startStop-1] org.apache.catalina.startup.HostConfig.deployDirectory Deploying web application directory [C:\zwy\environment\Tomcat\apache-tomcat-8.5.34\webapps\docs]
12-Mar-2019 09:17:41.719 信息 [localhost-startStop-1] org.apache.catalina.startup.HostConfig.deployDirectory Deployment of web application directory [C:\zwy\environment\Tomcat\apache-tomcat-8.5.34\webapps\docs] has finished in [40] ms
12-Mar-2019 09:17:41.719 信息 [localhost-startStop-1] org.apache.catalina.startup.HostConfig.deployDirectory Deploying web application directory [C:\zwy\environment\Tomcat\apache-tomcat-8.5.34\webapps\examples]
12-Mar-2019 09:17:42.154 信息 [localhost-startStop-1] org.apache.catalina.startup.HostConfig.deployDirectory Deployment of web application directory [C:\zwy\environment\Tomcat\apache-tomcat-8.5.34\webapps\examples] has finished in [434] ms
12-Mar-2019 09:17:42.154 信息 [localhost-startStop-1] org.apache.catalina.startup.HostConfig.deployDirectory Deploying web application directory [C:\zwy\environment\Tomcat\apache-tomcat-8.5.34\webapps\host-manager]
12-Mar-2019 09:17:42.198 信息 [localhost-startStop-1] org.apache.catalina.startup.HostConfig.deployDirectory Deployment of web application directory [C:\zwy\environment\Tomcat\apache-tomcat-8.5.34\webapps\host-manager] has finished in [44] ms
12-Mar-2019 09:17:42.198 信息 [localhost-startStop-1] org.apache.catalina.startup.HostConfig.deployDirectory Deploying web application directory [C:\zwy\environment\Tomcat\apache-tomcat-8.5.34\webapps\manager]
12-Mar-2019 09:17:42.232 信息 [localhost-startStop-1] org.apache.catalina.startup.HostConfig.deployDirectory Deployment of web application directory [C:\zwy\environment\Tomcat\apache-tomcat-8.5.34\webapps\manager] has finished in [34] ms
12-Mar-2019 09:17:42.240 信息 [main] org.apache.coyote.AbstractProtocol.start Starting ProtocolHandler ["http-nio-8088"]
12-Mar-2019 09:17:42.251 信息 [main] org.apache.coyote.AbstractProtocol.start Starting ProtocolHandler ["ajp-nio-8009"]
12-Mar-2019 09:17:42.254 信息 [main] org.apache.catalina.startup.Catalina.start Server startup in 27356 ms
12-Mar-2019 09:27:36.638 警告 [main] org.apache.catalina.core.StandardServer.await StandardServer.await: Invalid command '' received
12-Mar-2019 09:29:21.561 警告 [main] org.apache.catalina.core.StandardServer.await StandardServer.await: Invalid command '' received
12-Mar-2019 09:32:04.038 警告 [main] org.apache.catalina.core.StandardServer.await StandardServer.await: Invalid command '' received
12-Mar-2019 09:43:40.501 警告 [main] org.apache.catalina.core.StandardServer.await StandardServer.await: Invalid command '' received
12-Mar-2019 11:23:49.189 警告 [main] org.apache.catalina.core.StandardServer.await StandardServer.await: Invalid command '' received
12-Mar-2019 11:26:43.809 警告 [main] org.apache.catalina.core.StandardServer.await StandardServer.await: Invalid command '' received
12-Mar-2019 13:05:33.330 警告 [main] org.apache.catalina.core.StandardServer.await StandardServer.await: Invalid command '' received
12-Mar-2019 13:08:56.006 警告 [main] org.apache.catalina.core.StandardServer.await StandardServer.await: Invalid command '' received
12-Mar-2019 13:17:11.696 警告 [main] org.apache.catalina.core.StandardServer.await StandardServer.await: Invalid command '' received
12-Mar-2019 13:22:57.211 警告 [main] org.apache.catalina.core.StandardServer.await StandardServer.await: Invalid command '' received
12-Mar-2019 13:27:53.344 警告 [main] org.apache.catalina.core.StandardServer.await StandardServer.await: Invalid command '' received
12-Mar-2019 13:55:37.005 警告 [main] org.apache.catalina.core.StandardServer.await StandardServer.await: Invalid command '' received
12-Mar-2019 14:12:05.854 警告 [main] org.apache.catalina.core.StandardServer.await StandardServer.await: Invalid command '' received
12-Mar-2019 14:13:52.745 警告 [main] org.apache.catalina.core.StandardServer.await StandardServer.await: Invalid command '' received
12-Mar-2019 14:21:50.890 警告 [main] org.apache.catalina.core.StandardServer.await StandardServer.await: Invalid command '' received
12-Mar-2019 14:33:10.263 警告 [main] org.apache.catalina.core.StandardServer.await StandardServer.await: Invalid command '' received
12-Mar-2019 15:48:11.891 警告 [main] org.apache.catalina.core.StandardServer.await StandardServer.await: Invalid command '' received
12-Mar-2019 16:09:00.487 警告 [main] org.apache.catalina.core.StandardServer.await StandardServer.await: Invalid command '' received
12-Mar-2019 16:17:56.375 警告 [main] org.apache.catalina.core.StandardServer.await StandardServer.await: Invalid command '' received
12-Mar-2019 16:24:16.918 警告 [main] org.apache.catalina.core.StandardServer.await StandardServer.await: Invalid command '' received
12-Mar-2019 17:07:49.048 警告 [main] org.apache.catalina.core.StandardServer.await StandardServer.await: Invalid command '' received
12-Mar-2019 17:14:06.412 警告 [main] org.apache.catalina.core.StandardServer.await StandardServer.await: Invalid command '' received
12-Mar-2019 17:31:07.255 警告 [main] org.apache.catalina.core.StandardServer.await StandardServer.await: Invalid command '' received
12-Mar-2019 17:39:39.231 警告 [main] org.apache.catalina.core.StandardServer.await StandardServer.await: Invalid command '' received
12-Mar-2019 17:50:33.943 警告 [main] org.apache.catalina.core.StandardServer.await StandardServer.await: Invalid command '' received
12-Mar-2019 18:09:31.228 警告 [main] org.apache.catalina.core.StandardServer.await StandardServer.await: Invalid command '' received
12-Mar-2019 18:09:55.016 警告 [main] org.apache.catalina.core.StandardServer.await StandardServer.await: Invalid command '' received
12-Mar-2019 18:19:50.125 警告 [main] org.apache.catalina.core.StandardServer.await StandardServer.await: Invalid command '' received
