21-Feb-2019 08:54:09.891 信息 [localhost-startStop-1] org.apache.catalina.core.ApplicationContext.log No Spring WebApplicationInitializer types detected on classpath
21-Feb-2019 08:54:10.076 信息 [localhost-startStop-1] org.apache.catalina.core.ApplicationContext.log Initializing Spring root WebApplicationContext
21-Feb-2019 08:54:14.587 信息 [localhost-startStop-1] org.apache.catalina.core.ApplicationContext.log Initializing Spring FrameworkServlet 'SpringMVC'
21-Feb-2019 08:54:25.691 信息 [localhost-startStop-1] org.apache.catalina.core.ApplicationContext.log No Spring WebApplicationInitializer types detected on classpath
21-Feb-2019 08:54:25.829 信息 [localhost-startStop-1] org.apache.catalina.core.ApplicationContext.log Initializing Spring root WebApplicationContext
21-Feb-2019 08:54:29.520 信息 [localhost-startStop-1] org.apache.catalina.core.ApplicationContext.log Initializing Spring FrameworkServlet 'SpringMVC'
21-Feb-2019 08:54:33.735 信息 [localhost-startStop-1] org.apache.catalina.core.ApplicationContext.log ContextListener: contextInitialized()
21-Feb-2019 08:54:33.735 信息 [localhost-startStop-1] org.apache.catalina.core.ApplicationContext.log SessionListener: contextInitialized()
21-Feb-2019 08:54:33.735 信息 [localhost-startStop-1] org.apache.catalina.core.ApplicationContext.log ContextListener: attributeAdded('StockTicker', 'async.Stockticker@975146c')
21-Feb-2019 09:30:15.721 信息 [ContainerBackgroundProcessor[StandardEngine[Catalina]]] org.apache.catalina.core.ApplicationContext.log Destroying Spring FrameworkServlet 'SpringMVC'
21-Feb-2019 09:30:15.856 信息 [ContainerBackgroundProcessor[StandardEngine[Catalina]]] org.apache.catalina.core.ApplicationContext.log Closing Spring root WebApplicationContext
21-Feb-2019 09:30:15.890 严重 [ContainerBackgroundProcessor[StandardEngine[Catalina]]] org.apache.catalina.core.StandardContext.listenerStop Exception sending context destroyed event to listener instance of class [org.springframework.web.context.ContextLoaderListener]
 java.lang.IllegalStateException: java.io.FileNotFoundException: C:\zwy\environment\Tomcat\apache-tomcat-8.5.34\webapps\zrtjoa\WEB-INF\lib\activation-1.1.jar (系统找不到指定的路径。)
	at org.apache.catalina.webresources.AbstractSingleArchiveResourceSet.getArchiveEntry(AbstractSingleArchiveResourceSet.java:100)
	at org.apache.catalina.webresources.AbstractArchiveResourceSet.getResource(AbstractArchiveResourceSet.java:257)
	at org.apache.catalina.webresources.StandardRoot.getResourceInternal(StandardRoot.java:281)
	at org.apache.catalina.webresources.Cache.getResource(Cache.java:62)
	at org.apache.catalina.webresources.StandardRoot.getResource(StandardRoot.java:216)
	at org.apache.catalina.webresources.StandardRoot.getClassLoaderResource(StandardRoot.java:225)
	at org.apache.catalina.loader.WebappClassLoaderBase.findClassInternal(WebappClassLoaderBase.java:2226)
	at org.apache.catalina.loader.WebappClassLoaderBase.findClass(WebappClassLoaderBase.java:829)
	at org.apache.catalina.loader.WebappClassLoaderBase.loadClass(WebappClassLoaderBase.java:1278)
	at org.apache.catalina.loader.WebappClassLoaderBase.loadClass(WebappClassLoaderBase.java:1137)
	at org.springframework.web.context.ContextLoaderListener.contextDestroyed(ContextLoaderListener.java:117)
	at org.apache.catalina.core.StandardContext.listenerStop(StandardContext.java:4839)
	at org.apache.catalina.core.StandardContext.stopInternal(StandardContext.java:5478)
	at org.apache.catalina.util.LifecycleBase.stop(LifecycleBase.java:226)
	at org.apache.catalina.core.ContainerBase.removeChild(ContainerBase.java:845)
	at org.apache.catalina.startup.HostConfig.undeploy(HostConfig.java:1433)
	at org.apache.catalina.startup.HostConfig.checkResources(HostConfig.java:1341)
	at org.apache.catalina.startup.HostConfig.check(HostConfig.java:1619)
	at org.apache.catalina.startup.HostConfig.lifecycleEvent(HostConfig.java:314)
	at org.apache.catalina.util.LifecycleBase.fireLifecycleEvent(LifecycleBase.java:94)
	at org.apache.catalina.core.ContainerBase.backgroundProcess(ContainerBase.java:1167)
	at org.apache.catalina.core.ContainerBase$ContainerBackgroundProcessor.processChildren(ContainerBase.java:1389)
	at org.apache.catalina.core.ContainerBase$ContainerBackgroundProcessor.processChildren(ContainerBase.java:1393)
	at org.apache.catalina.core.ContainerBase$ContainerBackgroundProcessor.run(ContainerBase.java:1361)
	at java.lang.Thread.run(Thread.java:748)
Caused by: java.io.FileNotFoundException: C:\zwy\environment\Tomcat\apache-tomcat-8.5.34\webapps\zrtjoa\WEB-INF\lib\activation-1.1.jar (系统找不到指定的路径。)
	at java.util.zip.ZipFile.open(Native Method)
	at java.util.zip.ZipFile.<init>(ZipFile.java:225)
	at java.util.zip.ZipFile.<init>(ZipFile.java:155)
	at java.util.jar.JarFile.<init>(JarFile.java:166)
	at java.util.jar.JarFile.<init>(JarFile.java:130)
	at org.apache.tomcat.util.compat.JreCompat.jarFileNewInstance(JreCompat.java:196)
	at org.apache.tomcat.util.compat.JreCompat.jarFileNewInstance(JreCompat.java:181)
	at org.apache.catalina.webresources.AbstractArchiveResourceSet.openJarFile(AbstractArchiveResourceSet.java:308)
	at org.apache.catalina.webresources.AbstractSingleArchiveResourceSet.getArchiveEntry(AbstractSingleArchiveResourceSet.java:96)
	... 24 more

21-Feb-2019 09:30:33.416 信息 [localhost-startStop-2] org.apache.catalina.core.ApplicationContext.log No Spring WebApplicationInitializer types detected on classpath
21-Feb-2019 09:30:33.556 信息 [localhost-startStop-2] org.apache.catalina.core.ApplicationContext.log Initializing Spring root WebApplicationContext
21-Feb-2019 09:30:38.526 信息 [localhost-startStop-2] org.apache.catalina.core.ApplicationContext.log Initializing Spring FrameworkServlet 'SpringMVC'
21-Feb-2019 09:30:42.738 信息 [localhost-startStop-2] org.apache.catalina.core.ApplicationContext.log Destroying Spring FrameworkServlet 'SpringMVC'
21-Feb-2019 09:30:42.833 信息 [localhost-startStop-2] org.apache.catalina.core.ApplicationContext.log Closing Spring root WebApplicationContext
21-Feb-2019 09:30:42.979 信息 [localhost-startStop-2] org.apache.catalina.core.ApplicationContext.log SessionListener: contextDestroyed()
21-Feb-2019 09:30:42.980 信息 [localhost-startStop-2] org.apache.catalina.core.ApplicationContext.log ContextListener: contextDestroyed()
21-Feb-2019 09:30:44.603 信息 [localhost-startStop-2] org.apache.catalina.core.ApplicationContext.log Destroying Spring FrameworkServlet 'SpringMVC'
21-Feb-2019 09:30:44.609 信息 [localhost-startStop-2] org.apache.catalina.core.ApplicationContext.log Closing Spring root WebApplicationContext
21-Feb-2019 09:30:53.570 信息 [localhost-startStop-1] org.apache.catalina.core.ApplicationContext.log No Spring WebApplicationInitializer types detected on classpath
21-Feb-2019 09:30:53.693 信息 [localhost-startStop-1] org.apache.catalina.core.ApplicationContext.log Initializing Spring root WebApplicationContext
21-Feb-2019 09:30:57.925 信息 [localhost-startStop-1] org.apache.catalina.core.ApplicationContext.log Initializing Spring FrameworkServlet 'SpringMVC'
21-Feb-2019 09:31:08.496 信息 [localhost-startStop-1] org.apache.catalina.core.ApplicationContext.log No Spring WebApplicationInitializer types detected on classpath
21-Feb-2019 09:31:08.623 信息 [localhost-startStop-1] org.apache.catalina.core.ApplicationContext.log Initializing Spring root WebApplicationContext
21-Feb-2019 09:31:12.461 信息 [localhost-startStop-1] org.apache.catalina.core.ApplicationContext.log Initializing Spring FrameworkServlet 'SpringMVC'
21-Feb-2019 09:31:16.701 信息 [localhost-startStop-1] org.apache.catalina.core.ApplicationContext.log ContextListener: contextInitialized()
21-Feb-2019 09:31:16.701 信息 [localhost-startStop-1] org.apache.catalina.core.ApplicationContext.log SessionListener: contextInitialized()
21-Feb-2019 09:31:16.703 信息 [localhost-startStop-1] org.apache.catalina.core.ApplicationContext.log ContextListener: attributeAdded('StockTicker', 'async.Stockticker@5e7ea30')
21-Feb-2019 09:59:31.847 信息 [localhost-startStop-2] org.apache.catalina.core.ApplicationContext.log Destroying Spring FrameworkServlet 'SpringMVC'
21-Feb-2019 09:59:31.865 信息 [localhost-startStop-2] org.apache.catalina.core.ApplicationContext.log Closing Spring root WebApplicationContext
21-Feb-2019 09:59:31.922 信息 [localhost-startStop-2] org.apache.catalina.core.ApplicationContext.log SessionListener: contextDestroyed()
21-Feb-2019 09:59:31.922 信息 [localhost-startStop-2] org.apache.catalina.core.ApplicationContext.log ContextListener: contextDestroyed()
21-Feb-2019 09:59:31.937 信息 [localhost-startStop-2] org.apache.catalina.core.ApplicationContext.log Destroying Spring FrameworkServlet 'SpringMVC'
21-Feb-2019 09:59:31.944 信息 [localhost-startStop-2] org.apache.catalina.core.ApplicationContext.log Closing Spring root WebApplicationContext
21-Feb-2019 09:59:43.300 信息 [localhost-startStop-1] org.apache.catalina.core.ApplicationContext.log No Spring WebApplicationInitializer types detected on classpath
21-Feb-2019 09:59:43.431 信息 [localhost-startStop-1] org.apache.catalina.core.ApplicationContext.log Initializing Spring root WebApplicationContext
21-Feb-2019 09:59:47.980 信息 [localhost-startStop-1] org.apache.catalina.core.ApplicationContext.log Initializing Spring FrameworkServlet 'SpringMVC'
21-Feb-2019 09:59:59.877 信息 [localhost-startStop-1] org.apache.catalina.core.ApplicationContext.log No Spring WebApplicationInitializer types detected on classpath
21-Feb-2019 10:00:00.001 信息 [localhost-startStop-1] org.apache.catalina.core.ApplicationContext.log Initializing Spring root WebApplicationContext
21-Feb-2019 10:00:03.897 信息 [localhost-startStop-1] org.apache.catalina.core.ApplicationContext.log Initializing Spring FrameworkServlet 'SpringMVC'
21-Feb-2019 10:00:10.519 信息 [localhost-startStop-1] org.apache.catalina.core.ApplicationContext.log ContextListener: contextInitialized()
21-Feb-2019 10:00:10.520 信息 [localhost-startStop-1] org.apache.catalina.core.ApplicationContext.log SessionListener: contextInitialized()
21-Feb-2019 10:00:10.522 信息 [localhost-startStop-1] org.apache.catalina.core.ApplicationContext.log ContextListener: attributeAdded('StockTicker', 'async.Stockticker@794f79a9')
