28-Feb-2019 09:06:01.619 信息 [localhost-startStop-1] org.apache.catalina.core.ApplicationContext.log No Spring WebApplicationInitializer types detected on classpath
28-Feb-2019 09:06:01.754 信息 [localhost-startStop-1] org.apache.catalina.core.ApplicationContext.log Initializing Spring root WebApplicationContext
28-Feb-2019 09:06:06.217 信息 [localhost-startStop-1] org.apache.catalina.core.ApplicationContext.log Initializing Spring FrameworkServlet 'SpringMVC'
28-Feb-2019 09:06:14.970 信息 [localhost-startStop-1] org.apache.catalina.core.ApplicationContext.log No Spring WebApplicationInitializer types detected on classpath
28-Feb-2019 09:06:15.115 信息 [localhost-startStop-1] org.apache.catalina.core.ApplicationContext.log Initializing Spring root WebApplicationContext
28-Feb-2019 09:06:19.035 信息 [localhost-startStop-1] org.apache.catalina.core.ApplicationContext.log Initializing Spring FrameworkServlet 'SpringMVC'
28-Feb-2019 09:06:23.967 信息 [localhost-startStop-1] org.apache.catalina.core.ApplicationContext.log ContextListener: contextInitialized()
28-Feb-2019 09:06:23.967 信息 [localhost-startStop-1] org.apache.catalina.core.ApplicationContext.log SessionListener: contextInitialized()
28-Feb-2019 09:06:23.969 信息 [localhost-startStop-1] org.apache.catalina.core.ApplicationContext.log ContextListener: attributeAdded('StockTicker', 'async.Stockticker@3fb2ba7e')
28-Feb-2019 10:26:09.648 信息 [ContainerBackgroundProcessor[StandardEngine[Catalina]]] org.apache.catalina.core.ApplicationContext.log Destroying Spring FrameworkServlet 'SpringMVC'
28-Feb-2019 10:26:09.806 信息 [ContainerBackgroundProcessor[StandardEngine[Catalina]]] org.apache.catalina.core.ApplicationContext.log Closing Spring root WebApplicationContext
28-Feb-2019 10:26:09.863 严重 [ContainerBackgroundProcessor[StandardEngine[Catalina]]] org.apache.catalina.core.StandardContext.listenerStop Exception sending context destroyed event to listener instance of class [org.springframework.web.context.ContextLoaderListener]
 java.lang.IllegalStateException: java.io.FileNotFoundException: C:\zwy\environment\Tomcat\apache-tomcat-8.5.34\webapps\zrtjoa\WEB-INF\lib\activation-1.1.jar (系统找不到指定的路径。)
	at org.apache.catalina.webresources.AbstractSingleArchiveResourceSet.getArchiveEntry(AbstractSingleArchiveResourceSet.java:100)
	at org.apache.catalina.webresources.AbstractArchiveResourceSet.getResource(AbstractArchiveResourceSet.java:257)
	at org.apache.catalina.webresources.StandardRoot.getResourceInternal(StandardRoot.java:281)
	at org.apache.catalina.webresources.Cache.getResource(Cache.java:62)
	at org.apache.catalina.webresources.StandardRoot.getResource(StandardRoot.java:216)
	at org.apache.catalina.webresources.StandardRoot.getClassLoaderResource(StandardRoot.java:225)
	at org.apache.catalina.loader.WebappClassLoaderBase.findClassInternal(WebappClassLoaderBase.java:2226)
	at org.apache.catalina.loader.WebappClassLoaderBase.findClass(WebappClassLoaderBase.java:829)
	at org.apache.catalina.loader.WebappClassLoaderBase.loadClass(WebappClassLoaderBase.java:1278)
	at org.apache.catalina.loader.WebappClassLoaderBase.loadClass(WebappClassLoaderBase.java:1137)
	at org.springframework.web.context.ContextLoaderListener.contextDestroyed(ContextLoaderListener.java:117)
	at org.apache.catalina.core.StandardContext.listenerStop(StandardContext.java:4839)
	at org.apache.catalina.core.StandardContext.stopInternal(StandardContext.java:5478)
	at org.apache.catalina.util.LifecycleBase.stop(LifecycleBase.java:226)
	at org.apache.catalina.core.ContainerBase.removeChild(ContainerBase.java:845)
	at org.apache.catalina.startup.HostConfig.undeploy(HostConfig.java:1433)
	at org.apache.catalina.startup.HostConfig.checkResources(HostConfig.java:1359)
	at org.apache.catalina.startup.HostConfig.check(HostConfig.java:1619)
	at org.apache.catalina.startup.HostConfig.lifecycleEvent(HostConfig.java:314)
	at org.apache.catalina.util.LifecycleBase.fireLifecycleEvent(LifecycleBase.java:94)
	at org.apache.catalina.core.ContainerBase.backgroundProcess(ContainerBase.java:1167)
	at org.apache.catalina.core.ContainerBase$ContainerBackgroundProcessor.processChildren(ContainerBase.java:1389)
	at org.apache.catalina.core.ContainerBase$ContainerBackgroundProcessor.processChildren(ContainerBase.java:1393)
	at org.apache.catalina.core.ContainerBase$ContainerBackgroundProcessor.run(ContainerBase.java:1361)
	at java.lang.Thread.run(Thread.java:748)
Caused by: java.io.FileNotFoundException: C:\zwy\environment\Tomcat\apache-tomcat-8.5.34\webapps\zrtjoa\WEB-INF\lib\activation-1.1.jar (系统找不到指定的路径。)
	at java.util.zip.ZipFile.open(Native Method)
	at java.util.zip.ZipFile.<init>(ZipFile.java:225)
	at java.util.zip.ZipFile.<init>(ZipFile.java:155)
	at java.util.jar.JarFile.<init>(JarFile.java:166)
	at java.util.jar.JarFile.<init>(JarFile.java:130)
	at org.apache.tomcat.util.compat.JreCompat.jarFileNewInstance(JreCompat.java:196)
	at org.apache.tomcat.util.compat.JreCompat.jarFileNewInstance(JreCompat.java:181)
	at org.apache.catalina.webresources.AbstractArchiveResourceSet.openJarFile(AbstractArchiveResourceSet.java:308)
	at org.apache.catalina.webresources.AbstractSingleArchiveResourceSet.getArchiveEntry(AbstractSingleArchiveResourceSet.java:96)
	... 24 more

28-Feb-2019 10:27:19.984 信息 [localhost-startStop-1] org.apache.catalina.core.ApplicationContext.log No Spring WebApplicationInitializer types detected on classpath
28-Feb-2019 10:27:20.580 信息 [localhost-startStop-1] org.apache.catalina.core.ApplicationContext.log Initializing Spring root WebApplicationContext
28-Feb-2019 10:27:38.647 信息 [localhost-startStop-1] org.apache.catalina.core.ApplicationContext.log Initializing Spring FrameworkServlet 'SpringMVC'
28-Feb-2019 10:28:07.638 信息 [localhost-startStop-1] org.apache.catalina.core.ApplicationContext.log No Spring WebApplicationInitializer types detected on classpath
28-Feb-2019 10:28:07.874 信息 [localhost-startStop-1] org.apache.catalina.core.ApplicationContext.log Initializing Spring root WebApplicationContext
28-Feb-2019 10:28:15.819 信息 [localhost-startStop-1] org.apache.catalina.core.ApplicationContext.log Initializing Spring FrameworkServlet 'SpringMVC'
28-Feb-2019 10:28:27.663 信息 [localhost-startStop-1] org.apache.catalina.core.ApplicationContext.log ContextListener: contextInitialized()
28-Feb-2019 10:28:27.663 信息 [localhost-startStop-1] org.apache.catalina.core.ApplicationContext.log SessionListener: contextInitialized()
28-Feb-2019 10:28:27.666 信息 [localhost-startStop-1] org.apache.catalina.core.ApplicationContext.log ContextListener: attributeAdded('StockTicker', 'async.Stockticker@5f92726')
28-Feb-2019 10:34:30.915 信息 [localhost-startStop-2] org.apache.catalina.core.ApplicationContext.log Destroying Spring FrameworkServlet 'SpringMVC'
28-Feb-2019 10:34:30.951 信息 [localhost-startStop-2] org.apache.catalina.core.ApplicationContext.log Closing Spring root WebApplicationContext
28-Feb-2019 10:34:32.092 信息 [localhost-startStop-2] org.apache.catalina.core.ApplicationContext.log SessionListener: contextDestroyed()
28-Feb-2019 10:34:32.093 信息 [localhost-startStop-2] org.apache.catalina.core.ApplicationContext.log ContextListener: contextDestroyed()
28-Feb-2019 10:34:32.110 信息 [localhost-startStop-2] org.apache.catalina.core.ApplicationContext.log Destroying Spring FrameworkServlet 'SpringMVC'
28-Feb-2019 10:34:32.122 信息 [localhost-startStop-2] org.apache.catalina.core.ApplicationContext.log Closing Spring root WebApplicationContext
28-Feb-2019 10:34:42.595 信息 [localhost-startStop-1] org.apache.catalina.core.ApplicationContext.log No Spring WebApplicationInitializer types detected on classpath
28-Feb-2019 10:34:42.730 信息 [localhost-startStop-1] org.apache.catalina.core.ApplicationContext.log Initializing Spring root WebApplicationContext
28-Feb-2019 10:34:47.450 信息 [localhost-startStop-1] org.apache.catalina.core.ApplicationContext.log Initializing Spring FrameworkServlet 'SpringMVC'
28-Feb-2019 10:34:58.715 信息 [localhost-startStop-1] org.apache.catalina.core.ApplicationContext.log No Spring WebApplicationInitializer types detected on classpath
28-Feb-2019 10:34:58.831 信息 [localhost-startStop-1] org.apache.catalina.core.ApplicationContext.log Initializing Spring root WebApplicationContext
28-Feb-2019 10:35:02.727 信息 [localhost-startStop-1] org.apache.catalina.core.ApplicationContext.log Initializing Spring FrameworkServlet 'SpringMVC'
28-Feb-2019 10:35:06.771 信息 [localhost-startStop-1] org.apache.catalina.core.ApplicationContext.log ContextListener: contextInitialized()
28-Feb-2019 10:35:06.771 信息 [localhost-startStop-1] org.apache.catalina.core.ApplicationContext.log SessionListener: contextInitialized()
28-Feb-2019 10:35:06.772 信息 [localhost-startStop-1] org.apache.catalina.core.ApplicationContext.log ContextListener: attributeAdded('StockTicker', 'async.Stockticker@2413d622')
28-Feb-2019 11:04:48.860 信息 [ContainerBackgroundProcessor[StandardEngine[Catalina]]] org.apache.catalina.core.ApplicationContext.log Destroying Spring FrameworkServlet 'SpringMVC'
28-Feb-2019 11:04:48.885 信息 [ContainerBackgroundProcessor[StandardEngine[Catalina]]] org.apache.catalina.core.ApplicationContext.log Closing Spring root WebApplicationContext
28-Feb-2019 11:04:48.894 严重 [ContainerBackgroundProcessor[StandardEngine[Catalina]]] org.apache.catalina.core.StandardContext.listenerStop Exception sending context destroyed event to listener instance of class [org.springframework.web.context.ContextLoaderListener]
 java.lang.IllegalStateException: java.io.FileNotFoundException: C:\zwy\environment\Tomcat\apache-tomcat-8.5.34\webapps\zrtjoa\WEB-INF\lib\activation-1.1.jar (系统找不到指定的路径。)
	at org.apache.catalina.webresources.AbstractSingleArchiveResourceSet.getArchiveEntry(AbstractSingleArchiveResourceSet.java:100)
	at org.apache.catalina.webresources.AbstractArchiveResourceSet.getResource(AbstractArchiveResourceSet.java:257)
	at org.apache.catalina.webresources.StandardRoot.getResourceInternal(StandardRoot.java:281)
	at org.apache.catalina.webresources.Cache.getResource(Cache.java:62)
	at org.apache.catalina.webresources.StandardRoot.getResource(StandardRoot.java:216)
	at org.apache.catalina.webresources.StandardRoot.getClassLoaderResource(StandardRoot.java:225)
	at org.apache.catalina.loader.WebappClassLoaderBase.findClassInternal(WebappClassLoaderBase.java:2226)
	at org.apache.catalina.loader.WebappClassLoaderBase.findClass(WebappClassLoaderBase.java:829)
	at org.apache.catalina.loader.WebappClassLoaderBase.loadClass(WebappClassLoaderBase.java:1278)
	at org.apache.catalina.loader.WebappClassLoaderBase.loadClass(WebappClassLoaderBase.java:1137)
	at org.springframework.web.context.ContextLoaderListener.contextDestroyed(ContextLoaderListener.java:117)
	at org.apache.catalina.core.StandardContext.listenerStop(StandardContext.java:4839)
	at org.apache.catalina.core.StandardContext.stopInternal(StandardContext.java:5478)
	at org.apache.catalina.util.LifecycleBase.stop(LifecycleBase.java:226)
	at org.apache.catalina.core.ContainerBase.removeChild(ContainerBase.java:845)
	at org.apache.catalina.startup.HostConfig.undeploy(HostConfig.java:1433)
	at org.apache.catalina.startup.HostConfig.checkResources(HostConfig.java:1359)
	at org.apache.catalina.startup.HostConfig.check(HostConfig.java:1619)
	at org.apache.catalina.startup.HostConfig.lifecycleEvent(HostConfig.java:314)
	at org.apache.catalina.util.LifecycleBase.fireLifecycleEvent(LifecycleBase.java:94)
	at org.apache.catalina.core.ContainerBase.backgroundProcess(ContainerBase.java:1167)
	at org.apache.catalina.core.ContainerBase$ContainerBackgroundProcessor.processChildren(ContainerBase.java:1389)
	at org.apache.catalina.core.ContainerBase$ContainerBackgroundProcessor.processChildren(ContainerBase.java:1393)
	at org.apache.catalina.core.ContainerBase$ContainerBackgroundProcessor.run(ContainerBase.java:1361)
	at java.lang.Thread.run(Thread.java:748)
Caused by: java.io.FileNotFoundException: C:\zwy\environment\Tomcat\apache-tomcat-8.5.34\webapps\zrtjoa\WEB-INF\lib\activation-1.1.jar (系统找不到指定的路径。)
	at java.util.zip.ZipFile.open(Native Method)
	at java.util.zip.ZipFile.<init>(ZipFile.java:225)
	at java.util.zip.ZipFile.<init>(ZipFile.java:155)
	at java.util.jar.JarFile.<init>(JarFile.java:166)
	at java.util.jar.JarFile.<init>(JarFile.java:130)
	at org.apache.tomcat.util.compat.JreCompat.jarFileNewInstance(JreCompat.java:196)
	at org.apache.tomcat.util.compat.JreCompat.jarFileNewInstance(JreCompat.java:181)
	at org.apache.catalina.webresources.AbstractArchiveResourceSet.openJarFile(AbstractArchiveResourceSet.java:308)
	at org.apache.catalina.webresources.AbstractSingleArchiveResourceSet.getArchiveEntry(AbstractSingleArchiveResourceSet.java:96)
	... 24 more

28-Feb-2019 11:05:21.856 信息 [localhost-startStop-1] org.apache.catalina.core.ApplicationContext.log ContextListener: contextInitialized()
28-Feb-2019 11:05:21.856 信息 [localhost-startStop-1] org.apache.catalina.core.ApplicationContext.log SessionListener: contextInitialized()
28-Feb-2019 11:05:21.858 信息 [localhost-startStop-1] org.apache.catalina.core.ApplicationContext.log ContextListener: attributeAdded('StockTicker', 'async.Stockticker@6e58d6e0')
28-Feb-2019 11:11:51.652 信息 [localhost-startStop-2] org.apache.catalina.core.ApplicationContext.log SessionListener: contextDestroyed()
28-Feb-2019 11:11:51.653 信息 [localhost-startStop-2] org.apache.catalina.core.ApplicationContext.log ContextListener: contextDestroyed()
28-Feb-2019 11:12:13.635 信息 [localhost-startStop-1] org.apache.catalina.core.ApplicationContext.log ContextListener: contextInitialized()
28-Feb-2019 11:12:13.636 信息 [localhost-startStop-1] org.apache.catalina.core.ApplicationContext.log SessionListener: contextInitialized()
28-Feb-2019 11:12:13.638 信息 [localhost-startStop-1] org.apache.catalina.core.ApplicationContext.log ContextListener: attributeAdded('StockTicker', 'async.Stockticker@6e58d6e0')
28-Feb-2019 11:14:16.214 信息 [localhost-startStop-2] org.apache.catalina.core.ApplicationContext.log SessionListener: contextDestroyed()
28-Feb-2019 11:14:16.214 信息 [localhost-startStop-2] org.apache.catalina.core.ApplicationContext.log ContextListener: contextDestroyed()
28-Feb-2019 11:16:03.794 信息 [localhost-startStop-1] org.apache.catalina.core.ApplicationContext.log ContextListener: contextInitialized()
28-Feb-2019 11:16:03.794 信息 [localhost-startStop-1] org.apache.catalina.core.ApplicationContext.log SessionListener: contextInitialized()
28-Feb-2019 11:16:03.797 信息 [localhost-startStop-1] org.apache.catalina.core.ApplicationContext.log ContextListener: attributeAdded('StockTicker', 'async.Stockticker@2ad102a4')
28-Feb-2019 11:16:04.365 信息 [localhost-startStop-1] org.apache.catalina.core.ApplicationContext.log SessionListener: contextDestroyed()
28-Feb-2019 11:16:04.366 信息 [localhost-startStop-1] org.apache.catalina.core.ApplicationContext.log ContextListener: contextDestroyed()
28-Feb-2019 11:16:26.064 信息 [localhost-startStop-1] org.apache.catalina.core.ApplicationContext.log No Spring WebApplicationInitializer types detected on classpath
28-Feb-2019 11:16:26.340 信息 [localhost-startStop-1] org.apache.catalina.core.ApplicationContext.log Initializing Spring root WebApplicationContext
28-Feb-2019 11:16:33.545 信息 [localhost-startStop-1] org.apache.catalina.core.ApplicationContext.log Initializing Spring FrameworkServlet 'SpringMVC'
28-Feb-2019 11:16:46.144 信息 [localhost-startStop-1] org.apache.catalina.core.ApplicationContext.log No Spring WebApplicationInitializer types detected on classpath
28-Feb-2019 11:16:46.287 信息 [localhost-startStop-1] org.apache.catalina.core.ApplicationContext.log Initializing Spring root WebApplicationContext
28-Feb-2019 11:16:53.151 信息 [localhost-startStop-1] org.apache.catalina.core.ApplicationContext.log Initializing Spring FrameworkServlet 'SpringMVC'
28-Feb-2019 11:16:58.255 信息 [localhost-startStop-1] org.apache.catalina.core.ApplicationContext.log ContextListener: contextInitialized()
28-Feb-2019 11:16:58.255 信息 [localhost-startStop-1] org.apache.catalina.core.ApplicationContext.log SessionListener: contextInitialized()
28-Feb-2019 11:16:58.257 信息 [localhost-startStop-1] org.apache.catalina.core.ApplicationContext.log ContextListener: attributeAdded('StockTicker', 'async.Stockticker@1234261c')
28-Feb-2019 11:16:58.821 信息 [localhost-startStop-1] org.apache.catalina.core.ApplicationContext.log Destroying Spring FrameworkServlet 'SpringMVC'
28-Feb-2019 11:16:58.839 信息 [localhost-startStop-1] org.apache.catalina.core.ApplicationContext.log Closing Spring root WebApplicationContext
28-Feb-2019 11:16:58.884 信息 [localhost-startStop-1] org.apache.catalina.core.ApplicationContext.log SessionListener: contextDestroyed()
28-Feb-2019 11:16:58.885 信息 [localhost-startStop-1] org.apache.catalina.core.ApplicationContext.log ContextListener: contextDestroyed()
28-Feb-2019 11:16:58.900 信息 [localhost-startStop-1] org.apache.catalina.core.ApplicationContext.log Destroying Spring FrameworkServlet 'SpringMVC'
28-Feb-2019 11:16:58.906 信息 [localhost-startStop-1] org.apache.catalina.core.ApplicationContext.log Closing Spring root WebApplicationContext
28-Feb-2019 11:17:17.242 信息 [localhost-startStop-1] org.apache.catalina.core.ApplicationContext.log No Spring WebApplicationInitializer types detected on classpath
28-Feb-2019 11:17:17.400 信息 [localhost-startStop-1] org.apache.catalina.core.ApplicationContext.log Initializing Spring root WebApplicationContext
28-Feb-2019 11:17:21.864 信息 [localhost-startStop-1] org.apache.catalina.core.ApplicationContext.log Initializing Spring FrameworkServlet 'SpringMVC'
28-Feb-2019 11:17:33.599 信息 [localhost-startStop-1] org.apache.catalina.core.ApplicationContext.log No Spring WebApplicationInitializer types detected on classpath
28-Feb-2019 11:17:33.747 信息 [localhost-startStop-1] org.apache.catalina.core.ApplicationContext.log Initializing Spring root WebApplicationContext
28-Feb-2019 11:17:38.028 信息 [localhost-startStop-1] org.apache.catalina.core.ApplicationContext.log Initializing Spring FrameworkServlet 'SpringMVC'
28-Feb-2019 11:17:44.008 信息 [localhost-startStop-1] org.apache.catalina.core.ApplicationContext.log ContextListener: contextInitialized()
28-Feb-2019 11:17:44.008 信息 [localhost-startStop-1] org.apache.catalina.core.ApplicationContext.log SessionListener: contextInitialized()
28-Feb-2019 11:17:44.011 信息 [localhost-startStop-1] org.apache.catalina.core.ApplicationContext.log ContextListener: attributeAdded('StockTicker', 'async.Stockticker@73ce07a7')
28-Feb-2019 11:17:44.664 信息 [localhost-startStop-1] org.apache.catalina.core.ApplicationContext.log Destroying Spring FrameworkServlet 'SpringMVC'
28-Feb-2019 11:17:44.677 信息 [localhost-startStop-1] org.apache.catalina.core.ApplicationContext.log Closing Spring root WebApplicationContext
28-Feb-2019 11:17:44.725 信息 [localhost-startStop-1] org.apache.catalina.core.ApplicationContext.log SessionListener: contextDestroyed()
28-Feb-2019 11:17:44.725 信息 [localhost-startStop-1] org.apache.catalina.core.ApplicationContext.log ContextListener: contextDestroyed()
28-Feb-2019 11:17:44.742 信息 [localhost-startStop-1] org.apache.catalina.core.ApplicationContext.log Destroying Spring FrameworkServlet 'SpringMVC'
28-Feb-2019 11:17:44.748 信息 [localhost-startStop-1] org.apache.catalina.core.ApplicationContext.log Closing Spring root WebApplicationContext
28-Feb-2019 11:19:15.840 信息 [localhost-startStop-1] org.apache.catalina.core.ApplicationContext.log No Spring WebApplicationInitializer types detected on classpath
28-Feb-2019 11:19:15.965 信息 [localhost-startStop-1] org.apache.catalina.core.ApplicationContext.log Initializing Spring root WebApplicationContext
28-Feb-2019 11:19:20.507 信息 [localhost-startStop-1] org.apache.catalina.core.ApplicationContext.log Initializing Spring FrameworkServlet 'SpringMVC'
28-Feb-2019 11:19:32.263 信息 [localhost-startStop-1] org.apache.catalina.core.ApplicationContext.log No Spring WebApplicationInitializer types detected on classpath
28-Feb-2019 11:19:32.383 信息 [localhost-startStop-1] org.apache.catalina.core.ApplicationContext.log Initializing Spring root WebApplicationContext
28-Feb-2019 11:19:36.490 信息 [localhost-startStop-1] org.apache.catalina.core.ApplicationContext.log Initializing Spring FrameworkServlet 'SpringMVC'
28-Feb-2019 11:19:40.801 信息 [localhost-startStop-1] org.apache.catalina.core.ApplicationContext.log ContextListener: contextInitialized()
28-Feb-2019 11:19:40.801 信息 [localhost-startStop-1] org.apache.catalina.core.ApplicationContext.log SessionListener: contextInitialized()
28-Feb-2019 11:19:40.803 信息 [localhost-startStop-1] org.apache.catalina.core.ApplicationContext.log ContextListener: attributeAdded('StockTicker', 'async.Stockticker@2d9be02')
28-Feb-2019 11:27:28.770 信息 [localhost-startStop-1] org.apache.catalina.core.ApplicationContext.log No Spring WebApplicationInitializer types detected on classpath
28-Feb-2019 11:27:28.893 信息 [localhost-startStop-1] org.apache.catalina.core.ApplicationContext.log Initializing Spring root WebApplicationContext
28-Feb-2019 11:27:33.463 信息 [localhost-startStop-1] org.apache.catalina.core.ApplicationContext.log Initializing Spring FrameworkServlet 'SpringMVC'
28-Feb-2019 11:27:44.986 信息 [localhost-startStop-1] org.apache.catalina.core.ApplicationContext.log No Spring WebApplicationInitializer types detected on classpath
28-Feb-2019 11:27:45.096 信息 [localhost-startStop-1] org.apache.catalina.core.ApplicationContext.log Initializing Spring root WebApplicationContext
28-Feb-2019 11:27:49.366 信息 [localhost-startStop-1] org.apache.catalina.core.ApplicationContext.log Initializing Spring FrameworkServlet 'SpringMVC'
28-Feb-2019 11:27:53.632 信息 [localhost-startStop-1] org.apache.catalina.core.ApplicationContext.log ContextListener: contextInitialized()
28-Feb-2019 11:27:53.632 信息 [localhost-startStop-1] org.apache.catalina.core.ApplicationContext.log SessionListener: contextInitialized()
28-Feb-2019 11:27:53.634 信息 [localhost-startStop-1] org.apache.catalina.core.ApplicationContext.log ContextListener: attributeAdded('StockTicker', 'async.Stockticker@e5cd633')
28-Feb-2019 11:34:39.496 信息 [localhost-startStop-1] org.apache.catalina.core.ApplicationContext.log No Spring WebApplicationInitializer types detected on classpath
28-Feb-2019 11:34:39.622 信息 [localhost-startStop-1] org.apache.catalina.core.ApplicationContext.log Initializing Spring root WebApplicationContext
28-Feb-2019 11:34:43.863 信息 [localhost-startStop-1] org.apache.catalina.core.ApplicationContext.log Initializing Spring FrameworkServlet 'SpringMVC'
28-Feb-2019 11:34:54.759 信息 [localhost-startStop-1] org.apache.catalina.core.ApplicationContext.log No Spring WebApplicationInitializer types detected on classpath
28-Feb-2019 11:34:54.879 信息 [localhost-startStop-1] org.apache.catalina.core.ApplicationContext.log Initializing Spring root WebApplicationContext
28-Feb-2019 11:34:58.729 信息 [localhost-startStop-1] org.apache.catalina.core.ApplicationContext.log Initializing Spring FrameworkServlet 'SpringMVC'
28-Feb-2019 11:35:02.814 信息 [localhost-startStop-1] org.apache.catalina.core.ApplicationContext.log ContextListener: contextInitialized()
28-Feb-2019 11:35:02.814 信息 [localhost-startStop-1] org.apache.catalina.core.ApplicationContext.log SessionListener: contextInitialized()
28-Feb-2019 11:35:02.816 信息 [localhost-startStop-1] org.apache.catalina.core.ApplicationContext.log ContextListener: attributeAdded('StockTicker', 'async.Stockticker@18cd2334')
28-Feb-2019 11:46:21.606 信息 [localhost-startStop-1] org.apache.catalina.core.ApplicationContext.log No Spring WebApplicationInitializer types detected on classpath
28-Feb-2019 11:46:21.747 信息 [localhost-startStop-1] org.apache.catalina.core.ApplicationContext.log Initializing Spring root WebApplicationContext
28-Feb-2019 11:46:26.332 信息 [localhost-startStop-1] org.apache.catalina.core.ApplicationContext.log Initializing Spring FrameworkServlet 'SpringMVC'
28-Feb-2019 11:46:30.896 信息 [localhost-startStop-1] org.apache.catalina.core.ApplicationContext.log ContextListener: contextInitialized()
28-Feb-2019 11:46:30.896 信息 [localhost-startStop-1] org.apache.catalina.core.ApplicationContext.log SessionListener: contextInitialized()
28-Feb-2019 11:46:30.899 信息 [localhost-startStop-1] org.apache.catalina.core.ApplicationContext.log ContextListener: attributeAdded('StockTicker', 'async.Stockticker@25c692c4')
28-Feb-2019 11:48:04.542 信息 [localhost-startStop-2] org.apache.catalina.core.ApplicationContext.log SessionListener: contextDestroyed()
28-Feb-2019 11:48:04.542 信息 [localhost-startStop-2] org.apache.catalina.core.ApplicationContext.log ContextListener: contextDestroyed()
28-Feb-2019 11:48:04.558 信息 [localhost-startStop-2] org.apache.catalina.core.ApplicationContext.log Destroying Spring FrameworkServlet 'SpringMVC'
28-Feb-2019 11:48:04.566 信息 [localhost-startStop-2] org.apache.catalina.core.ApplicationContext.log Closing Spring root WebApplicationContext
28-Feb-2019 11:48:18.290 信息 [localhost-startStop-1] org.apache.catalina.core.ApplicationContext.log No Spring WebApplicationInitializer types detected on classpath
28-Feb-2019 11:48:18.505 信息 [localhost-startStop-1] org.apache.catalina.core.ApplicationContext.log Initializing Spring root WebApplicationContext
28-Feb-2019 11:48:22.945 信息 [localhost-startStop-1] org.apache.catalina.core.ApplicationContext.log Initializing Spring FrameworkServlet 'SpringMVC'
28-Feb-2019 11:48:34.565 信息 [localhost-startStop-1] org.apache.catalina.core.ApplicationContext.log No Spring WebApplicationInitializer types detected on classpath
28-Feb-2019 11:48:34.688 信息 [localhost-startStop-1] org.apache.catalina.core.ApplicationContext.log Initializing Spring root WebApplicationContext
28-Feb-2019 11:48:38.852 信息 [localhost-startStop-1] org.apache.catalina.core.ApplicationContext.log Initializing Spring FrameworkServlet 'SpringMVC'
28-Feb-2019 11:48:43.009 信息 [localhost-startStop-1] org.apache.catalina.core.ApplicationContext.log ContextListener: contextInitialized()
28-Feb-2019 11:48:43.009 信息 [localhost-startStop-1] org.apache.catalina.core.ApplicationContext.log SessionListener: contextInitialized()
28-Feb-2019 11:48:43.010 信息 [localhost-startStop-1] org.apache.catalina.core.ApplicationContext.log ContextListener: attributeAdded('StockTicker', 'async.Stockticker@18cd2334')
